---------------------------------------------------------------
[ 2019-04-22T09:14:47+08:00 ] 127.0.0.1 GET www.mytest.com/admin
[运行时间：0.484452s] [吞吐率：2.06req/s] [内存消耗：2,254.77kb] [文件加载：98]
[ info ] [ LANG ] D:\phpstudy\PHPTutorial\WWW\project\thinkphp\lang\zh-cn.php
[ info ] [ ROUTE ] array (
)
[ info ] [ HEADER ] array (
  'accept-language' => 'zh-CN,zh;q=0.9',
  'accept-encoding' => 'gzip, deflate',
  'accept' => 'text/html,application/xhtml+xml,application/xml;q=0.9,image/webp,image/apng,*/*;q=0.8',
  'user-agent' => 'Mozilla/5.0 (Windows NT 10.0; WOW64) AppleWebKit/537.36 (KHTML, like Gecko) Chrome/69.0.3497.81 Safari/537.36',
  'upgrade-insecure-requests' => '1',
  'purpose' => 'prefetch',
  'connection' => 'close',
  'host' => 'www.mytest.com',
)
[ info ] [ PARAM ] array (
  '/admin' => '',
)
---------------------------------------------------------------
[ 2019-04-22T11:47:39+08:00 ] 127.0.0.1 GET www.mytest.com/login
[运行时间：0.218136s] [吞吐率：4.58req/s] [内存消耗：2,296.49kb] [文件加载：100]
[ info ] [ LANG ] D:\phpstudy\PHPTutorial\WWW\project\thinkphp\lang\zh-cn.php
[ info ] [ ROUTE ] array (
  'rule' => 'login',
  'route' => 'index/Index/login',
  'option' => 
  array (
    'merge_rule_regex' => false,
  ),
  'var' => 
  array (
  ),
)
[ info ] [ HEADER ] array (
  'accept-language' => 'zh-CN,zh;q=0.9',
  'accept-encoding' => 'gzip, deflate',
  'accept' => 'text/html,application/xhtml+xml,application/xml;q=0.9,image/webp,image/apng,*/*;q=0.8',
  'user-agent' => 'Mozilla/5.0 (Windows NT 10.0; WOW64) AppleWebKit/537.36 (KHTML, like Gecko) Chrome/69.0.3497.81 Safari/537.36',
  'upgrade-insecure-requests' => '1',
  'purpose' => 'prefetch',
  'connection' => 'close',
  'host' => 'www.mytest.com',
)
[ info ] [ PARAM ] array (
  '/login' => '',
)
[ info ] [ VIEW ] D:\phpstudy\PHPTutorial\WWW\project\application\index\view\index\login.html [ array (
) ]
---------------------------------------------------------------
[ 2019-04-22T11:47:39+08:00 ] 127.0.0.1 GET www.mytest.com/static/css/function.css
[运行时间：0.170459s] [吞吐率：5.87req/s] [内存消耗：1,958.58kb] [文件加载：94]
[ info ] [ LANG ] D:\phpstudy\PHPTutorial\WWW\project\thinkphp\lang\zh-cn.php
---------------------------------------------------------------
[ 2019-04-22T11:47:39+08:00 ] 127.0.0.1 GET www.mytest.com/login
[运行时间：0.193824s] [吞吐率：5.16req/s] [内存消耗：2,296.48kb] [文件加载：100]
[ info ] [ LANG ] D:\phpstudy\PHPTutorial\WWW\project\thinkphp\lang\zh-cn.php
[ info ] [ ROUTE ] array (
  'rule' => 'login',
  'route' => 'index/Index/login',
  'option' => 
  array (
    'merge_rule_regex' => false,
  ),
  'var' => 
  array (
  ),
)
[ info ] [ HEADER ] array (
  'cookie' => 'PHPSESSID=vla9mdnij47gl0r43k5pc9v3k2',
  'accept-language' => 'zh-CN,zh;q=0.9',
  'accept-encoding' => 'gzip, deflate',
  'accept' => 'text/html,application/xhtml+xml,application/xml;q=0.9,image/webp,image/apng,*/*;q=0.8',
  'user-agent' => 'Mozilla/5.0 (Windows NT 10.0; WOW64) AppleWebKit/537.36 (KHTML, like Gecko) Chrome/69.0.3497.81 Safari/537.36',
  'upgrade-insecure-requests' => '1',
  'connection' => 'close',
  'host' => 'www.mytest.com',
)
[ info ] [ PARAM ] array (
  '/login' => '',
)
[ info ] [ VIEW ] D:\phpstudy\PHPTutorial\WWW\project\application\index\view\index\login.html [ array (
) ]
---------------------------------------------------------------
[ 2019-04-22T11:47:48+08:00 ] 127.0.0.1 POST www.mytest.com/index/index/postLogin
[运行时间：0.701539s] [吞吐率：1.43req/s] [内存消耗：3,336.56kb] [文件加载：114]
[ info ] [ LANG ] D:\phpstudy\PHPTutorial\WWW\project\thinkphp\lang\zh-cn.php
[ info ] [ ROUTE ] array (
  'rule' => 'index/index/postLogin',
  'route' => 'index/Index/postLogin',
  'option' => 
  array (
    'merge_rule_regex' => false,
  ),
  'var' => 
  array (
  ),
)
[ info ] [ HEADER ] array (
  'cookie' => 'PHPSESSID=vla9mdnij47gl0r43k5pc9v3k2',
  'accept-language' => 'zh-CN,zh;q=0.9',
  'accept-encoding' => 'gzip, deflate',
  'referer' => 'http://www.mytest.com/login',
  'content-type' => 'application/x-www-form-urlencoded; charset=UTF-8',
  'user-agent' => 'Mozilla/5.0 (Windows NT 10.0; WOW64) AppleWebKit/537.36 (KHTML, like Gecko) Chrome/69.0.3497.81 Safari/537.36',
  'x-requested-with' => 'XMLHttpRequest',
  'origin' => 'http://www.mytest.com',
  'accept' => 'application/json, text/javascript, */*; q=0.01',
  'content-length' => '36',
  'connection' => 'close',
  'host' => 'www.mytest.com',
)
[ info ] [ PARAM ] array (
  '/index/index/postLogin' => '',
  'mobile' => '15321829813',
  'password' => 'cs123456',
)
[ info ] [ DB ] INIT mysql
---------------------------------------------------------------
[ 2019-04-22T11:47:51+08:00 ] 127.0.0.1 GET www.mytest.com/index/user/main
[运行时间：0.519833s] [吞吐率：1.92req/s] [内存消耗：3,408.68kb] [文件加载：116]
[ info ] [ LANG ] D:\phpstudy\PHPTutorial\WWW\project\thinkphp\lang\zh-cn.php
[ info ] [ ROUTE ] array (
)
[ info ] [ HEADER ] array (
  'cookie' => 'PHPSESSID=vla9mdnij47gl0r43k5pc9v3k2',
  'accept-language' => 'zh-CN,zh;q=0.9',
  'accept-encoding' => 'gzip, deflate',
  'referer' => 'http://www.mytest.com/login',
  'accept' => 'text/html,application/xhtml+xml,application/xml;q=0.9,image/webp,image/apng,*/*;q=0.8',
  'user-agent' => 'Mozilla/5.0 (Windows NT 10.0; WOW64) AppleWebKit/537.36 (KHTML, like Gecko) Chrome/69.0.3497.81 Safari/537.36',
  'upgrade-insecure-requests' => '1',
  'connection' => 'close',
  'host' => 'www.mytest.com',
)
[ info ] [ PARAM ] array (
  '/index/user/main' => '',
)
[ info ] [ DB ] INIT mysql
[ info ] [ VIEW ] D:\phpstudy\PHPTutorial\WWW\project\application\index\view\user\main.html [ array (
  0 => 'u',
  1 => 'user_info',
  2 => 'auth_info',
) ]
---------------------------------------------------------------
[ 2019-04-22T11:47:54+08:00 ] 127.0.0.1 GET www.mytest.com/index/shop/index
[运行时间：0.541820s] [吞吐率：1.85req/s] [内存消耗：3,451.17kb] [文件加载：117]
[ info ] [ LANG ] D:\phpstudy\PHPTutorial\WWW\project\thinkphp\lang\zh-cn.php
[ info ] [ ROUTE ] array (
)
[ info ] [ HEADER ] array (
  'cookie' => 'PHPSESSID=vla9mdnij47gl0r43k5pc9v3k2',
  'accept-language' => 'zh-CN,zh;q=0.9',
  'accept-encoding' => 'gzip, deflate',
  'referer' => 'http://www.mytest.com/index/user/main',
  'accept' => 'text/html,application/xhtml+xml,application/xml;q=0.9,image/webp,image/apng,*/*;q=0.8',
  'user-agent' => 'Mozilla/5.0 (Windows NT 10.0; WOW64) AppleWebKit/537.36 (KHTML, like Gecko) Chrome/69.0.3497.81 Safari/537.36',
  'upgrade-insecure-requests' => '1',
  'connection' => 'close',
  'host' => 'www.mytest.com',
)
[ info ] [ PARAM ] array (
  '/index/shop/index' => '',
)
[ info ] [ DB ] INIT mysql
[ info ] [ VIEW ] D:\phpstudy\PHPTutorial\WWW\project\application\index\view\shop\shoplist.html [ array (
  0 => 'u',
  1 => 'user_info',
  2 => 'categoryList',
  3 => 'isAuth',
) ]
---------------------------------------------------------------
[ 2019-04-22T11:47:55+08:00 ] 127.0.0.1 POST www.mytest.com/index/shop/getShopList
[运行时间：0.474322s] [吞吐率：2.11req/s] [内存消耗：3,443.04kb] [文件加载：115]
[ info ] [ LANG ] D:\phpstudy\PHPTutorial\WWW\project\thinkphp\lang\zh-cn.php
[ info ] [ ROUTE ] array (
)
[ info ] [ HEADER ] array (
  'cookie' => 'PHPSESSID=vla9mdnij47gl0r43k5pc9v3k2',
  'accept-language' => 'zh-CN,zh;q=0.9',
  'accept-encoding' => 'gzip, deflate',
  'referer' => 'http://www.mytest.com/index/shop/index',
  'content-type' => 'application/x-www-form-urlencoded; charset=UTF-8',
  'user-agent' => 'Mozilla/5.0 (Windows NT 10.0; WOW64) AppleWebKit/537.36 (KHTML, like Gecko) Chrome/69.0.3497.81 Safari/537.36',
  'x-requested-with' => 'XMLHttpRequest',
  'origin' => 'http://www.mytest.com',
  'accept' => 'application/json, text/javascript, */*; q=0.01',
  'content-length' => '74',
  'connection' => 'close',
  'host' => 'www.mytest.com',
)
[ info ] [ PARAM ] array (
  '/index/shop/getShopList' => '',
  'ini' => 'true',
  'page' => '1',
  'page_size' => '16',
  'category' => '',
  'sort' => '0',
  'city' => '',
  'keywords' => '',
  'page_total' => '0',
)
[ info ] [ DB ] INIT mysql
---------------------------------------------------------------
[ 2019-04-22T11:48:00+08:00 ] 127.0.0.1 GET www.mytest.com/index/shop/myshoplist
[运行时间：0.486318s] [吞吐率：2.06req/s] [内存消耗：3,474.05kb] [文件加载：117]
[ info ] [ LANG ] D:\phpstudy\PHPTutorial\WWW\project\thinkphp\lang\zh-cn.php
[ info ] [ ROUTE ] array (
)
[ info ] [ HEADER ] array (
  'cookie' => 'PHPSESSID=vla9mdnij47gl0r43k5pc9v3k2',
  'accept-language' => 'zh-CN,zh;q=0.9',
  'accept-encoding' => 'gzip, deflate',
  'referer' => 'http://www.mytest.com/index/shop/index',
  'accept' => 'text/html,application/xhtml+xml,application/xml;q=0.9,image/webp,image/apng,*/*;q=0.8',
  'user-agent' => 'Mozilla/5.0 (Windows NT 10.0; WOW64) AppleWebKit/537.36 (KHTML, like Gecko) Chrome/69.0.3497.81 Safari/537.36',
  'upgrade-insecure-requests' => '1',
  'connection' => 'close',
  'host' => 'www.mytest.com',
)
[ info ] [ PARAM ] array (
  '/index/shop/myshoplist' => '',
)
[ info ] [ DB ] INIT mysql
[ info ] [ VIEW ] D:\phpstudy\PHPTutorial\WWW\project\application\index\view\shop\myshoplist.html [ array (
  0 => 'u',
  1 => 'user_info',
  2 => 'list',
) ]
---------------------------------------------------------------
[ 2019-04-22T11:48:04+08:00 ] 127.0.0.1 GET www.mytest.com/index/article/graphic
[运行时间：0.602539s] [吞吐率：1.66req/s] [内存消耗：3,507.74kb] [文件加载：119]
[ info ] [ LANG ] D:\phpstudy\PHPTutorial\WWW\project\thinkphp\lang\zh-cn.php
[ info ] [ ROUTE ] array (
)
[ info ] [ HEADER ] array (
  'cookie' => 'PHPSESSID=vla9mdnij47gl0r43k5pc9v3k2',
  'accept-language' => 'zh-CN,zh;q=0.9',
  'accept-encoding' => 'gzip, deflate',
  'referer' => 'http://www.mytest.com/index/shop/myshoplist',
  'accept' => 'text/html,application/xhtml+xml,application/xml;q=0.9,image/webp,image/apng,*/*;q=0.8',
  'user-agent' => 'Mozilla/5.0 (Windows NT 10.0; WOW64) AppleWebKit/537.36 (KHTML, like Gecko) Chrome/69.0.3497.81 Safari/537.36',
  'upgrade-insecure-requests' => '1',
  'connection' => 'close',
  'host' => 'www.mytest.com',
)
[ info ] [ PARAM ] array (
  '/index/article/graphic' => '',
)
[ info ] [ DB ] INIT mysql
[ info ] [ VIEW ] D:\phpstudy\PHPTutorial\WWW\project\application\index\view\article\my_article.html [ array (
  0 => 'u',
  1 => 'rows',
  2 => 'page',
  3 => 'page_total',
  4 => 'total',
  5 => 'user_info',
  6 => 'draftId',
) ]
---------------------------------------------------------------
[ 2019-04-22T11:48:06+08:00 ] 127.0.0.1 GET www.mytest.com/index/article/graphic
[运行时间：0.550136s] [吞吐率：1.82req/s] [内存消耗：3,507.74kb] [文件加载：119]
[ info ] [ LANG ] D:\phpstudy\PHPTutorial\WWW\project\thinkphp\lang\zh-cn.php
[ info ] [ ROUTE ] array (
)
[ info ] [ HEADER ] array (
  'cookie' => 'PHPSESSID=vla9mdnij47gl0r43k5pc9v3k2',
  'accept-language' => 'zh-CN,zh;q=0.9',
  'accept-encoding' => 'gzip, deflate',
  'referer' => 'http://www.mytest.com/index/article/graphic',
  'accept' => 'text/html,application/xhtml+xml,application/xml;q=0.9,image/webp,image/apng,*/*;q=0.8',
  'user-agent' => 'Mozilla/5.0 (Windows NT 10.0; WOW64) AppleWebKit/537.36 (KHTML, like Gecko) Chrome/69.0.3497.81 Safari/537.36',
  'upgrade-insecure-requests' => '1',
  'connection' => 'close',
  'host' => 'www.mytest.com',
)
[ info ] [ PARAM ] array (
  '/index/article/graphic' => '',
)
[ info ] [ DB ] INIT mysql
[ info ] [ VIEW ] D:\phpstudy\PHPTutorial\WWW\project\application\index\view\article\my_article.html [ array (
  0 => 'u',
  1 => 'rows',
  2 => 'page',
  3 => 'page_total',
  4 => 'total',
  5 => 'user_info',
  6 => 'draftId',
) ]
---------------------------------------------------------------
[ 2019-04-22T11:48:07+08:00 ] 127.0.0.1 GET www.mytest.com/index/article/article
[运行时间：0.407713s] [吞吐率：2.45req/s] [内存消耗：3,458.31kb] [文件加载：117]
[ info ] [ LANG ] D:\phpstudy\PHPTutorial\WWW\project\thinkphp\lang\zh-cn.php
[ info ] [ ROUTE ] array (
)
[ info ] [ HEADER ] array (
  'cookie' => 'PHPSESSID=vla9mdnij47gl0r43k5pc9v3k2',
  'accept-language' => 'zh-CN,zh;q=0.9',
  'accept-encoding' => 'gzip, deflate',
  'referer' => 'http://www.mytest.com/index/article/graphic',
  'accept' => 'text/html,application/xhtml+xml,application/xml;q=0.9,image/webp,image/apng,*/*;q=0.8',
  'user-agent' => 'Mozilla/5.0 (Windows NT 10.0; WOW64) AppleWebKit/537.36 (KHTML, like Gecko) Chrome/69.0.3497.81 Safari/537.36',
  'upgrade-insecure-requests' => '1',
  'connection' => 'close',
  'host' => 'www.mytest.com',
)
[ info ] [ PARAM ] array (
  '/index/article/article' => '',
)
[ info ] [ DB ] INIT mysql
[ info ] [ VIEW ] D:\phpstudy\PHPTutorial\WWW\project\application\index\view\article\published_article.html [ array (
  0 => 'u',
  1 => 'user_info',
  2 => 'articleInfo',
) ]
