---------------------------------------------------------------
[ 2019-04-24T09:13:57+08:00 ] 127.0.0.1 GET www.mytest.com/admin
[运行时间：0.564058s] [吞吐率：1.77req/s] [内存消耗：2,254.77kb] [文件加载：98]
[ info ] [ LANG ] D:\phpstudy\PHPTutorial\WWW\project\thinkphp\lang\zh-cn.php
[ info ] [ ROUTE ] array (
)
[ info ] [ HEADER ] array (
  'accept-language' => 'zh-CN,zh;q=0.9',
  'accept-encoding' => 'gzip, deflate',
  'accept' => 'text/html,application/xhtml+xml,application/xml;q=0.9,image/webp,image/apng,*/*;q=0.8',
  'user-agent' => 'Mozilla/5.0 (Windows NT 10.0; WOW64) AppleWebKit/537.36 (KHTML, like Gecko) Chrome/69.0.3497.81 Safari/537.36',
  'upgrade-insecure-requests' => '1',
  'purpose' => 'prefetch',
  'connection' => 'close',
  'host' => 'www.mytest.com',
)
[ info ] [ PARAM ] array (
  '/admin' => '',
)
---------------------------------------------------------------
[ 2019-04-24T09:13:57+08:00 ] 127.0.0.1 GET www.mytest.com/admin/index/login
[运行时间：0.260244s] [吞吐率：3.84req/s] [内存消耗：2,331.62kb] [文件加载：103]
[ info ] [ LANG ] D:\phpstudy\PHPTutorial\WWW\project\thinkphp\lang\zh-cn.php
[ info ] [ ROUTE ] array (
)
[ info ] [ HEADER ] array (
  'cookie' => 'PHPSESSID=da7ckbb37775nbuqh2oqgj0t46',
  'accept-language' => 'zh-CN,zh;q=0.9',
  'accept-encoding' => 'gzip, deflate',
  'accept' => 'text/html,application/xhtml+xml,application/xml;q=0.9,image/webp,image/apng,*/*;q=0.8',
  'user-agent' => 'Mozilla/5.0 (Windows NT 10.0; WOW64) AppleWebKit/537.36 (KHTML, like Gecko) Chrome/69.0.3497.81 Safari/537.36',
  'upgrade-insecure-requests' => '1',
  'purpose' => 'prefetch',
  'connection' => 'close',
  'host' => 'www.mytest.com',
)
[ info ] [ PARAM ] array (
  '/admin/index/login' => '',
)
[ info ] [ VIEW ] D:\phpstudy\PHPTutorial\WWW\project\application\admin\view\index\login.html [ array (
  0 => 'user_auth',
) ]
---------------------------------------------------------------
[ 2019-04-24T11:56:55+08:00 ] 127.0.0.1 GET www.mytest.com/admin
[运行时间：0.174225s] [吞吐率：5.74req/s] [内存消耗：2,255.16kb] [文件加载：98]
[ info ] [ LANG ] D:\phpstudy\PHPTutorial\WWW\project\thinkphp\lang\zh-cn.php
[ info ] [ ROUTE ] array (
)
[ info ] [ HEADER ] array (
  'cookie' => 'PHPSESSID=da7ckbb37775nbuqh2oqgj0t46',
  'accept-language' => 'zh-CN,zh;q=0.9',
  'accept-encoding' => 'gzip, deflate',
  'accept' => 'text/html,application/xhtml+xml,application/xml;q=0.9,image/webp,image/apng,*/*;q=0.8',
  'user-agent' => 'Mozilla/5.0 (Windows NT 10.0; WOW64) AppleWebKit/537.36 (KHTML, like Gecko) Chrome/69.0.3497.81 Safari/537.36',
  'upgrade-insecure-requests' => '1',
  'purpose' => 'prefetch',
  'connection' => 'close',
  'host' => 'www.mytest.com',
)
[ info ] [ PARAM ] array (
  '/admin' => '',
)
---------------------------------------------------------------
[ 2019-04-24T11:56:55+08:00 ] 127.0.0.1 GET www.mytest.com/admin/index/login
[运行时间：0.167963s] [吞吐率：5.95req/s] [内存消耗：2,331.62kb] [文件加载：103]
[ info ] [ LANG ] D:\phpstudy\PHPTutorial\WWW\project\thinkphp\lang\zh-cn.php
[ info ] [ ROUTE ] array (
)
[ info ] [ HEADER ] array (
  'cookie' => 'PHPSESSID=da7ckbb37775nbuqh2oqgj0t46',
  'accept-language' => 'zh-CN,zh;q=0.9',
  'accept-encoding' => 'gzip, deflate',
  'accept' => 'text/html,application/xhtml+xml,application/xml;q=0.9,image/webp,image/apng,*/*;q=0.8',
  'user-agent' => 'Mozilla/5.0 (Windows NT 10.0; WOW64) AppleWebKit/537.36 (KHTML, like Gecko) Chrome/69.0.3497.81 Safari/537.36',
  'upgrade-insecure-requests' => '1',
  'purpose' => 'prefetch',
  'connection' => 'close',
  'host' => 'www.mytest.com',
)
[ info ] [ PARAM ] array (
  '/admin/index/login' => '',
)
[ info ] [ VIEW ] D:\phpstudy\PHPTutorial\WWW\project\application\admin\view\index\login.html [ array (
  0 => 'user_auth',
) ]
---------------------------------------------------------------
[ 2019-04-24T14:59:30+08:00 ] 127.0.0.1 GET www.mytest.com/admin
[运行时间：0.135842s] [吞吐率：7.36req/s] [内存消耗：2,255.16kb] [文件加载：98]
[ info ] [ LANG ] D:\phpstudy\PHPTutorial\WWW\project\thinkphp\lang\zh-cn.php
[ info ] [ ROUTE ] array (
)
[ info ] [ HEADER ] array (
  'cookie' => 'PHPSESSID=da7ckbb37775nbuqh2oqgj0t46',
  'accept-language' => 'zh-CN,zh;q=0.9',
  'accept-encoding' => 'gzip, deflate',
  'accept' => 'text/html,application/xhtml+xml,application/xml;q=0.9,image/webp,image/apng,*/*;q=0.8',
  'user-agent' => 'Mozilla/5.0 (Windows NT 10.0; WOW64) AppleWebKit/537.36 (KHTML, like Gecko) Chrome/69.0.3497.81 Safari/537.36',
  'upgrade-insecure-requests' => '1',
  'purpose' => 'prefetch',
  'connection' => 'close',
  'host' => 'www.mytest.com',
)
[ info ] [ PARAM ] array (
  '/admin' => '',
)
---------------------------------------------------------------
[ 2019-04-24T14:59:30+08:00 ] 127.0.0.1 GET www.mytest.com/admin/index/login
[运行时间：0.117121s] [吞吐率：8.54req/s] [内存消耗：2,331.62kb] [文件加载：103]
[ info ] [ LANG ] D:\phpstudy\PHPTutorial\WWW\project\thinkphp\lang\zh-cn.php
[ info ] [ ROUTE ] array (
)
[ info ] [ HEADER ] array (
  'cookie' => 'PHPSESSID=da7ckbb37775nbuqh2oqgj0t46',
  'accept-language' => 'zh-CN,zh;q=0.9',
  'accept-encoding' => 'gzip, deflate',
  'accept' => 'text/html,application/xhtml+xml,application/xml;q=0.9,image/webp,image/apng,*/*;q=0.8',
  'user-agent' => 'Mozilla/5.0 (Windows NT 10.0; WOW64) AppleWebKit/537.36 (KHTML, like Gecko) Chrome/69.0.3497.81 Safari/537.36',
  'upgrade-insecure-requests' => '1',
  'purpose' => 'prefetch',
  'connection' => 'close',
  'host' => 'www.mytest.com',
)
[ info ] [ PARAM ] array (
  '/admin/index/login' => '',
)
[ info ] [ VIEW ] D:\phpstudy\PHPTutorial\WWW\project\application\admin\view\index\login.html [ array (
  0 => 'user_auth',
) ]
---------------------------------------------------------------
[ 2019-04-24T16:11:06+08:00 ] 127.0.0.1 GET www.mytest.com/admin
[运行时间：0.401064s] [吞吐率：2.49req/s] [内存消耗：2,255.16kb] [文件加载：98]
[ info ] [ LANG ] D:\phpstudy\PHPTutorial\WWW\project\thinkphp\lang\zh-cn.php
[ info ] [ ROUTE ] array (
)
[ info ] [ HEADER ] array (
  'cookie' => 'PHPSESSID=da7ckbb37775nbuqh2oqgj0t46',
  'accept-language' => 'zh-CN,zh;q=0.9',
  'accept-encoding' => 'gzip, deflate',
  'accept' => 'text/html,application/xhtml+xml,application/xml;q=0.9,image/webp,image/apng,*/*;q=0.8',
  'user-agent' => 'Mozilla/5.0 (Windows NT 10.0; WOW64) AppleWebKit/537.36 (KHTML, like Gecko) Chrome/69.0.3497.81 Safari/537.36',
  'upgrade-insecure-requests' => '1',
  'purpose' => 'prefetch',
  'connection' => 'close',
  'host' => 'www.mytest.com',
)
[ info ] [ PARAM ] array (
  '/admin' => '',
)
---------------------------------------------------------------
[ 2019-04-24T16:11:07+08:00 ] 127.0.0.1 GET www.mytest.com/admin/index/login
[运行时间：0.194342s] [吞吐率：5.15req/s] [内存消耗：2,331.62kb] [文件加载：103]
[ info ] [ LANG ] D:\phpstudy\PHPTutorial\WWW\project\thinkphp\lang\zh-cn.php
[ info ] [ ROUTE ] array (
)
[ info ] [ HEADER ] array (
  'cookie' => 'PHPSESSID=da7ckbb37775nbuqh2oqgj0t46',
  'accept-language' => 'zh-CN,zh;q=0.9',
  'accept-encoding' => 'gzip, deflate',
  'accept' => 'text/html,application/xhtml+xml,application/xml;q=0.9,image/webp,image/apng,*/*;q=0.8',
  'user-agent' => 'Mozilla/5.0 (Windows NT 10.0; WOW64) AppleWebKit/537.36 (KHTML, like Gecko) Chrome/69.0.3497.81 Safari/537.36',
  'upgrade-insecure-requests' => '1',
  'purpose' => 'prefetch',
  'connection' => 'close',
  'host' => 'www.mytest.com',
)
[ info ] [ PARAM ] array (
  '/admin/index/login' => '',
)
[ info ] [ VIEW ] D:\phpstudy\PHPTutorial\WWW\project\application\admin\view\index\login.html [ array (
  0 => 'user_auth',
) ]
