---------------------------------------------------------------
[ 2019-01-15T14:19:03+08:00 ] 127.0.0.1 GET www.mytest.com/admin
[运行时间：0.406657s] [吞吐率：2.46req/s] [内存消耗：2,348.97kb] [文件加载：101]
[ info ] [ LANG ] D:\phpstudy\PHPTutorial\WWW\project\thinkphp\lang\zh-cn.php
[ info ] [ ROUTE ] array (
)
[ info ] [ HEADER ] array (
  'accept-language' => 'zh-CN,zh;q=0.9',
  'accept-encoding' => 'gzip, deflate',
  'accept' => 'text/html,application/xhtml+xml,application/xml;q=0.9,image/webp,image/apng,*/*;q=0.8',
  'user-agent' => 'Mozilla/5.0 (Windows NT 10.0; WOW64) AppleWebKit/537.36 (KHTML, like Gecko) Chrome/69.0.3497.81 Safari/537.36',
  'upgrade-insecure-requests' => '1',
  'purpose' => 'prefetch',
  'connection' => 'close',
  'host' => 'www.mytest.com',
)
[ info ] [ PARAM ] array (
  '/admin' => '',
)
---------------------------------------------------------------
[ 2019-01-15T14:19:03+08:00 ] 127.0.0.1 GET www.mytest.com/admin/login/index
[运行时间：0.123670s] [吞吐率：8.09req/s] [内存消耗：2,424.95kb] [文件加载：105]
[ info ] [ LANG ] D:\phpstudy\PHPTutorial\WWW\project\thinkphp\lang\zh-cn.php
[ info ] [ ROUTE ] array (
)
[ info ] [ HEADER ] array (
  'cookie' => 'PHPSESSID=0h7sf9574g57ro06kmufldvm1e',
  'accept-language' => 'zh-CN,zh;q=0.9',
  'accept-encoding' => 'gzip, deflate',
  'accept' => 'text/html,application/xhtml+xml,application/xml;q=0.9,image/webp,image/apng,*/*;q=0.8',
  'user-agent' => 'Mozilla/5.0 (Windows NT 10.0; WOW64) AppleWebKit/537.36 (KHTML, like Gecko) Chrome/69.0.3497.81 Safari/537.36',
  'upgrade-insecure-requests' => '1',
  'purpose' => 'prefetch',
  'connection' => 'close',
  'host' => 'www.mytest.com',
)
[ info ] [ PARAM ] array (
  '/admin/login/index' => '',
)
[ info ] [ VIEW ] D:\phpstudy\PHPTutorial\WWW\project\application\admin\view\login\index.html [ array (
  0 => 'user_auth',
) ]
---------------------------------------------------------------
[ 2019-01-15T14:19:04+08:00 ] 127.0.0.1 GET www.mytest.com/seller
[运行时间：0.076688s] [吞吐率：13.04req/s] [内存消耗：2,349.38kb] [文件加载：101]
[ info ] [ LANG ] D:\phpstudy\PHPTutorial\WWW\project\thinkphp\lang\zh-cn.php
[ info ] [ ROUTE ] array (
)
[ info ] [ HEADER ] array (
  'cookie' => 'PHPSESSID=0h7sf9574g57ro06kmufldvm1e',
  'accept-language' => 'zh-CN,zh;q=0.9',
  'accept-encoding' => 'gzip, deflate',
  'accept' => 'text/html,application/xhtml+xml,application/xml;q=0.9,image/webp,image/apng,*/*;q=0.8',
  'user-agent' => 'Mozilla/5.0 (Windows NT 10.0; WOW64) AppleWebKit/537.36 (KHTML, like Gecko) Chrome/69.0.3497.81 Safari/537.36',
  'upgrade-insecure-requests' => '1',
  'purpose' => 'prefetch',
  'connection' => 'close',
  'host' => 'www.mytest.com',
)
[ info ] [ PARAM ] array (
  '/seller' => '',
)
---------------------------------------------------------------
[ 2019-01-15T14:19:04+08:00 ] 127.0.0.1 GET www.mytest.com/seller/index/login
[运行时间：0.097287s] [吞吐率：10.28req/s] [内存消耗：2,379.33kb] [文件加载：103]
[ info ] [ LANG ] D:\phpstudy\PHPTutorial\WWW\project\thinkphp\lang\zh-cn.php
[ info ] [ ROUTE ] array (
)
[ info ] [ HEADER ] array (
  'cookie' => 'PHPSESSID=0h7sf9574g57ro06kmufldvm1e',
  'accept-language' => 'zh-CN,zh;q=0.9',
  'accept-encoding' => 'gzip, deflate',
  'accept' => 'text/html,application/xhtml+xml,application/xml;q=0.9,image/webp,image/apng,*/*;q=0.8',
  'user-agent' => 'Mozilla/5.0 (Windows NT 10.0; WOW64) AppleWebKit/537.36 (KHTML, like Gecko) Chrome/69.0.3497.81 Safari/537.36',
  'upgrade-insecure-requests' => '1',
  'purpose' => 'prefetch',
  'connection' => 'close',
  'host' => 'www.mytest.com',
)
[ info ] [ PARAM ] array (
  '/seller/index/login' => '',
)
[ info ] [ VIEW ] D:\phpstudy\PHPTutorial\WWW\project\application\seller\view\index\login.html [ array (
  0 => 'user_info',
) ]
---------------------------------------------------------------
[ 2019-01-15T14:19:04+08:00 ] 127.0.0.1 GET www.mytest.com/seller
[运行时间：0.088066s] [吞吐率：11.36req/s] [内存消耗：2,348.85kb] [文件加载：101]
[ info ] [ LANG ] D:\phpstudy\PHPTutorial\WWW\project\thinkphp\lang\zh-cn.php
[ info ] [ ROUTE ] array (
)
[ info ] [ HEADER ] array (
  'cookie' => 'PHPSESSID=0h7sf9574g57ro06kmufldvm1e',
  'accept-language' => 'zh-CN,zh;q=0.9',
  'accept-encoding' => 'gzip, deflate',
  'accept' => 'text/html,application/xhtml+xml,application/xml;q=0.9,image/webp,image/apng,*/*;q=0.8',
  'user-agent' => 'Mozilla/5.0 (Windows NT 10.0; WOW64) AppleWebKit/537.36 (KHTML, like Gecko) Chrome/69.0.3497.81 Safari/537.36',
  'upgrade-insecure-requests' => '1',
  'connection' => 'close',
  'host' => 'www.mytest.com',
)
[ info ] [ PARAM ] array (
  '/seller' => '',
)
---------------------------------------------------------------
[ 2019-01-15T14:19:04+08:00 ] 127.0.0.1 GET www.mytest.com/seller/index/login
[运行时间：0.070989s] [吞吐率：14.09req/s] [内存消耗：2,378.80kb] [文件加载：103]
[ info ] [ LANG ] D:\phpstudy\PHPTutorial\WWW\project\thinkphp\lang\zh-cn.php
[ info ] [ ROUTE ] array (
)
[ info ] [ HEADER ] array (
  'cookie' => 'PHPSESSID=0h7sf9574g57ro06kmufldvm1e',
  'accept-language' => 'zh-CN,zh;q=0.9',
  'accept-encoding' => 'gzip, deflate',
  'accept' => 'text/html,application/xhtml+xml,application/xml;q=0.9,image/webp,image/apng,*/*;q=0.8',
  'user-agent' => 'Mozilla/5.0 (Windows NT 10.0; WOW64) AppleWebKit/537.36 (KHTML, like Gecko) Chrome/69.0.3497.81 Safari/537.36',
  'upgrade-insecure-requests' => '1',
  'connection' => 'close',
  'host' => 'www.mytest.com',
)
[ info ] [ PARAM ] array (
  '/seller/index/login' => '',
)
[ info ] [ VIEW ] D:\phpstudy\PHPTutorial\WWW\project\application\seller\view\index\login.html [ array (
  0 => 'user_info',
) ]
---------------------------------------------------------------
[ 2019-01-15T14:19:15+08:00 ] 127.0.0.1 POST www.mytest.com/seller/index/postLogin
[运行时间：0.382028s] [吞吐率：2.62req/s] [内存消耗：3,220.60kb] [文件加载：109]
[ info ] [ LANG ] D:\phpstudy\PHPTutorial\WWW\project\thinkphp\lang\zh-cn.php
[ info ] [ ROUTE ] array (
)
[ info ] [ HEADER ] array (
  'cookie' => 'PHPSESSID=0h7sf9574g57ro06kmufldvm1e',
  'accept-language' => 'zh-CN,zh;q=0.9',
  'accept-encoding' => 'gzip, deflate',
  'referer' => 'http://www.mytest.com/seller/index/login',
  'content-type' => 'application/x-www-form-urlencoded; charset=UTF-8',
  'user-agent' => 'Mozilla/5.0 (Windows NT 10.0; WOW64) AppleWebKit/537.36 (KHTML, like Gecko) Chrome/69.0.3497.81 Safari/537.36',
  'x-requested-with' => 'XMLHttpRequest',
  'origin' => 'http://www.mytest.com',
  'accept' => 'application/json, text/javascript, */*; q=0.01',
  'content-length' => '36',
  'connection' => 'close',
  'host' => 'www.mytest.com',
)
[ info ] [ PARAM ] array (
  '/seller/index/postLogin' => '',
  'mobile' => '17601628133',
  'password' => 'cs123456',
)
[ info ] [ DB ] INIT mysql
---------------------------------------------------------------
[ 2019-01-15T14:19:15+08:00 ] 127.0.0.1 GET www.mytest.com/seller
[运行时间：0.145118s] [吞吐率：6.89req/s] [内存消耗：2,628.27kb] [文件加载：106]
[ info ] [ LANG ] D:\phpstudy\PHPTutorial\WWW\project\thinkphp\lang\zh-cn.php
[ info ] [ ROUTE ] array (
)
[ info ] [ HEADER ] array (
  'cookie' => 'PHPSESSID=0h7sf9574g57ro06kmufldvm1e',
  'accept-language' => 'zh-CN,zh;q=0.9',
  'accept-encoding' => 'gzip, deflate',
  'referer' => 'http://www.mytest.com/seller/index/login',
  'accept' => 'text/html,application/xhtml+xml,application/xml;q=0.9,image/webp,image/apng,*/*;q=0.8',
  'user-agent' => 'Mozilla/5.0 (Windows NT 10.0; WOW64) AppleWebKit/537.36 (KHTML, like Gecko) Chrome/69.0.3497.81 Safari/537.36',
  'upgrade-insecure-requests' => '1',
  'connection' => 'close',
  'host' => 'www.mytest.com',
)
[ info ] [ PARAM ] array (
  '/seller' => '',
)
[ info ] [ VIEW ] D:\phpstudy\PHPTutorial\WWW\project\application\seller\view\index\index.html [ array (
  0 => 'user_info',
) ]
---------------------------------------------------------------
[ 2019-01-15T14:19:18+08:00 ] 127.0.0.1 GET www.mytest.com/seller/shop/addGood
[运行时间：0.565729s] [吞吐率：1.77req/s] [内存消耗：3,779.39kb] [文件加载：116]
[ info ] [ LANG ] D:\phpstudy\PHPTutorial\WWW\project\thinkphp\lang\zh-cn.php
[ info ] [ ROUTE ] array (
)
[ info ] [ HEADER ] array (
  'cookie' => 'PHPSESSID=0h7sf9574g57ro06kmufldvm1e',
  'accept-language' => 'zh-CN,zh;q=0.9',
  'accept-encoding' => 'gzip, deflate',
  'referer' => 'http://www.mytest.com/seller',
  'accept' => 'text/html,application/xhtml+xml,application/xml;q=0.9,image/webp,image/apng,*/*;q=0.8',
  'user-agent' => 'Mozilla/5.0 (Windows NT 10.0; WOW64) AppleWebKit/537.36 (KHTML, like Gecko) Chrome/69.0.3497.81 Safari/537.36',
  'upgrade-insecure-requests' => '1',
  'connection' => 'close',
  'host' => 'www.mytest.com',
)
[ info ] [ PARAM ] array (
  '/seller/shop/addGood' => '',
)
[ info ] [ DB ] INIT mysql
[ info ] [ VIEW ] D:\phpstudy\PHPTutorial\WWW\project\application\seller\view\shop\addgood.html [ array (
  0 => 'user_info',
  1 => 'doctorOrHospitalList',
  2 => 'info',
  3 => 'category',
) ]
---------------------------------------------------------------
[ 2019-01-15T14:19:22+08:00 ] 127.0.0.1 POST www.mytest.com/seller/shopApi/getCategoryList
[运行时间：0.316973s] [吞吐率：3.15req/s] [内存消耗：3,309.59kb] [文件加载：112]
[ info ] [ LANG ] D:\phpstudy\PHPTutorial\WWW\project\thinkphp\lang\zh-cn.php
[ info ] [ ROUTE ] array (
)
[ info ] [ HEADER ] array (
  'cookie' => 'PHPSESSID=0h7sf9574g57ro06kmufldvm1e',
  'accept-language' => 'zh-CN,zh;q=0.9',
  'accept-encoding' => 'gzip, deflate',
  'referer' => 'http://www.mytest.com/seller/shop/addGood',
  'content-type' => 'application/x-www-form-urlencoded; charset=UTF-8',
  'user-agent' => 'Mozilla/5.0 (Windows NT 10.0; WOW64) AppleWebKit/537.36 (KHTML, like Gecko) Chrome/69.0.3497.81 Safari/537.36',
  'x-requested-with' => 'XMLHttpRequest',
  'origin' => 'http://www.mytest.com',
  'accept' => 'application/json, text/javascript, */*; q=0.01',
  'content-length' => '13',
  'connection' => 'close',
  'host' => 'www.mytest.com',
)
[ info ] [ PARAM ] array (
  '/seller/shopApi/getCategoryList' => '',
  'category_id' => '0',
)
[ info ] [ DB ] INIT mysql
---------------------------------------------------------------
[ 2019-01-15T14:19:25+08:00 ] 127.0.0.1 GET www.mytest.com/seller/shop/index.html
[运行时间：0.092736s] [吞吐率：10.78req/s] [内存消耗：2,708.71kb] [文件加载：108]
[ info ] [ LANG ] D:\phpstudy\PHPTutorial\WWW\project\thinkphp\lang\zh-cn.php
[ info ] [ ROUTE ] array (
)
[ info ] [ HEADER ] array (
  'cookie' => 'PHPSESSID=0h7sf9574g57ro06kmufldvm1e',
  'accept-language' => 'zh-CN,zh;q=0.9',
  'accept-encoding' => 'gzip, deflate',
  'referer' => 'http://www.mytest.com/seller/shop/addGood',
  'accept' => 'text/html,application/xhtml+xml,application/xml;q=0.9,image/webp,image/apng,*/*;q=0.8',
  'user-agent' => 'Mozilla/5.0 (Windows NT 10.0; WOW64) AppleWebKit/537.36 (KHTML, like Gecko) Chrome/69.0.3497.81 Safari/537.36',
  'upgrade-insecure-requests' => '1',
  'connection' => 'close',
  'host' => 'www.mytest.com',
)
[ info ] [ PARAM ] array (
  '/seller/shop/index_html' => '',
)
[ info ] [ VIEW ] D:\phpstudy\PHPTutorial\WWW\project\application\seller\view\shop\index.html [ array (
  0 => 'user_info',
) ]
---------------------------------------------------------------
[ 2019-01-15T14:19:25+08:00 ] 127.0.0.1 GET www.mytest.com/seller/shopapi/getGoodsList?page=1&limit=20
[运行时间：0.366128s] [吞吐率：2.73req/s] [内存消耗：3,317.02kb] [文件加载：111]
[ info ] [ LANG ] D:\phpstudy\PHPTutorial\WWW\project\thinkphp\lang\zh-cn.php
[ info ] [ ROUTE ] array (
)
[ info ] [ HEADER ] array (
  'cookie' => 'PHPSESSID=0h7sf9574g57ro06kmufldvm1e',
  'accept-language' => 'zh-CN,zh;q=0.9',
  'accept-encoding' => 'gzip, deflate',
  'referer' => 'http://www.mytest.com/seller/shop/index.html',
  'user-agent' => 'Mozilla/5.0 (Windows NT 10.0; WOW64) AppleWebKit/537.36 (KHTML, like Gecko) Chrome/69.0.3497.81 Safari/537.36',
  'x-requested-with' => 'XMLHttpRequest',
  'accept' => 'application/json, text/javascript, */*; q=0.01',
  'connection' => 'close',
  'host' => 'www.mytest.com',
)
[ info ] [ PARAM ] array (
  '/seller/shopapi/getGoodsList' => '',
  'page' => '1',
  'limit' => '20',
)
[ info ] [ DB ] INIT mysql
---------------------------------------------------------------
[ 2019-01-15T14:19:26+08:00 ] 127.0.0.1 GET www.mytest.com/seller
[运行时间：0.079613s] [吞吐率：12.56req/s] [内存消耗：2,387.91kb] [文件加载：104]
[ info ] [ LANG ] D:\phpstudy\PHPTutorial\WWW\project\thinkphp\lang\zh-cn.php
[ info ] [ ROUTE ] array (
)
[ info ] [ HEADER ] array (
  'cookie' => 'PHPSESSID=0h7sf9574g57ro06kmufldvm1e',
  'accept-language' => 'zh-CN,zh;q=0.9',
  'accept-encoding' => 'gzip, deflate',
  'referer' => 'http://www.mytest.com/seller/shop/index.html',
  'accept' => 'text/html,application/xhtml+xml,application/xml;q=0.9,image/webp,image/apng,*/*;q=0.8',
  'user-agent' => 'Mozilla/5.0 (Windows NT 10.0; WOW64) AppleWebKit/537.36 (KHTML, like Gecko) Chrome/69.0.3497.81 Safari/537.36',
  'upgrade-insecure-requests' => '1',
  'connection' => 'close',
  'host' => 'www.mytest.com',
)
[ info ] [ PARAM ] array (
  '/seller' => '',
)
[ info ] [ VIEW ] D:\phpstudy\PHPTutorial\WWW\project\application\seller\view\index\index.html [ array (
  0 => 'user_info',
) ]
---------------------------------------------------------------
[ 2019-01-15T14:19:28+08:00 ] 127.0.0.1 GET www.mytest.com/seller/shop/addGood
[运行时间：0.507438s] [吞吐率：1.97req/s] [内存消耗：3,535.87kb] [文件加载：114]
[ info ] [ LANG ] D:\phpstudy\PHPTutorial\WWW\project\thinkphp\lang\zh-cn.php
[ info ] [ ROUTE ] array (
)
[ info ] [ HEADER ] array (
  'cookie' => 'PHPSESSID=0h7sf9574g57ro06kmufldvm1e',
  'accept-language' => 'zh-CN,zh;q=0.9',
  'accept-encoding' => 'gzip, deflate',
  'referer' => 'http://www.mytest.com/seller',
  'accept' => 'text/html,application/xhtml+xml,application/xml;q=0.9,image/webp,image/apng,*/*;q=0.8',
  'user-agent' => 'Mozilla/5.0 (Windows NT 10.0; WOW64) AppleWebKit/537.36 (KHTML, like Gecko) Chrome/69.0.3497.81 Safari/537.36',
  'upgrade-insecure-requests' => '1',
  'connection' => 'close',
  'host' => 'www.mytest.com',
)
[ info ] [ PARAM ] array (
  '/seller/shop/addGood' => '',
)
[ info ] [ DB ] INIT mysql
[ info ] [ VIEW ] D:\phpstudy\PHPTutorial\WWW\project\application\seller\view\shop\addgood.html [ array (
  0 => 'user_info',
  1 => 'doctorOrHospitalList',
  2 => 'info',
  3 => 'category',
) ]
---------------------------------------------------------------
[ 2019-01-15T14:19:45+08:00 ] 127.0.0.1 GET www.mytest.com/seller/shop/addGood
[运行时间：0.506277s] [吞吐率：1.98req/s] [内存消耗：3,535.98kb] [文件加载：114]
[ info ] [ LANG ] D:\phpstudy\PHPTutorial\WWW\project\thinkphp\lang\zh-cn.php
[ info ] [ ROUTE ] array (
)
[ info ] [ HEADER ] array (
  'cookie' => 'PHPSESSID=0h7sf9574g57ro06kmufldvm1e',
  'accept-language' => 'zh-CN,zh;q=0.9',
  'accept-encoding' => 'gzip, deflate',
  'referer' => 'http://www.mytest.com/seller',
  'accept' => 'text/html,application/xhtml+xml,application/xml;q=0.9,image/webp,image/apng,*/*;q=0.8',
  'user-agent' => 'Mozilla/5.0 (Windows NT 10.0; WOW64) AppleWebKit/537.36 (KHTML, like Gecko) Chrome/69.0.3497.81 Safari/537.36',
  'upgrade-insecure-requests' => '1',
  'cache-control' => 'no-cache',
  'pragma' => 'no-cache',
  'connection' => 'close',
  'host' => 'www.mytest.com',
)
[ info ] [ PARAM ] array (
  '/seller/shop/addGood' => '',
)
[ info ] [ DB ] INIT mysql
[ info ] [ VIEW ] D:\phpstudy\PHPTutorial\WWW\project\application\seller\view\shop\addgood.html [ array (
  0 => 'user_info',
  1 => 'doctorOrHospitalList',
  2 => 'info',
  3 => 'category',
) ]
---------------------------------------------------------------
[ 2019-01-15T14:19:53+08:00 ] 127.0.0.1 GET www.mytest.com/seller/shop/addGood
[运行时间：0.508878s] [吞吐率：1.97req/s] [内存消耗：3,535.98kb] [文件加载：114]
[ info ] [ LANG ] D:\phpstudy\PHPTutorial\WWW\project\thinkphp\lang\zh-cn.php
[ info ] [ ROUTE ] array (
)
[ info ] [ HEADER ] array (
  'cookie' => 'PHPSESSID=0h7sf9574g57ro06kmufldvm1e',
  'accept-language' => 'zh-CN,zh;q=0.9',
  'accept-encoding' => 'gzip, deflate',
  'referer' => 'http://www.mytest.com/seller',
  'accept' => 'text/html,application/xhtml+xml,application/xml;q=0.9,image/webp,image/apng,*/*;q=0.8',
  'user-agent' => 'Mozilla/5.0 (Windows NT 10.0; WOW64) AppleWebKit/537.36 (KHTML, like Gecko) Chrome/69.0.3497.81 Safari/537.36',
  'upgrade-insecure-requests' => '1',
  'cache-control' => 'no-cache',
  'pragma' => 'no-cache',
  'connection' => 'close',
  'host' => 'www.mytest.com',
)
[ info ] [ PARAM ] array (
  '/seller/shop/addGood' => '',
)
[ info ] [ DB ] INIT mysql
[ info ] [ VIEW ] D:\phpstudy\PHPTutorial\WWW\project\application\seller\view\shop\addgood.html [ array (
  0 => 'user_info',
  1 => 'doctorOrHospitalList',
  2 => 'info',
  3 => 'category',
) ]
---------------------------------------------------------------
[ 2019-01-15T14:19:53+08:00 ] 127.0.0.1 GET www.mytest.com/seller/shop/addGood
[运行时间：0.513909s] [吞吐率：1.95req/s] [内存消耗：3,535.98kb] [文件加载：114]
[ info ] [ LANG ] D:\phpstudy\PHPTutorial\WWW\project\thinkphp\lang\zh-cn.php
[ info ] [ ROUTE ] array (
)
[ info ] [ HEADER ] array (
  'cookie' => 'PHPSESSID=0h7sf9574g57ro06kmufldvm1e',
  'accept-language' => 'zh-CN,zh;q=0.9',
  'accept-encoding' => 'gzip, deflate',
  'referer' => 'http://www.mytest.com/seller',
  'accept' => 'text/html,application/xhtml+xml,application/xml;q=0.9,image/webp,image/apng,*/*;q=0.8',
  'user-agent' => 'Mozilla/5.0 (Windows NT 10.0; WOW64) AppleWebKit/537.36 (KHTML, like Gecko) Chrome/69.0.3497.81 Safari/537.36',
  'upgrade-insecure-requests' => '1',
  'cache-control' => 'no-cache',
  'pragma' => 'no-cache',
  'connection' => 'close',
  'host' => 'www.mytest.com',
)
[ info ] [ PARAM ] array (
  '/seller/shop/addGood' => '',
)
[ info ] [ DB ] INIT mysql
[ info ] [ VIEW ] D:\phpstudy\PHPTutorial\WWW\project\application\seller\view\shop\addgood.html [ array (
  0 => 'user_info',
  1 => 'doctorOrHospitalList',
  2 => 'info',
  3 => 'category',
) ]
---------------------------------------------------------------
[ 2019-01-15T14:19:54+08:00 ] 127.0.0.1 GET www.mytest.com/seller/shop/addGood
[运行时间：0.559780s] [吞吐率：1.79req/s] [内存消耗：3,535.98kb] [文件加载：114]
[ info ] [ LANG ] D:\phpstudy\PHPTutorial\WWW\project\thinkphp\lang\zh-cn.php
[ info ] [ ROUTE ] array (
)
[ info ] [ HEADER ] array (
  'cookie' => 'PHPSESSID=0h7sf9574g57ro06kmufldvm1e',
  'accept-language' => 'zh-CN,zh;q=0.9',
  'accept-encoding' => 'gzip, deflate',
  'referer' => 'http://www.mytest.com/seller',
  'accept' => 'text/html,application/xhtml+xml,application/xml;q=0.9,image/webp,image/apng,*/*;q=0.8',
  'user-agent' => 'Mozilla/5.0 (Windows NT 10.0; WOW64) AppleWebKit/537.36 (KHTML, like Gecko) Chrome/69.0.3497.81 Safari/537.36',
  'upgrade-insecure-requests' => '1',
  'cache-control' => 'no-cache',
  'pragma' => 'no-cache',
  'connection' => 'close',
  'host' => 'www.mytest.com',
)
[ info ] [ PARAM ] array (
  '/seller/shop/addGood' => '',
)
[ info ] [ DB ] INIT mysql
[ info ] [ VIEW ] D:\phpstudy\PHPTutorial\WWW\project\application\seller\view\shop\addgood.html [ array (
  0 => 'user_info',
  1 => 'doctorOrHospitalList',
  2 => 'info',
  3 => 'category',
) ]
