---------------------------------------------------------------
[ 2019-01-21T09:15:33+08:00 ] 127.0.0.1 GET www.mytest.com/admin
[运行时间：0.086064s] [吞吐率：11.62req/s] [内存消耗：2,345.58kb] [文件加载：102]
[ info ] [ LANG ] D:\phpstudy\PHPTutorial\WWW\project\thinkphp\lang\zh-cn.php
[ info ] [ ROUTE ] array (
)
[ info ] [ HEADER ] array (
  'accept-language' => 'zh-CN,zh;q=0.9',
  'accept-encoding' => 'gzip, deflate',
  'accept' => 'text/html,application/xhtml+xml,application/xml;q=0.9,image/webp,image/apng,*/*;q=0.8',
  'user-agent' => 'Mozilla/5.0 (Windows NT 10.0; WOW64) AppleWebKit/537.36 (KHTML, like Gecko) Chrome/69.0.3497.81 Safari/537.36',
  'upgrade-insecure-requests' => '1',
  'connection' => 'close',
  'host' => 'www.mytest.com',
)
[ info ] [ PARAM ] array (
  '/admin' => '',
)
---------------------------------------------------------------
[ 2019-01-21T09:15:33+08:00 ] 127.0.0.1 GET www.mytest.com/admin/login/index
[运行时间：0.096751s] [吞吐率：10.34req/s] [内存消耗：2,421.27kb] [文件加载：106]
[ info ] [ LANG ] D:\phpstudy\PHPTutorial\WWW\project\thinkphp\lang\zh-cn.php
[ info ] [ ROUTE ] array (
)
[ info ] [ HEADER ] array (
  'cookie' => 'PHPSESSID=56toto3gs2mlhijfepckaiuvjd',
  'accept-language' => 'zh-CN,zh;q=0.9',
  'accept-encoding' => 'gzip, deflate',
  'accept' => 'text/html,application/xhtml+xml,application/xml;q=0.9,image/webp,image/apng,*/*;q=0.8',
  'user-agent' => 'Mozilla/5.0 (Windows NT 10.0; WOW64) AppleWebKit/537.36 (KHTML, like Gecko) Chrome/69.0.3497.81 Safari/537.36',
  'upgrade-insecure-requests' => '1',
  'connection' => 'close',
  'host' => 'www.mytest.com',
)
[ info ] [ PARAM ] array (
  '/admin/login/index' => '',
)
[ info ] [ VIEW ] D:\phpstudy\PHPTutorial\WWW\project\application\admin\view\login\index.html [ array (
  0 => 'user_auth',
) ]
---------------------------------------------------------------
[ 2019-01-21T09:15:39+08:00 ] 127.0.0.1 POST www.mytest.com/admin/login/index.html
[运行时间：0.580071s] [吞吐率：1.72req/s] [内存消耗：3,530.81kb] [文件加载：117]
[ info ] [ LANG ] D:\phpstudy\PHPTutorial\WWW\project\thinkphp\lang\zh-cn.php
[ info ] [ ROUTE ] array (
)
[ info ] [ HEADER ] array (
  'cookie' => 'PHPSESSID=56toto3gs2mlhijfepckaiuvjd',
  'accept-language' => 'zh-CN,zh;q=0.9',
  'accept-encoding' => 'gzip, deflate',
  'referer' => 'http://www.mytest.com/admin/login/index',
  'content-type' => 'application/x-www-form-urlencoded; charset=UTF-8',
  'user-agent' => 'Mozilla/5.0 (Windows NT 10.0; WOW64) AppleWebKit/537.36 (KHTML, like Gecko) Chrome/69.0.3497.81 Safari/537.36',
  'x-requested-with' => 'XMLHttpRequest',
  'origin' => 'http://www.mytest.com',
  'accept' => '*/*',
  'content-length' => '32',
  'connection' => 'close',
  'host' => 'www.mytest.com',
)
[ info ] [ PARAM ] array (
  '/admin/login/index_html' => '',
  'username' => 'admin',
  'password' => 'cs123456',
)
[ info ] [ DB ] INIT mysql
---------------------------------------------------------------
[ 2019-01-21T09:15:39+08:00 ] 127.0.0.1 GET www.mytest.com/admin/index/index.html
[运行时间：0.100506s] [吞吐率：9.95req/s] [内存消耗：2,737.73kb] [文件加载：111]
[ info ] [ LANG ] D:\phpstudy\PHPTutorial\WWW\project\thinkphp\lang\zh-cn.php
[ info ] [ ROUTE ] array (
)
[ info ] [ HEADER ] array (
  'cookie' => 'PHPSESSID=56toto3gs2mlhijfepckaiuvjd',
  'accept-language' => 'zh-CN,zh;q=0.9',
  'accept-encoding' => 'gzip, deflate',
  'referer' => 'http://www.mytest.com/admin/login/index',
  'accept' => 'text/html,application/xhtml+xml,application/xml;q=0.9,image/webp,image/apng,*/*;q=0.8',
  'user-agent' => 'Mozilla/5.0 (Windows NT 10.0; WOW64) AppleWebKit/537.36 (KHTML, like Gecko) Chrome/69.0.3497.81 Safari/537.36',
  'upgrade-insecure-requests' => '1',
  'connection' => 'close',
  'host' => 'www.mytest.com',
)
[ info ] [ PARAM ] array (
  '/admin/index/index_html' => '',
)
[ info ] [ VIEW ] D:\phpstudy\PHPTutorial\WWW\project\application\admin\view\index\index.html [ array (
  0 => 'user_auth',
) ]
---------------------------------------------------------------
[ 2019-01-21T09:16:00+08:00 ] 127.0.0.1 GET www.mytest.com/admin/auth/index
[运行时间：0.095990s] [吞吐率：10.42req/s] [内存消耗：2,757.29kb] [文件加载：112]
[ info ] [ LANG ] D:\phpstudy\PHPTutorial\WWW\project\thinkphp\lang\zh-cn.php
[ info ] [ ROUTE ] array (
)
[ info ] [ HEADER ] array (
  'cookie' => 'PHPSESSID=56toto3gs2mlhijfepckaiuvjd',
  'accept-language' => 'zh-CN,zh;q=0.9',
  'accept-encoding' => 'gzip, deflate',
  'referer' => 'http://www.mytest.com/admin/index/index.html',
  'accept' => 'text/html,application/xhtml+xml,application/xml;q=0.9,image/webp,image/apng,*/*;q=0.8',
  'user-agent' => 'Mozilla/5.0 (Windows NT 10.0; WOW64) AppleWebKit/537.36 (KHTML, like Gecko) Chrome/69.0.3497.81 Safari/537.36',
  'upgrade-insecure-requests' => '1',
  'connection' => 'close',
  'host' => 'www.mytest.com',
)
[ info ] [ PARAM ] array (
  '/admin/auth/index' => '',
)
[ info ] [ VIEW ] D:\phpstudy\PHPTutorial\WWW\project\application\admin\view\auth\index.html [ array (
  0 => 'user_auth',
) ]
---------------------------------------------------------------
[ 2019-01-21T09:16:01+08:00 ] 127.0.0.1 GET www.mytest.com/admin/auth/getAuthList?page=1&page_size=10
[运行时间：0.269764s] [吞吐率：3.71req/s] [内存消耗：3,562.83kb] [文件加载：117]
[ info ] [ LANG ] D:\phpstudy\PHPTutorial\WWW\project\thinkphp\lang\zh-cn.php
[ info ] [ ROUTE ] array (
)
[ info ] [ HEADER ] array (
  'cookie' => 'PHPSESSID=56toto3gs2mlhijfepckaiuvjd',
  'accept-language' => 'zh-CN,zh;q=0.9',
  'accept-encoding' => 'gzip, deflate',
  'referer' => 'http://www.mytest.com/admin/auth/index',
  'user-agent' => 'Mozilla/5.0 (Windows NT 10.0; WOW64) AppleWebKit/537.36 (KHTML, like Gecko) Chrome/69.0.3497.81 Safari/537.36',
  'x-requested-with' => 'XMLHttpRequest',
  'accept' => 'application/json, text/javascript, */*; q=0.01',
  'connection' => 'close',
  'host' => 'www.mytest.com',
)
[ info ] [ PARAM ] array (
  '/admin/auth/getAuthList' => '',
  'page' => '1',
  'page_size' => '10',
)
[ info ] [ DB ] INIT mysql
---------------------------------------------------------------
[ 2019-01-21T09:16:44+08:00 ] 127.0.0.1 GET www.mytest.com/admin/auth/index
[运行时间：0.084372s] [吞吐率：11.85req/s] [内存消耗：2,757.48kb] [文件加载：112]
[ info ] [ LANG ] D:\phpstudy\PHPTutorial\WWW\project\thinkphp\lang\zh-cn.php
[ info ] [ ROUTE ] array (
)
[ info ] [ HEADER ] array (
  'cookie' => 'PHPSESSID=56toto3gs2mlhijfepckaiuvjd',
  'accept-language' => 'zh-CN,zh;q=0.9',
  'accept-encoding' => 'gzip, deflate',
  'referer' => 'http://www.mytest.com/admin/index/index.html',
  'accept' => 'text/html,application/xhtml+xml,application/xml;q=0.9,image/webp,image/apng,*/*;q=0.8',
  'user-agent' => 'Mozilla/5.0 (Windows NT 10.0; WOW64) AppleWebKit/537.36 (KHTML, like Gecko) Chrome/69.0.3497.81 Safari/537.36',
  'upgrade-insecure-requests' => '1',
  'cache-control' => 'max-age=0',
  'connection' => 'close',
  'host' => 'www.mytest.com',
)
[ info ] [ PARAM ] array (
  '/admin/auth/index' => '',
)
[ info ] [ VIEW ] D:\phpstudy\PHPTutorial\WWW\project\application\admin\view\auth\index.html [ array (
  0 => 'user_auth',
) ]
---------------------------------------------------------------
[ 2019-01-21T09:16:44+08:00 ] 127.0.0.1 GET www.mytest.com/admin/auth/getAuthList?page=1&page_size=10
[运行时间：0.318758s] [吞吐率：3.14req/s] [内存消耗：3,562.83kb] [文件加载：117]
[ info ] [ LANG ] D:\phpstudy\PHPTutorial\WWW\project\thinkphp\lang\zh-cn.php
[ info ] [ ROUTE ] array (
)
[ info ] [ HEADER ] array (
  'cookie' => 'PHPSESSID=56toto3gs2mlhijfepckaiuvjd',
  'accept-language' => 'zh-CN,zh;q=0.9',
  'accept-encoding' => 'gzip, deflate',
  'referer' => 'http://www.mytest.com/admin/auth/index',
  'user-agent' => 'Mozilla/5.0 (Windows NT 10.0; WOW64) AppleWebKit/537.36 (KHTML, like Gecko) Chrome/69.0.3497.81 Safari/537.36',
  'x-requested-with' => 'XMLHttpRequest',
  'accept' => 'application/json, text/javascript, */*; q=0.01',
  'connection' => 'close',
  'host' => 'www.mytest.com',
)
[ info ] [ PARAM ] array (
  '/admin/auth/getAuthList' => '',
  'page' => '1',
  'page_size' => '10',
)
[ info ] [ DB ] INIT mysql
---------------------------------------------------------------
[ 2019-01-21T09:16:45+08:00 ] 127.0.0.1 GET www.mytest.com/admin/auth/index
[运行时间：0.082881s] [吞吐率：12.07req/s] [内存消耗：2,757.48kb] [文件加载：112]
[ info ] [ LANG ] D:\phpstudy\PHPTutorial\WWW\project\thinkphp\lang\zh-cn.php
[ info ] [ ROUTE ] array (
)
[ info ] [ HEADER ] array (
  'cookie' => 'PHPSESSID=56toto3gs2mlhijfepckaiuvjd',
  'accept-language' => 'zh-CN,zh;q=0.9',
  'accept-encoding' => 'gzip, deflate',
  'referer' => 'http://www.mytest.com/admin/index/index.html',
  'accept' => 'text/html,application/xhtml+xml,application/xml;q=0.9,image/webp,image/apng,*/*;q=0.8',
  'user-agent' => 'Mozilla/5.0 (Windows NT 10.0; WOW64) AppleWebKit/537.36 (KHTML, like Gecko) Chrome/69.0.3497.81 Safari/537.36',
  'upgrade-insecure-requests' => '1',
  'cache-control' => 'max-age=0',
  'connection' => 'close',
  'host' => 'www.mytest.com',
)
[ info ] [ PARAM ] array (
  '/admin/auth/index' => '',
)
[ info ] [ VIEW ] D:\phpstudy\PHPTutorial\WWW\project\application\admin\view\auth\index.html [ array (
  0 => 'user_auth',
) ]
---------------------------------------------------------------
[ 2019-01-21T09:16:46+08:00 ] 127.0.0.1 GET www.mytest.com/admin/auth/getAuthList?page=1&page_size=10
[运行时间：0.365435s] [吞吐率：2.74req/s] [内存消耗：3,562.83kb] [文件加载：117]
[ info ] [ LANG ] D:\phpstudy\PHPTutorial\WWW\project\thinkphp\lang\zh-cn.php
[ info ] [ ROUTE ] array (
)
[ info ] [ HEADER ] array (
  'cookie' => 'PHPSESSID=56toto3gs2mlhijfepckaiuvjd',
  'accept-language' => 'zh-CN,zh;q=0.9',
  'accept-encoding' => 'gzip, deflate',
  'referer' => 'http://www.mytest.com/admin/auth/index',
  'user-agent' => 'Mozilla/5.0 (Windows NT 10.0; WOW64) AppleWebKit/537.36 (KHTML, like Gecko) Chrome/69.0.3497.81 Safari/537.36',
  'x-requested-with' => 'XMLHttpRequest',
  'accept' => 'application/json, text/javascript, */*; q=0.01',
  'connection' => 'close',
  'host' => 'www.mytest.com',
)
[ info ] [ PARAM ] array (
  '/admin/auth/getAuthList' => '',
  'page' => '1',
  'page_size' => '10',
)
[ info ] [ DB ] INIT mysql
---------------------------------------------------------------
[ 2019-01-21T09:16:52+08:00 ] 127.0.0.1 GET www.mytest.com/admin/auth/index
[运行时间：0.096118s] [吞吐率：10.40req/s] [内存消耗：2,757.48kb] [文件加载：112]
[ info ] [ LANG ] D:\phpstudy\PHPTutorial\WWW\project\thinkphp\lang\zh-cn.php
[ info ] [ ROUTE ] array (
)
[ info ] [ HEADER ] array (
  'cookie' => 'PHPSESSID=56toto3gs2mlhijfepckaiuvjd',
  'accept-language' => 'zh-CN,zh;q=0.9',
  'accept-encoding' => 'gzip, deflate',
  'referer' => 'http://www.mytest.com/admin/index/index.html',
  'accept' => 'text/html,application/xhtml+xml,application/xml;q=0.9,image/webp,image/apng,*/*;q=0.8',
  'user-agent' => 'Mozilla/5.0 (Windows NT 10.0; WOW64) AppleWebKit/537.36 (KHTML, like Gecko) Chrome/69.0.3497.81 Safari/537.36',
  'upgrade-insecure-requests' => '1',
  'cache-control' => 'max-age=0',
  'connection' => 'close',
  'host' => 'www.mytest.com',
)
[ info ] [ PARAM ] array (
  '/admin/auth/index' => '',
)
[ info ] [ VIEW ] D:\phpstudy\PHPTutorial\WWW\project\application\admin\view\auth\index.html [ array (
  0 => 'user_auth',
) ]
---------------------------------------------------------------
[ 2019-01-21T09:16:52+08:00 ] 127.0.0.1 GET www.mytest.com/admin/auth/getAuthList?page=1&page_size=10
[运行时间：0.258602s] [吞吐率：3.87req/s] [内存消耗：3,562.83kb] [文件加载：117]
[ info ] [ LANG ] D:\phpstudy\PHPTutorial\WWW\project\thinkphp\lang\zh-cn.php
[ info ] [ ROUTE ] array (
)
[ info ] [ HEADER ] array (
  'cookie' => 'PHPSESSID=56toto3gs2mlhijfepckaiuvjd',
  'accept-language' => 'zh-CN,zh;q=0.9',
  'accept-encoding' => 'gzip, deflate',
  'referer' => 'http://www.mytest.com/admin/auth/index',
  'user-agent' => 'Mozilla/5.0 (Windows NT 10.0; WOW64) AppleWebKit/537.36 (KHTML, like Gecko) Chrome/69.0.3497.81 Safari/537.36',
  'x-requested-with' => 'XMLHttpRequest',
  'accept' => 'application/json, text/javascript, */*; q=0.01',
  'connection' => 'close',
  'host' => 'www.mytest.com',
)
[ info ] [ PARAM ] array (
  '/admin/auth/getAuthList' => '',
  'page' => '1',
  'page_size' => '10',
)
[ info ] [ DB ] INIT mysql
---------------------------------------------------------------
[ 2019-01-21T09:17:01+08:00 ] 127.0.0.1 GET www.mytest.com/admin/auth/index
[运行时间：0.086700s] [吞吐率：11.53req/s] [内存消耗：2,757.48kb] [文件加载：112]
[ info ] [ LANG ] D:\phpstudy\PHPTutorial\WWW\project\thinkphp\lang\zh-cn.php
[ info ] [ ROUTE ] array (
)
[ info ] [ HEADER ] array (
  'cookie' => 'PHPSESSID=56toto3gs2mlhijfepckaiuvjd',
  'accept-language' => 'zh-CN,zh;q=0.9',
  'accept-encoding' => 'gzip, deflate',
  'referer' => 'http://www.mytest.com/admin/index/index.html',
  'accept' => 'text/html,application/xhtml+xml,application/xml;q=0.9,image/webp,image/apng,*/*;q=0.8',
  'user-agent' => 'Mozilla/5.0 (Windows NT 10.0; WOW64) AppleWebKit/537.36 (KHTML, like Gecko) Chrome/69.0.3497.81 Safari/537.36',
  'upgrade-insecure-requests' => '1',
  'cache-control' => 'max-age=0',
  'connection' => 'close',
  'host' => 'www.mytest.com',
)
[ info ] [ PARAM ] array (
  '/admin/auth/index' => '',
)
[ info ] [ VIEW ] D:\phpstudy\PHPTutorial\WWW\project\application\admin\view\auth\index.html [ array (
  0 => 'user_auth',
) ]
---------------------------------------------------------------
[ 2019-01-21T09:17:02+08:00 ] 127.0.0.1 GET www.mytest.com/admin/auth/getAuthList?page=1&page_size=10
[运行时间：0.258340s] [吞吐率：3.87req/s] [内存消耗：3,562.83kb] [文件加载：117]
[ info ] [ LANG ] D:\phpstudy\PHPTutorial\WWW\project\thinkphp\lang\zh-cn.php
[ info ] [ ROUTE ] array (
)
[ info ] [ HEADER ] array (
  'cookie' => 'PHPSESSID=56toto3gs2mlhijfepckaiuvjd',
  'accept-language' => 'zh-CN,zh;q=0.9',
  'accept-encoding' => 'gzip, deflate',
  'referer' => 'http://www.mytest.com/admin/auth/index',
  'user-agent' => 'Mozilla/5.0 (Windows NT 10.0; WOW64) AppleWebKit/537.36 (KHTML, like Gecko) Chrome/69.0.3497.81 Safari/537.36',
  'x-requested-with' => 'XMLHttpRequest',
  'accept' => 'application/json, text/javascript, */*; q=0.01',
  'connection' => 'close',
  'host' => 'www.mytest.com',
)
[ info ] [ PARAM ] array (
  '/admin/auth/getAuthList' => '',
  'page' => '1',
  'page_size' => '10',
)
[ info ] [ DB ] INIT mysql
---------------------------------------------------------------
[ 2019-01-21T09:17:17+08:00 ] 127.0.0.1 GET www.mytest.com/admin/auth/getAuthList?page=1&page_size=10&status=1
[运行时间：0.339346s] [吞吐率：2.95req/s] [内存消耗：3,546.24kb] [文件加载：117]
[ info ] [ LANG ] D:\phpstudy\PHPTutorial\WWW\project\thinkphp\lang\zh-cn.php
[ info ] [ ROUTE ] array (
)
[ info ] [ HEADER ] array (
  'cookie' => 'PHPSESSID=56toto3gs2mlhijfepckaiuvjd',
  'accept-language' => 'zh-CN,zh;q=0.9',
  'accept-encoding' => 'gzip, deflate',
  'referer' => 'http://www.mytest.com/admin/auth/index',
  'user-agent' => 'Mozilla/5.0 (Windows NT 10.0; WOW64) AppleWebKit/537.36 (KHTML, like Gecko) Chrome/69.0.3497.81 Safari/537.36',
  'x-requested-with' => 'XMLHttpRequest',
  'accept' => 'application/json, text/javascript, */*; q=0.01',
  'connection' => 'close',
  'host' => 'www.mytest.com',
)
[ info ] [ PARAM ] array (
  '/admin/auth/getAuthList' => '',
  'page' => '1',
  'page_size' => '10',
  'status' => '1',
)
[ info ] [ DB ] INIT mysql
---------------------------------------------------------------
[ 2019-01-21T09:17:18+08:00 ] 127.0.0.1 GET www.mytest.com/admin/auth/getAuthList?page=1&page_size=10&status=2
[运行时间：0.297456s] [吞吐率：3.36req/s] [内存消耗：3,544.47kb] [文件加载：117]
[ info ] [ LANG ] D:\phpstudy\PHPTutorial\WWW\project\thinkphp\lang\zh-cn.php
[ info ] [ ROUTE ] array (
)
[ info ] [ HEADER ] array (
  'cookie' => 'PHPSESSID=56toto3gs2mlhijfepckaiuvjd',
  'accept-language' => 'zh-CN,zh;q=0.9',
  'accept-encoding' => 'gzip, deflate',
  'referer' => 'http://www.mytest.com/admin/auth/index',
  'user-agent' => 'Mozilla/5.0 (Windows NT 10.0; WOW64) AppleWebKit/537.36 (KHTML, like Gecko) Chrome/69.0.3497.81 Safari/537.36',
  'x-requested-with' => 'XMLHttpRequest',
  'accept' => 'application/json, text/javascript, */*; q=0.01',
  'connection' => 'close',
  'host' => 'www.mytest.com',
)
[ info ] [ PARAM ] array (
  '/admin/auth/getAuthList' => '',
  'page' => '1',
  'page_size' => '10',
  'status' => '2',
)
[ info ] [ DB ] INIT mysql
---------------------------------------------------------------
[ 2019-01-21T09:17:19+08:00 ] 127.0.0.1 GET www.mytest.com/admin/auth/getAuthList?page=1&page_size=10&status=3
[运行时间：0.303069s] [吞吐率：3.30req/s] [内存消耗：3,562.06kb] [文件加载：117]
[ info ] [ LANG ] D:\phpstudy\PHPTutorial\WWW\project\thinkphp\lang\zh-cn.php
[ info ] [ ROUTE ] array (
)
[ info ] [ HEADER ] array (
  'cookie' => 'PHPSESSID=56toto3gs2mlhijfepckaiuvjd',
  'accept-language' => 'zh-CN,zh;q=0.9',
  'accept-encoding' => 'gzip, deflate',
  'referer' => 'http://www.mytest.com/admin/auth/index',
  'user-agent' => 'Mozilla/5.0 (Windows NT 10.0; WOW64) AppleWebKit/537.36 (KHTML, like Gecko) Chrome/69.0.3497.81 Safari/537.36',
  'x-requested-with' => 'XMLHttpRequest',
  'accept' => 'application/json, text/javascript, */*; q=0.01',
  'connection' => 'close',
  'host' => 'www.mytest.com',
)
[ info ] [ PARAM ] array (
  '/admin/auth/getAuthList' => '',
  'page' => '1',
  'page_size' => '10',
  'status' => '3',
)
[ info ] [ DB ] INIT mysql
---------------------------------------------------------------
[ 2019-01-21T09:17:20+08:00 ] 127.0.0.1 GET www.mytest.com/admin/auth/getAuthList?page=1&page_size=10&status=0
[运行时间：0.283667s] [吞吐率：3.53req/s] [内存消耗：3,562.91kb] [文件加载：117]
[ info ] [ LANG ] D:\phpstudy\PHPTutorial\WWW\project\thinkphp\lang\zh-cn.php
[ info ] [ ROUTE ] array (
)
[ info ] [ HEADER ] array (
  'cookie' => 'PHPSESSID=56toto3gs2mlhijfepckaiuvjd',
  'accept-language' => 'zh-CN,zh;q=0.9',
  'accept-encoding' => 'gzip, deflate',
  'referer' => 'http://www.mytest.com/admin/auth/index',
  'user-agent' => 'Mozilla/5.0 (Windows NT 10.0; WOW64) AppleWebKit/537.36 (KHTML, like Gecko) Chrome/69.0.3497.81 Safari/537.36',
  'x-requested-with' => 'XMLHttpRequest',
  'accept' => 'application/json, text/javascript, */*; q=0.01',
  'connection' => 'close',
  'host' => 'www.mytest.com',
)
[ info ] [ PARAM ] array (
  '/admin/auth/getAuthList' => '',
  'page' => '1',
  'page_size' => '10',
  'status' => '0',
)
[ info ] [ DB ] INIT mysql
---------------------------------------------------------------
[ 2019-01-21T09:17:36+08:00 ] 127.0.0.1 GET www.mytest.com/admin/auth/index
[运行时间：0.096050s] [吞吐率：10.41req/s] [内存消耗：2,757.48kb] [文件加载：112]
[ info ] [ LANG ] D:\phpstudy\PHPTutorial\WWW\project\thinkphp\lang\zh-cn.php
[ info ] [ ROUTE ] array (
)
[ info ] [ HEADER ] array (
  'cookie' => 'PHPSESSID=56toto3gs2mlhijfepckaiuvjd',
  'accept-language' => 'zh-CN,zh;q=0.9',
  'accept-encoding' => 'gzip, deflate',
  'referer' => 'http://www.mytest.com/admin/index/index.html',
  'accept' => 'text/html,application/xhtml+xml,application/xml;q=0.9,image/webp,image/apng,*/*;q=0.8',
  'user-agent' => 'Mozilla/5.0 (Windows NT 10.0; WOW64) AppleWebKit/537.36 (KHTML, like Gecko) Chrome/69.0.3497.81 Safari/537.36',
  'upgrade-insecure-requests' => '1',
  'cache-control' => 'max-age=0',
  'connection' => 'close',
  'host' => 'www.mytest.com',
)
[ info ] [ PARAM ] array (
  '/admin/auth/index' => '',
)
[ info ] [ VIEW ] D:\phpstudy\PHPTutorial\WWW\project\application\admin\view\auth\index.html [ array (
  0 => 'user_auth',
) ]
---------------------------------------------------------------
[ 2019-01-21T09:17:36+08:00 ] 127.0.0.1 GET www.mytest.com/admin/auth/getAuthList?page=1&page_size=10
[运行时间：0.382664s] [吞吐率：2.61req/s] [内存消耗：3,562.83kb] [文件加载：117]
[ info ] [ LANG ] D:\phpstudy\PHPTutorial\WWW\project\thinkphp\lang\zh-cn.php
[ info ] [ ROUTE ] array (
)
[ info ] [ HEADER ] array (
  'cookie' => 'PHPSESSID=56toto3gs2mlhijfepckaiuvjd',
  'accept-language' => 'zh-CN,zh;q=0.9',
  'accept-encoding' => 'gzip, deflate',
  'referer' => 'http://www.mytest.com/admin/auth/index',
  'user-agent' => 'Mozilla/5.0 (Windows NT 10.0; WOW64) AppleWebKit/537.36 (KHTML, like Gecko) Chrome/69.0.3497.81 Safari/537.36',
  'x-requested-with' => 'XMLHttpRequest',
  'accept' => 'application/json, text/javascript, */*; q=0.01',
  'connection' => 'close',
  'host' => 'www.mytest.com',
)
[ info ] [ PARAM ] array (
  '/admin/auth/getAuthList' => '',
  'page' => '1',
  'page_size' => '10',
)
[ info ] [ DB ] INIT mysql
---------------------------------------------------------------
[ 2019-01-21T09:17:52+08:00 ] 127.0.0.1 GET www.mytest.com/admin/auth/index
[运行时间：0.085493s] [吞吐率：11.70req/s] [内存消耗：2,757.48kb] [文件加载：112]
[ info ] [ LANG ] D:\phpstudy\PHPTutorial\WWW\project\thinkphp\lang\zh-cn.php
[ info ] [ ROUTE ] array (
)
[ info ] [ HEADER ] array (
  'cookie' => 'PHPSESSID=56toto3gs2mlhijfepckaiuvjd',
  'accept-language' => 'zh-CN,zh;q=0.9',
  'accept-encoding' => 'gzip, deflate',
  'referer' => 'http://www.mytest.com/admin/index/index.html',
  'accept' => 'text/html,application/xhtml+xml,application/xml;q=0.9,image/webp,image/apng,*/*;q=0.8',
  'user-agent' => 'Mozilla/5.0 (Windows NT 10.0; WOW64) AppleWebKit/537.36 (KHTML, like Gecko) Chrome/69.0.3497.81 Safari/537.36',
  'upgrade-insecure-requests' => '1',
  'cache-control' => 'max-age=0',
  'connection' => 'close',
  'host' => 'www.mytest.com',
)
[ info ] [ PARAM ] array (
  '/admin/auth/index' => '',
)
[ info ] [ VIEW ] D:\phpstudy\PHPTutorial\WWW\project\application\admin\view\auth\index.html [ array (
  0 => 'user_auth',
) ]
---------------------------------------------------------------
[ 2019-01-21T09:17:53+08:00 ] 127.0.0.1 GET www.mytest.com/admin/auth/getAuthList?page=1&page_size=10
[运行时间：0.324908s] [吞吐率：3.08req/s] [内存消耗：3,562.83kb] [文件加载：117]
[ info ] [ LANG ] D:\phpstudy\PHPTutorial\WWW\project\thinkphp\lang\zh-cn.php
[ info ] [ ROUTE ] array (
)
[ info ] [ HEADER ] array (
  'cookie' => 'PHPSESSID=56toto3gs2mlhijfepckaiuvjd',
  'accept-language' => 'zh-CN,zh;q=0.9',
  'accept-encoding' => 'gzip, deflate',
  'referer' => 'http://www.mytest.com/admin/auth/index',
  'user-agent' => 'Mozilla/5.0 (Windows NT 10.0; WOW64) AppleWebKit/537.36 (KHTML, like Gecko) Chrome/69.0.3497.81 Safari/537.36',
  'x-requested-with' => 'XMLHttpRequest',
  'accept' => 'application/json, text/javascript, */*; q=0.01',
  'connection' => 'close',
  'host' => 'www.mytest.com',
)
[ info ] [ PARAM ] array (
  '/admin/auth/getAuthList' => '',
  'page' => '1',
  'page_size' => '10',
)
[ info ] [ DB ] INIT mysql
---------------------------------------------------------------
[ 2019-01-21T09:38:09+08:00 ] 127.0.0.1 GET www.mytest.com/admin/auth/index
[运行时间：0.095316s] [吞吐率：10.49req/s] [内存消耗：2,757.48kb] [文件加载：112]
[ info ] [ LANG ] D:\phpstudy\PHPTutorial\WWW\project\thinkphp\lang\zh-cn.php
[ info ] [ ROUTE ] array (
)
[ info ] [ HEADER ] array (
  'cookie' => 'PHPSESSID=56toto3gs2mlhijfepckaiuvjd',
  'accept-language' => 'zh-CN,zh;q=0.9',
  'accept-encoding' => 'gzip, deflate',
  'referer' => 'http://www.mytest.com/admin/index/index.html',
  'accept' => 'text/html,application/xhtml+xml,application/xml;q=0.9,image/webp,image/apng,*/*;q=0.8',
  'user-agent' => 'Mozilla/5.0 (Windows NT 10.0; WOW64) AppleWebKit/537.36 (KHTML, like Gecko) Chrome/69.0.3497.81 Safari/537.36',
  'upgrade-insecure-requests' => '1',
  'cache-control' => 'max-age=0',
  'connection' => 'close',
  'host' => 'www.mytest.com',
)
[ info ] [ PARAM ] array (
  '/admin/auth/index' => '',
)
[ info ] [ VIEW ] D:\phpstudy\PHPTutorial\WWW\project\application\admin\view\auth\index.html [ array (
  0 => 'user_auth',
) ]
---------------------------------------------------------------
[ 2019-01-21T09:38:09+08:00 ] 127.0.0.1 GET www.mytest.com/admin/auth/getAuthList?page=1&page_size=10
[运行时间：0.326078s] [吞吐率：3.07req/s] [内存消耗：3,562.83kb] [文件加载：117]
[ info ] [ LANG ] D:\phpstudy\PHPTutorial\WWW\project\thinkphp\lang\zh-cn.php
[ info ] [ ROUTE ] array (
)
[ info ] [ HEADER ] array (
  'cookie' => 'PHPSESSID=56toto3gs2mlhijfepckaiuvjd',
  'accept-language' => 'zh-CN,zh;q=0.9',
  'accept-encoding' => 'gzip, deflate',
  'referer' => 'http://www.mytest.com/admin/auth/index',
  'user-agent' => 'Mozilla/5.0 (Windows NT 10.0; WOW64) AppleWebKit/537.36 (KHTML, like Gecko) Chrome/69.0.3497.81 Safari/537.36',
  'x-requested-with' => 'XMLHttpRequest',
  'accept' => 'application/json, text/javascript, */*; q=0.01',
  'connection' => 'close',
  'host' => 'www.mytest.com',
)
[ info ] [ PARAM ] array (
  '/admin/auth/getAuthList' => '',
  'page' => '1',
  'page_size' => '10',
)
[ info ] [ DB ] INIT mysql
---------------------------------------------------------------
[ 2019-01-21T09:38:32+08:00 ] 127.0.0.1 GET www.mytest.com/admin/auth/index
[运行时间：0.084135s] [吞吐率：11.89req/s] [内存消耗：2,757.28kb] [文件加载：112]
[ info ] [ LANG ] D:\phpstudy\PHPTutorial\WWW\project\thinkphp\lang\zh-cn.php
[ info ] [ ROUTE ] array (
)
[ info ] [ HEADER ] array (
  'cookie' => 'PHPSESSID=56toto3gs2mlhijfepckaiuvjd',
  'accept-language' => 'zh-CN,zh;q=0.9',
  'accept-encoding' => 'gzip, deflate',
  'referer' => 'http://www.mytest.com/admin/auth/index',
  'accept' => 'text/html,application/xhtml+xml,application/xml;q=0.9,image/webp,image/apng,*/*;q=0.8',
  'user-agent' => 'Mozilla/5.0 (Windows NT 10.0; WOW64) AppleWebKit/537.36 (KHTML, like Gecko) Chrome/69.0.3497.81 Safari/537.36',
  'upgrade-insecure-requests' => '1',
  'connection' => 'close',
  'host' => 'www.mytest.com',
)
[ info ] [ PARAM ] array (
  '/admin/auth/index' => '',
)
[ info ] [ VIEW ] D:\phpstudy\PHPTutorial\WWW\project\application\admin\view\auth\index.html [ array (
  0 => 'user_auth',
) ]
---------------------------------------------------------------
[ 2019-01-21T09:38:33+08:00 ] 127.0.0.1 GET www.mytest.com/admin/auth/getAuthList?page=1&page_size=10
[运行时间：0.369293s] [吞吐率：2.71req/s] [内存消耗：3,562.83kb] [文件加载：117]
[ info ] [ LANG ] D:\phpstudy\PHPTutorial\WWW\project\thinkphp\lang\zh-cn.php
[ info ] [ ROUTE ] array (
)
[ info ] [ HEADER ] array (
  'cookie' => 'PHPSESSID=56toto3gs2mlhijfepckaiuvjd',
  'accept-language' => 'zh-CN,zh;q=0.9',
  'accept-encoding' => 'gzip, deflate',
  'referer' => 'http://www.mytest.com/admin/auth/index',
  'user-agent' => 'Mozilla/5.0 (Windows NT 10.0; WOW64) AppleWebKit/537.36 (KHTML, like Gecko) Chrome/69.0.3497.81 Safari/537.36',
  'x-requested-with' => 'XMLHttpRequest',
  'accept' => 'application/json, text/javascript, */*; q=0.01',
  'connection' => 'close',
  'host' => 'www.mytest.com',
)
[ info ] [ PARAM ] array (
  '/admin/auth/getAuthList' => '',
  'page' => '1',
  'page_size' => '10',
)
[ info ] [ DB ] INIT mysql
---------------------------------------------------------------
[ 2019-01-21T09:40:50+08:00 ] 127.0.0.1 GET www.mytest.com/admin/goods/index
[运行时间：0.125985s] [吞吐率：7.94req/s] [内存消耗：2,812.79kb] [文件加载：113]
[ info ] [ LANG ] D:\phpstudy\PHPTutorial\WWW\project\thinkphp\lang\zh-cn.php
[ info ] [ ROUTE ] array (
)
[ info ] [ HEADER ] array (
  'cookie' => 'PHPSESSID=56toto3gs2mlhijfepckaiuvjd',
  'accept-language' => 'zh-CN,zh;q=0.9',
  'accept-encoding' => 'gzip, deflate',
  'referer' => 'http://www.mytest.com/admin/auth/index',
  'accept' => 'text/html,application/xhtml+xml,application/xml;q=0.9,image/webp,image/apng,*/*;q=0.8',
  'user-agent' => 'Mozilla/5.0 (Windows NT 10.0; WOW64) AppleWebKit/537.36 (KHTML, like Gecko) Chrome/69.0.3497.81 Safari/537.36',
  'upgrade-insecure-requests' => '1',
  'connection' => 'close',
  'host' => 'www.mytest.com',
)
[ info ] [ PARAM ] array (
  '/admin/goods/index' => '',
)
[ info ] [ VIEW ] D:\phpstudy\PHPTutorial\WWW\project\application\admin\view\goods\index.html [ array (
  0 => 'user_auth',
) ]
---------------------------------------------------------------
[ 2019-01-21T09:40:50+08:00 ] 127.0.0.1 GET www.mytest.com/admin/goods/getGoodsList?page=1&page_size=10
[运行时间：0.372167s] [吞吐率：2.69req/s] [内存消耗：3,601.51kb] [文件加载：118]
[ info ] [ LANG ] D:\phpstudy\PHPTutorial\WWW\project\thinkphp\lang\zh-cn.php
[ info ] [ ROUTE ] array (
)
[ info ] [ HEADER ] array (
  'cookie' => 'PHPSESSID=56toto3gs2mlhijfepckaiuvjd',
  'accept-language' => 'zh-CN,zh;q=0.9',
  'accept-encoding' => 'gzip, deflate',
  'referer' => 'http://www.mytest.com/admin/goods/index',
  'user-agent' => 'Mozilla/5.0 (Windows NT 10.0; WOW64) AppleWebKit/537.36 (KHTML, like Gecko) Chrome/69.0.3497.81 Safari/537.36',
  'x-requested-with' => 'XMLHttpRequest',
  'accept' => 'application/json, text/javascript, */*; q=0.01',
  'connection' => 'close',
  'host' => 'www.mytest.com',
)
[ info ] [ PARAM ] array (
  '/admin/goods/getGoodsList' => '',
  'page' => '1',
  'page_size' => '10',
)
[ info ] [ DB ] INIT mysql
---------------------------------------------------------------
[ 2019-01-21T13:33:36+08:00 ] 127.0.0.1 GET www.mytest.com/admin/goods/index
[运行时间：0.112753s] [吞吐率：8.87req/s] [内存消耗：2,812.98kb] [文件加载：113]
[ info ] [ LANG ] D:\phpstudy\PHPTutorial\WWW\project\thinkphp\lang\zh-cn.php
[ info ] [ ROUTE ] array (
)
[ info ] [ HEADER ] array (
  'cookie' => 'PHPSESSID=56toto3gs2mlhijfepckaiuvjd',
  'accept-language' => 'zh-CN,zh;q=0.9',
  'accept-encoding' => 'gzip, deflate',
  'referer' => 'http://www.mytest.com/admin/auth/index',
  'accept' => 'text/html,application/xhtml+xml,application/xml;q=0.9,image/webp,image/apng,*/*;q=0.8',
  'user-agent' => 'Mozilla/5.0 (Windows NT 10.0; WOW64) AppleWebKit/537.36 (KHTML, like Gecko) Chrome/69.0.3497.81 Safari/537.36',
  'upgrade-insecure-requests' => '1',
  'cache-control' => 'max-age=0',
  'connection' => 'close',
  'host' => 'www.mytest.com',
)
[ info ] [ PARAM ] array (
  '/admin/goods/index' => '',
)
[ info ] [ VIEW ] D:\phpstudy\PHPTutorial\WWW\project\application\admin\view\goods\index.html [ array (
  0 => 'user_auth',
) ]
---------------------------------------------------------------
[ 2019-01-21T13:33:37+08:00 ] 127.0.0.1 GET www.mytest.com/admin/goods/getGoodsList?page=1&page_size=10
[运行时间：0.265344s] [吞吐率：3.77req/s] [内存消耗：3,601.51kb] [文件加载：118]
[ info ] [ LANG ] D:\phpstudy\PHPTutorial\WWW\project\thinkphp\lang\zh-cn.php
[ info ] [ ROUTE ] array (
)
[ info ] [ HEADER ] array (
  'cookie' => 'PHPSESSID=56toto3gs2mlhijfepckaiuvjd',
  'accept-language' => 'zh-CN,zh;q=0.9',
  'accept-encoding' => 'gzip, deflate',
  'referer' => 'http://www.mytest.com/admin/goods/index',
  'user-agent' => 'Mozilla/5.0 (Windows NT 10.0; WOW64) AppleWebKit/537.36 (KHTML, like Gecko) Chrome/69.0.3497.81 Safari/537.36',
  'x-requested-with' => 'XMLHttpRequest',
  'accept' => 'application/json, text/javascript, */*; q=0.01',
  'connection' => 'close',
  'host' => 'www.mytest.com',
)
[ info ] [ PARAM ] array (
  '/admin/goods/getGoodsList' => '',
  'page' => '1',
  'page_size' => '10',
)
[ info ] [ DB ] INIT mysql
---------------------------------------------------------------
[ 2019-01-21T13:34:01+08:00 ] 127.0.0.1 GET www.mytest.com/admin/goods/index
[运行时间：0.086511s] [吞吐率：11.56req/s] [内存消耗：2,812.79kb] [文件加载：113]
[ info ] [ LANG ] D:\phpstudy\PHPTutorial\WWW\project\thinkphp\lang\zh-cn.php
[ info ] [ ROUTE ] array (
)
[ info ] [ HEADER ] array (
  'cookie' => 'PHPSESSID=56toto3gs2mlhijfepckaiuvjd',
  'accept-language' => 'zh-CN,zh;q=0.9',
  'accept-encoding' => 'gzip, deflate',
  'referer' => 'http://www.mytest.com/admin/goods/index',
  'accept' => 'text/html,application/xhtml+xml,application/xml;q=0.9,image/webp,image/apng,*/*;q=0.8',
  'user-agent' => 'Mozilla/5.0 (Windows NT 10.0; WOW64) AppleWebKit/537.36 (KHTML, like Gecko) Chrome/69.0.3497.81 Safari/537.36',
  'upgrade-insecure-requests' => '1',
  'connection' => 'close',
  'host' => 'www.mytest.com',
)
[ info ] [ PARAM ] array (
  '/admin/goods/index' => '',
)
[ info ] [ VIEW ] D:\phpstudy\PHPTutorial\WWW\project\application\admin\view\goods\index.html [ array (
  0 => 'user_auth',
) ]
---------------------------------------------------------------
[ 2019-01-21T13:34:02+08:00 ] 127.0.0.1 GET www.mytest.com/admin/goods/getGoodsList?page=1&page_size=10
[运行时间：0.360284s] [吞吐率：2.78req/s] [内存消耗：3,601.51kb] [文件加载：118]
[ info ] [ LANG ] D:\phpstudy\PHPTutorial\WWW\project\thinkphp\lang\zh-cn.php
[ info ] [ ROUTE ] array (
)
[ info ] [ HEADER ] array (
  'cookie' => 'PHPSESSID=56toto3gs2mlhijfepckaiuvjd',
  'accept-language' => 'zh-CN,zh;q=0.9',
  'accept-encoding' => 'gzip, deflate',
  'referer' => 'http://www.mytest.com/admin/goods/index',
  'user-agent' => 'Mozilla/5.0 (Windows NT 10.0; WOW64) AppleWebKit/537.36 (KHTML, like Gecko) Chrome/69.0.3497.81 Safari/537.36',
  'x-requested-with' => 'XMLHttpRequest',
  'accept' => 'application/json, text/javascript, */*; q=0.01',
  'connection' => 'close',
  'host' => 'www.mytest.com',
)
[ info ] [ PARAM ] array (
  '/admin/goods/getGoodsList' => '',
  'page' => '1',
  'page_size' => '10',
)
[ info ] [ DB ] INIT mysql
---------------------------------------------------------------
[ 2019-01-21T13:34:04+08:00 ] 127.0.0.1 GET www.mytest.com/admin/seller/index
[运行时间：0.115462s] [吞吐率：8.66req/s] [内存消耗：2,744.76kb] [文件加载：112]
[ info ] [ LANG ] D:\phpstudy\PHPTutorial\WWW\project\thinkphp\lang\zh-cn.php
[ info ] [ ROUTE ] array (
)
[ info ] [ HEADER ] array (
  'cookie' => 'PHPSESSID=56toto3gs2mlhijfepckaiuvjd',
  'accept-language' => 'zh-CN,zh;q=0.9',
  'accept-encoding' => 'gzip, deflate',
  'referer' => 'http://www.mytest.com/admin/goods/index',
  'accept' => 'text/html,application/xhtml+xml,application/xml;q=0.9,image/webp,image/apng,*/*;q=0.8',
  'user-agent' => 'Mozilla/5.0 (Windows NT 10.0; WOW64) AppleWebKit/537.36 (KHTML, like Gecko) Chrome/69.0.3497.81 Safari/537.36',
  'upgrade-insecure-requests' => '1',
  'connection' => 'close',
  'host' => 'www.mytest.com',
)
[ info ] [ PARAM ] array (
  '/admin/seller/index' => '',
)
[ info ] [ VIEW ] D:\phpstudy\PHPTutorial\WWW\project\application\admin\view\seller\index.html [ array (
  0 => 'user_auth',
) ]
---------------------------------------------------------------
[ 2019-01-21T13:34:04+08:00 ] 127.0.0.1 GET www.mytest.com/admin/seller/getSellerList?page=1&page_size=10
[运行时间：0.255617s] [吞吐率：3.91req/s] [内存消耗：3,521.70kb] [文件加载：117]
[ info ] [ LANG ] D:\phpstudy\PHPTutorial\WWW\project\thinkphp\lang\zh-cn.php
[ info ] [ ROUTE ] array (
)
[ info ] [ HEADER ] array (
  'cookie' => 'PHPSESSID=56toto3gs2mlhijfepckaiuvjd',
  'accept-language' => 'zh-CN,zh;q=0.9',
  'accept-encoding' => 'gzip, deflate',
  'referer' => 'http://www.mytest.com/admin/seller/index',
  'user-agent' => 'Mozilla/5.0 (Windows NT 10.0; WOW64) AppleWebKit/537.36 (KHTML, like Gecko) Chrome/69.0.3497.81 Safari/537.36',
  'x-requested-with' => 'XMLHttpRequest',
  'accept' => 'application/json, text/javascript, */*; q=0.01',
  'connection' => 'close',
  'host' => 'www.mytest.com',
)
[ info ] [ PARAM ] array (
  '/admin/seller/getSellerList' => '',
  'page' => '1',
  'page_size' => '10',
)
[ info ] [ DB ] INIT mysql
---------------------------------------------------------------
[ 2019-01-21T13:34:05+08:00 ] 127.0.0.1 GET www.mytest.com/admin/auth/index
[运行时间：0.083591s] [吞吐率：11.96req/s] [内存消耗：2,757.29kb] [文件加载：112]
[ info ] [ LANG ] D:\phpstudy\PHPTutorial\WWW\project\thinkphp\lang\zh-cn.php
[ info ] [ ROUTE ] array (
)
[ info ] [ HEADER ] array (
  'cookie' => 'PHPSESSID=56toto3gs2mlhijfepckaiuvjd',
  'accept-language' => 'zh-CN,zh;q=0.9',
  'accept-encoding' => 'gzip, deflate',
  'referer' => 'http://www.mytest.com/admin/seller/index',
  'accept' => 'text/html,application/xhtml+xml,application/xml;q=0.9,image/webp,image/apng,*/*;q=0.8',
  'user-agent' => 'Mozilla/5.0 (Windows NT 10.0; WOW64) AppleWebKit/537.36 (KHTML, like Gecko) Chrome/69.0.3497.81 Safari/537.36',
  'upgrade-insecure-requests' => '1',
  'connection' => 'close',
  'host' => 'www.mytest.com',
)
[ info ] [ PARAM ] array (
  '/admin/auth/index' => '',
)
[ info ] [ VIEW ] D:\phpstudy\PHPTutorial\WWW\project\application\admin\view\auth\index.html [ array (
  0 => 'user_auth',
) ]
---------------------------------------------------------------
[ 2019-01-21T13:34:06+08:00 ] 127.0.0.1 GET www.mytest.com/admin/auth/getAuthList?page=1&page_size=10
[运行时间：0.380018s] [吞吐率：2.63req/s] [内存消耗：3,562.83kb] [文件加载：117]
[ info ] [ LANG ] D:\phpstudy\PHPTutorial\WWW\project\thinkphp\lang\zh-cn.php
[ info ] [ ROUTE ] array (
)
[ info ] [ HEADER ] array (
  'cookie' => 'PHPSESSID=56toto3gs2mlhijfepckaiuvjd',
  'accept-language' => 'zh-CN,zh;q=0.9',
  'accept-encoding' => 'gzip, deflate',
  'referer' => 'http://www.mytest.com/admin/auth/index',
  'user-agent' => 'Mozilla/5.0 (Windows NT 10.0; WOW64) AppleWebKit/537.36 (KHTML, like Gecko) Chrome/69.0.3497.81 Safari/537.36',
  'x-requested-with' => 'XMLHttpRequest',
  'accept' => 'application/json, text/javascript, */*; q=0.01',
  'connection' => 'close',
  'host' => 'www.mytest.com',
)
[ info ] [ PARAM ] array (
  '/admin/auth/getAuthList' => '',
  'page' => '1',
  'page_size' => '10',
)
[ info ] [ DB ] INIT mysql
---------------------------------------------------------------
[ 2019-01-21T13:34:25+08:00 ] 127.0.0.1 GET www.mytest.com/admin/auth/getAuthList?page=1&page_size=10&status=1
[运行时间：0.343673s] [吞吐率：2.91req/s] [内存消耗：3,546.24kb] [文件加载：117]
[ info ] [ LANG ] D:\phpstudy\PHPTutorial\WWW\project\thinkphp\lang\zh-cn.php
[ info ] [ ROUTE ] array (
)
[ info ] [ HEADER ] array (
  'cookie' => 'PHPSESSID=56toto3gs2mlhijfepckaiuvjd',
  'accept-language' => 'zh-CN,zh;q=0.9',
  'accept-encoding' => 'gzip, deflate',
  'referer' => 'http://www.mytest.com/admin/auth/index',
  'user-agent' => 'Mozilla/5.0 (Windows NT 10.0; WOW64) AppleWebKit/537.36 (KHTML, like Gecko) Chrome/69.0.3497.81 Safari/537.36',
  'x-requested-with' => 'XMLHttpRequest',
  'accept' => 'application/json, text/javascript, */*; q=0.01',
  'connection' => 'close',
  'host' => 'www.mytest.com',
)
[ info ] [ PARAM ] array (
  '/admin/auth/getAuthList' => '',
  'page' => '1',
  'page_size' => '10',
  'status' => '1',
)
[ info ] [ DB ] INIT mysql
---------------------------------------------------------------
[ 2019-01-21T13:34:27+08:00 ] 127.0.0.1 GET www.mytest.com/admin/auth/index
[运行时间：0.094875s] [吞吐率：10.54req/s] [内存消耗：2,757.48kb] [文件加载：112]
[ info ] [ LANG ] D:\phpstudy\PHPTutorial\WWW\project\thinkphp\lang\zh-cn.php
[ info ] [ ROUTE ] array (
)
[ info ] [ HEADER ] array (
  'cookie' => 'PHPSESSID=56toto3gs2mlhijfepckaiuvjd',
  'accept-language' => 'zh-CN,zh;q=0.9',
  'accept-encoding' => 'gzip, deflate',
  'referer' => 'http://www.mytest.com/admin/seller/index',
  'accept' => 'text/html,application/xhtml+xml,application/xml;q=0.9,image/webp,image/apng,*/*;q=0.8',
  'user-agent' => 'Mozilla/5.0 (Windows NT 10.0; WOW64) AppleWebKit/537.36 (KHTML, like Gecko) Chrome/69.0.3497.81 Safari/537.36',
  'upgrade-insecure-requests' => '1',
  'cache-control' => 'max-age=0',
  'connection' => 'close',
  'host' => 'www.mytest.com',
)
[ info ] [ PARAM ] array (
  '/admin/auth/index' => '',
)
[ info ] [ VIEW ] D:\phpstudy\PHPTutorial\WWW\project\application\admin\view\auth\index.html [ array (
  0 => 'user_auth',
) ]
---------------------------------------------------------------
[ 2019-01-21T13:34:28+08:00 ] 127.0.0.1 GET www.mytest.com/admin/auth/getAuthList?page=1&page_size=10
[运行时间：0.317438s] [吞吐率：3.15req/s] [内存消耗：3,562.83kb] [文件加载：117]
[ info ] [ LANG ] D:\phpstudy\PHPTutorial\WWW\project\thinkphp\lang\zh-cn.php
[ info ] [ ROUTE ] array (
)
[ info ] [ HEADER ] array (
  'cookie' => 'PHPSESSID=56toto3gs2mlhijfepckaiuvjd',
  'accept-language' => 'zh-CN,zh;q=0.9',
  'accept-encoding' => 'gzip, deflate',
  'referer' => 'http://www.mytest.com/admin/auth/index',
  'user-agent' => 'Mozilla/5.0 (Windows NT 10.0; WOW64) AppleWebKit/537.36 (KHTML, like Gecko) Chrome/69.0.3497.81 Safari/537.36',
  'x-requested-with' => 'XMLHttpRequest',
  'accept' => 'application/json, text/javascript, */*; q=0.01',
  'connection' => 'close',
  'host' => 'www.mytest.com',
)
[ info ] [ PARAM ] array (
  '/admin/auth/getAuthList' => '',
  'page' => '1',
  'page_size' => '10',
)
[ info ] [ DB ] INIT mysql
---------------------------------------------------------------
[ 2019-01-21T13:34:29+08:00 ] 127.0.0.1 GET www.mytest.com/admin/auth/getAuthList?page=1&page_size=10&status=2
[运行时间：0.303848s] [吞吐率：3.29req/s] [内存消耗：3,544.47kb] [文件加载：117]
[ info ] [ LANG ] D:\phpstudy\PHPTutorial\WWW\project\thinkphp\lang\zh-cn.php
[ info ] [ ROUTE ] array (
)
[ info ] [ HEADER ] array (
  'cookie' => 'PHPSESSID=56toto3gs2mlhijfepckaiuvjd',
  'accept-language' => 'zh-CN,zh;q=0.9',
  'accept-encoding' => 'gzip, deflate',
  'referer' => 'http://www.mytest.com/admin/auth/index',
  'user-agent' => 'Mozilla/5.0 (Windows NT 10.0; WOW64) AppleWebKit/537.36 (KHTML, like Gecko) Chrome/69.0.3497.81 Safari/537.36',
  'x-requested-with' => 'XMLHttpRequest',
  'accept' => 'application/json, text/javascript, */*; q=0.01',
  'connection' => 'close',
  'host' => 'www.mytest.com',
)
[ info ] [ PARAM ] array (
  '/admin/auth/getAuthList' => '',
  'page' => '1',
  'page_size' => '10',
  'status' => '2',
)
[ info ] [ DB ] INIT mysql
---------------------------------------------------------------
[ 2019-01-21T13:34:30+08:00 ] 127.0.0.1 GET www.mytest.com/admin/auth/getAuthList?page=1&page_size=10&status=3
[运行时间：0.323313s] [吞吐率：3.09req/s] [内存消耗：3,562.06kb] [文件加载：117]
[ info ] [ LANG ] D:\phpstudy\PHPTutorial\WWW\project\thinkphp\lang\zh-cn.php
[ info ] [ ROUTE ] array (
)
[ info ] [ HEADER ] array (
  'cookie' => 'PHPSESSID=56toto3gs2mlhijfepckaiuvjd',
  'accept-language' => 'zh-CN,zh;q=0.9',
  'accept-encoding' => 'gzip, deflate',
  'referer' => 'http://www.mytest.com/admin/auth/index',
  'user-agent' => 'Mozilla/5.0 (Windows NT 10.0; WOW64) AppleWebKit/537.36 (KHTML, like Gecko) Chrome/69.0.3497.81 Safari/537.36',
  'x-requested-with' => 'XMLHttpRequest',
  'accept' => 'application/json, text/javascript, */*; q=0.01',
  'connection' => 'close',
  'host' => 'www.mytest.com',
)
[ info ] [ PARAM ] array (
  '/admin/auth/getAuthList' => '',
  'page' => '1',
  'page_size' => '10',
  'status' => '3',
)
[ info ] [ DB ] INIT mysql
---------------------------------------------------------------
[ 2019-01-21T13:34:32+08:00 ] 127.0.0.1 GET www.mytest.com/admin/auth/getAuthList?page=1&page_size=10&status=2
[运行时间：0.286379s] [吞吐率：3.49req/s] [内存消耗：3,544.47kb] [文件加载：117]
[ info ] [ LANG ] D:\phpstudy\PHPTutorial\WWW\project\thinkphp\lang\zh-cn.php
[ info ] [ ROUTE ] array (
)
[ info ] [ HEADER ] array (
  'cookie' => 'PHPSESSID=56toto3gs2mlhijfepckaiuvjd',
  'accept-language' => 'zh-CN,zh;q=0.9',
  'accept-encoding' => 'gzip, deflate',
  'referer' => 'http://www.mytest.com/admin/auth/index',
  'user-agent' => 'Mozilla/5.0 (Windows NT 10.0; WOW64) AppleWebKit/537.36 (KHTML, like Gecko) Chrome/69.0.3497.81 Safari/537.36',
  'x-requested-with' => 'XMLHttpRequest',
  'accept' => 'application/json, text/javascript, */*; q=0.01',
  'connection' => 'close',
  'host' => 'www.mytest.com',
)
[ info ] [ PARAM ] array (
  '/admin/auth/getAuthList' => '',
  'page' => '1',
  'page_size' => '10',
  'status' => '2',
)
[ info ] [ DB ] INIT mysql
---------------------------------------------------------------
[ 2019-01-21T13:34:34+08:00 ] 127.0.0.1 GET www.mytest.com/admin/auth/getAuthList?page=1&page_size=10&status=1
[运行时间：0.296018s] [吞吐率：3.38req/s] [内存消耗：3,546.24kb] [文件加载：117]
[ info ] [ LANG ] D:\phpstudy\PHPTutorial\WWW\project\thinkphp\lang\zh-cn.php
[ info ] [ ROUTE ] array (
)
[ info ] [ HEADER ] array (
  'cookie' => 'PHPSESSID=56toto3gs2mlhijfepckaiuvjd',
  'accept-language' => 'zh-CN,zh;q=0.9',
  'accept-encoding' => 'gzip, deflate',
  'referer' => 'http://www.mytest.com/admin/auth/index',
  'user-agent' => 'Mozilla/5.0 (Windows NT 10.0; WOW64) AppleWebKit/537.36 (KHTML, like Gecko) Chrome/69.0.3497.81 Safari/537.36',
  'x-requested-with' => 'XMLHttpRequest',
  'accept' => 'application/json, text/javascript, */*; q=0.01',
  'connection' => 'close',
  'host' => 'www.mytest.com',
)
[ info ] [ PARAM ] array (
  '/admin/auth/getAuthList' => '',
  'page' => '1',
  'page_size' => '10',
  'status' => '1',
)
[ info ] [ DB ] INIT mysql
---------------------------------------------------------------
[ 2019-01-21T13:34:38+08:00 ] 127.0.0.1 GET www.mytest.com/admin/auth/getAuthList?page=1&page_size=10&status=2
[运行时间：0.334248s] [吞吐率：2.99req/s] [内存消耗：3,544.47kb] [文件加载：117]
[ info ] [ LANG ] D:\phpstudy\PHPTutorial\WWW\project\thinkphp\lang\zh-cn.php
[ info ] [ ROUTE ] array (
)
[ info ] [ HEADER ] array (
  'cookie' => 'PHPSESSID=56toto3gs2mlhijfepckaiuvjd',
  'accept-language' => 'zh-CN,zh;q=0.9',
  'accept-encoding' => 'gzip, deflate',
  'referer' => 'http://www.mytest.com/admin/auth/index',
  'user-agent' => 'Mozilla/5.0 (Windows NT 10.0; WOW64) AppleWebKit/537.36 (KHTML, like Gecko) Chrome/69.0.3497.81 Safari/537.36',
  'x-requested-with' => 'XMLHttpRequest',
  'accept' => 'application/json, text/javascript, */*; q=0.01',
  'connection' => 'close',
  'host' => 'www.mytest.com',
)
[ info ] [ PARAM ] array (
  '/admin/auth/getAuthList' => '',
  'page' => '1',
  'page_size' => '10',
  'status' => '2',
)
[ info ] [ DB ] INIT mysql
---------------------------------------------------------------
[ 2019-01-21T13:34:39+08:00 ] 127.0.0.1 GET www.mytest.com/admin/auth/getAuthList?page=1&page_size=10&status=0
[运行时间：0.335980s] [吞吐率：2.98req/s] [内存消耗：3,562.91kb] [文件加载：117]
[ info ] [ LANG ] D:\phpstudy\PHPTutorial\WWW\project\thinkphp\lang\zh-cn.php
[ info ] [ ROUTE ] array (
)
[ info ] [ HEADER ] array (
  'cookie' => 'PHPSESSID=56toto3gs2mlhijfepckaiuvjd',
  'accept-language' => 'zh-CN,zh;q=0.9',
  'accept-encoding' => 'gzip, deflate',
  'referer' => 'http://www.mytest.com/admin/auth/index',
  'user-agent' => 'Mozilla/5.0 (Windows NT 10.0; WOW64) AppleWebKit/537.36 (KHTML, like Gecko) Chrome/69.0.3497.81 Safari/537.36',
  'x-requested-with' => 'XMLHttpRequest',
  'accept' => 'application/json, text/javascript, */*; q=0.01',
  'connection' => 'close',
  'host' => 'www.mytest.com',
)
[ info ] [ PARAM ] array (
  '/admin/auth/getAuthList' => '',
  'page' => '1',
  'page_size' => '10',
  'status' => '0',
)
[ info ] [ DB ] INIT mysql
---------------------------------------------------------------
[ 2019-01-21T13:34:41+08:00 ] 127.0.0.1 GET www.mytest.com/admin/goods/index
[运行时间：0.087358s] [吞吐率：11.45req/s] [内存消耗：2,812.79kb] [文件加载：113]
[ info ] [ LANG ] D:\phpstudy\PHPTutorial\WWW\project\thinkphp\lang\zh-cn.php
[ info ] [ ROUTE ] array (
)
[ info ] [ HEADER ] array (
  'cookie' => 'PHPSESSID=56toto3gs2mlhijfepckaiuvjd',
  'accept-language' => 'zh-CN,zh;q=0.9',
  'accept-encoding' => 'gzip, deflate',
  'referer' => 'http://www.mytest.com/admin/auth/index',
  'accept' => 'text/html,application/xhtml+xml,application/xml;q=0.9,image/webp,image/apng,*/*;q=0.8',
  'user-agent' => 'Mozilla/5.0 (Windows NT 10.0; WOW64) AppleWebKit/537.36 (KHTML, like Gecko) Chrome/69.0.3497.81 Safari/537.36',
  'upgrade-insecure-requests' => '1',
  'connection' => 'close',
  'host' => 'www.mytest.com',
)
[ info ] [ PARAM ] array (
  '/admin/goods/index' => '',
)
[ info ] [ VIEW ] D:\phpstudy\PHPTutorial\WWW\project\application\admin\view\goods\index.html [ array (
  0 => 'user_auth',
) ]
---------------------------------------------------------------
[ 2019-01-21T13:34:41+08:00 ] 127.0.0.1 GET www.mytest.com/admin/goods/getGoodsList?page=1&page_size=10
[运行时间：0.382762s] [吞吐率：2.61req/s] [内存消耗：3,601.51kb] [文件加载：118]
[ info ] [ LANG ] D:\phpstudy\PHPTutorial\WWW\project\thinkphp\lang\zh-cn.php
[ info ] [ ROUTE ] array (
)
[ info ] [ HEADER ] array (
  'cookie' => 'PHPSESSID=56toto3gs2mlhijfepckaiuvjd',
  'accept-language' => 'zh-CN,zh;q=0.9',
  'accept-encoding' => 'gzip, deflate',
  'referer' => 'http://www.mytest.com/admin/goods/index',
  'user-agent' => 'Mozilla/5.0 (Windows NT 10.0; WOW64) AppleWebKit/537.36 (KHTML, like Gecko) Chrome/69.0.3497.81 Safari/537.36',
  'x-requested-with' => 'XMLHttpRequest',
  'accept' => 'application/json, text/javascript, */*; q=0.01',
  'connection' => 'close',
  'host' => 'www.mytest.com',
)
[ info ] [ PARAM ] array (
  '/admin/goods/getGoodsList' => '',
  'page' => '1',
  'page_size' => '10',
)
[ info ] [ DB ] INIT mysql
---------------------------------------------------------------
[ 2019-01-21T13:34:46+08:00 ] 127.0.0.1 GET www.mytest.com/admin/goods/getGoodsList?page=1&page_size=10&status=1
[运行时间：0.295914s] [吞吐率：3.38req/s] [内存消耗：3,598.52kb] [文件加载：118]
[ info ] [ LANG ] D:\phpstudy\PHPTutorial\WWW\project\thinkphp\lang\zh-cn.php
[ info ] [ ROUTE ] array (
)
[ info ] [ HEADER ] array (
  'cookie' => 'PHPSESSID=56toto3gs2mlhijfepckaiuvjd',
  'accept-language' => 'zh-CN,zh;q=0.9',
  'accept-encoding' => 'gzip, deflate',
  'referer' => 'http://www.mytest.com/admin/goods/index',
  'user-agent' => 'Mozilla/5.0 (Windows NT 10.0; WOW64) AppleWebKit/537.36 (KHTML, like Gecko) Chrome/69.0.3497.81 Safari/537.36',
  'x-requested-with' => 'XMLHttpRequest',
  'accept' => 'application/json, text/javascript, */*; q=0.01',
  'connection' => 'close',
  'host' => 'www.mytest.com',
)
[ info ] [ PARAM ] array (
  '/admin/goods/getGoodsList' => '',
  'page' => '1',
  'page_size' => '10',
  'status' => '1',
)
[ info ] [ DB ] INIT mysql
---------------------------------------------------------------
[ 2019-01-21T13:34:50+08:00 ] 127.0.0.1 GET www.mytest.com/admin/goods/getGoodsList?page=1&page_size=10&status=2
[运行时间：0.341635s] [吞吐率：2.93req/s] [内存消耗：3,596.51kb] [文件加载：118]
[ info ] [ LANG ] D:\phpstudy\PHPTutorial\WWW\project\thinkphp\lang\zh-cn.php
[ info ] [ ROUTE ] array (
)
[ info ] [ HEADER ] array (
  'cookie' => 'PHPSESSID=56toto3gs2mlhijfepckaiuvjd',
  'accept-language' => 'zh-CN,zh;q=0.9',
  'accept-encoding' => 'gzip, deflate',
  'referer' => 'http://www.mytest.com/admin/goods/index',
  'user-agent' => 'Mozilla/5.0 (Windows NT 10.0; WOW64) AppleWebKit/537.36 (KHTML, like Gecko) Chrome/69.0.3497.81 Safari/537.36',
  'x-requested-with' => 'XMLHttpRequest',
  'accept' => 'application/json, text/javascript, */*; q=0.01',
  'connection' => 'close',
  'host' => 'www.mytest.com',
)
[ info ] [ PARAM ] array (
  '/admin/goods/getGoodsList' => '',
  'page' => '1',
  'page_size' => '10',
  'status' => '2',
)
[ info ] [ DB ] INIT mysql
---------------------------------------------------------------
[ 2019-01-21T13:34:52+08:00 ] 127.0.0.1 GET www.mytest.com/admin/goods/getGoodsList?page=1&page_size=10&status=3
[运行时间：0.351080s] [吞吐率：2.85req/s] [内存消耗：3,601.57kb] [文件加载：118]
[ info ] [ LANG ] D:\phpstudy\PHPTutorial\WWW\project\thinkphp\lang\zh-cn.php
[ info ] [ ROUTE ] array (
)
[ info ] [ HEADER ] array (
  'cookie' => 'PHPSESSID=56toto3gs2mlhijfepckaiuvjd',
  'accept-language' => 'zh-CN,zh;q=0.9',
  'accept-encoding' => 'gzip, deflate',
  'referer' => 'http://www.mytest.com/admin/goods/index',
  'user-agent' => 'Mozilla/5.0 (Windows NT 10.0; WOW64) AppleWebKit/537.36 (KHTML, like Gecko) Chrome/69.0.3497.81 Safari/537.36',
  'x-requested-with' => 'XMLHttpRequest',
  'accept' => 'application/json, text/javascript, */*; q=0.01',
  'connection' => 'close',
  'host' => 'www.mytest.com',
)
[ info ] [ PARAM ] array (
  '/admin/goods/getGoodsList' => '',
  'page' => '1',
  'page_size' => '10',
  'status' => '3',
)
[ info ] [ DB ] INIT mysql
---------------------------------------------------------------
[ 2019-01-21T13:50:04+08:00 ] 127.0.0.1 GET www.mytest.com/admin/goods/index
[运行时间：0.098237s] [吞吐率：10.18req/s] [内存消耗：2,812.98kb] [文件加载：113]
[ info ] [ LANG ] D:\phpstudy\PHPTutorial\WWW\project\thinkphp\lang\zh-cn.php
[ info ] [ ROUTE ] array (
)
[ info ] [ HEADER ] array (
  'cookie' => 'PHPSESSID=56toto3gs2mlhijfepckaiuvjd',
  'accept-language' => 'zh-CN,zh;q=0.9',
  'accept-encoding' => 'gzip, deflate',
  'referer' => 'http://www.mytest.com/admin/auth/index',
  'accept' => 'text/html,application/xhtml+xml,application/xml;q=0.9,image/webp,image/apng,*/*;q=0.8',
  'user-agent' => 'Mozilla/5.0 (Windows NT 10.0; WOW64) AppleWebKit/537.36 (KHTML, like Gecko) Chrome/69.0.3497.81 Safari/537.36',
  'upgrade-insecure-requests' => '1',
  'cache-control' => 'max-age=0',
  'connection' => 'close',
  'host' => 'www.mytest.com',
)
[ info ] [ PARAM ] array (
  '/admin/goods/index' => '',
)
[ info ] [ VIEW ] D:\phpstudy\PHPTutorial\WWW\project\application\admin\view\goods\index.html [ array (
  0 => 'user_auth',
) ]
---------------------------------------------------------------
[ 2019-01-21T13:50:04+08:00 ] 127.0.0.1 GET www.mytest.com/admin/goods/getGoodsList?page=1&page_size=10
[运行时间：0.355899s] [吞吐率：2.81req/s] [内存消耗：3,601.51kb] [文件加载：118]
[ info ] [ LANG ] D:\phpstudy\PHPTutorial\WWW\project\thinkphp\lang\zh-cn.php
[ info ] [ ROUTE ] array (
)
[ info ] [ HEADER ] array (
  'cookie' => 'PHPSESSID=56toto3gs2mlhijfepckaiuvjd',
  'accept-language' => 'zh-CN,zh;q=0.9',
  'accept-encoding' => 'gzip, deflate',
  'referer' => 'http://www.mytest.com/admin/goods/index',
  'user-agent' => 'Mozilla/5.0 (Windows NT 10.0; WOW64) AppleWebKit/537.36 (KHTML, like Gecko) Chrome/69.0.3497.81 Safari/537.36',
  'x-requested-with' => 'XMLHttpRequest',
  'accept' => 'application/json, text/javascript, */*; q=0.01',
  'connection' => 'close',
  'host' => 'www.mytest.com',
)
[ info ] [ PARAM ] array (
  '/admin/goods/getGoodsList' => '',
  'page' => '1',
  'page_size' => '10',
)
[ info ] [ DB ] INIT mysql
---------------------------------------------------------------
[ 2019-01-21T13:50:05+08:00 ] 127.0.0.1 GET www.mytest.com/admin/seller/index
[运行时间：0.089187s] [吞吐率：11.21req/s] [内存消耗：2,744.76kb] [文件加载：112]
[ info ] [ LANG ] D:\phpstudy\PHPTutorial\WWW\project\thinkphp\lang\zh-cn.php
[ info ] [ ROUTE ] array (
)
[ info ] [ HEADER ] array (
  'cookie' => 'PHPSESSID=56toto3gs2mlhijfepckaiuvjd',
  'accept-language' => 'zh-CN,zh;q=0.9',
  'accept-encoding' => 'gzip, deflate',
  'referer' => 'http://www.mytest.com/admin/goods/index',
  'accept' => 'text/html,application/xhtml+xml,application/xml;q=0.9,image/webp,image/apng,*/*;q=0.8',
  'user-agent' => 'Mozilla/5.0 (Windows NT 10.0; WOW64) AppleWebKit/537.36 (KHTML, like Gecko) Chrome/69.0.3497.81 Safari/537.36',
  'upgrade-insecure-requests' => '1',
  'connection' => 'close',
  'host' => 'www.mytest.com',
)
[ info ] [ PARAM ] array (
  '/admin/seller/index' => '',
)
[ info ] [ VIEW ] D:\phpstudy\PHPTutorial\WWW\project\application\admin\view\seller\index.html [ array (
  0 => 'user_auth',
) ]
---------------------------------------------------------------
[ 2019-01-21T13:50:06+08:00 ] 127.0.0.1 GET www.mytest.com/admin/seller/getSellerList?page=1&page_size=10
[运行时间：0.319493s] [吞吐率：3.13req/s] [内存消耗：3,521.70kb] [文件加载：117]
[ info ] [ LANG ] D:\phpstudy\PHPTutorial\WWW\project\thinkphp\lang\zh-cn.php
[ info ] [ ROUTE ] array (
)
[ info ] [ HEADER ] array (
  'cookie' => 'PHPSESSID=56toto3gs2mlhijfepckaiuvjd',
  'accept-language' => 'zh-CN,zh;q=0.9',
  'accept-encoding' => 'gzip, deflate',
  'referer' => 'http://www.mytest.com/admin/seller/index',
  'user-agent' => 'Mozilla/5.0 (Windows NT 10.0; WOW64) AppleWebKit/537.36 (KHTML, like Gecko) Chrome/69.0.3497.81 Safari/537.36',
  'x-requested-with' => 'XMLHttpRequest',
  'accept' => 'application/json, text/javascript, */*; q=0.01',
  'connection' => 'close',
  'host' => 'www.mytest.com',
)
[ info ] [ PARAM ] array (
  '/admin/seller/getSellerList' => '',
  'page' => '1',
  'page_size' => '10',
)
[ info ] [ DB ] INIT mysql
---------------------------------------------------------------
[ 2019-01-21T13:51:00+08:00 ] 127.0.0.1 GET www.mytest.com/admin/seller/index
[运行时间：0.085562s] [吞吐率：11.69req/s] [内存消耗：2,744.95kb] [文件加载：112]
[ info ] [ LANG ] D:\phpstudy\PHPTutorial\WWW\project\thinkphp\lang\zh-cn.php
[ info ] [ ROUTE ] array (
)
[ info ] [ HEADER ] array (
  'cookie' => 'PHPSESSID=56toto3gs2mlhijfepckaiuvjd',
  'accept-language' => 'zh-CN,zh;q=0.9',
  'accept-encoding' => 'gzip, deflate',
  'referer' => 'http://www.mytest.com/admin/goods/index',
  'accept' => 'text/html,application/xhtml+xml,application/xml;q=0.9,image/webp,image/apng,*/*;q=0.8',
  'user-agent' => 'Mozilla/5.0 (Windows NT 10.0; WOW64) AppleWebKit/537.36 (KHTML, like Gecko) Chrome/69.0.3497.81 Safari/537.36',
  'upgrade-insecure-requests' => '1',
  'cache-control' => 'max-age=0',
  'connection' => 'close',
  'host' => 'www.mytest.com',
)
[ info ] [ PARAM ] array (
  '/admin/seller/index' => '',
)
[ info ] [ VIEW ] D:\phpstudy\PHPTutorial\WWW\project\application\admin\view\seller\index.html [ array (
  0 => 'user_auth',
) ]
---------------------------------------------------------------
[ 2019-01-21T13:51:00+08:00 ] 127.0.0.1 GET www.mytest.com/admin/seller/getSellerList?page=1&page_size=10
[运行时间：0.350563s] [吞吐率：2.85req/s] [内存消耗：3,521.70kb] [文件加载：117]
[ info ] [ LANG ] D:\phpstudy\PHPTutorial\WWW\project\thinkphp\lang\zh-cn.php
[ info ] [ ROUTE ] array (
)
[ info ] [ HEADER ] array (
  'cookie' => 'PHPSESSID=56toto3gs2mlhijfepckaiuvjd',
  'accept-language' => 'zh-CN,zh;q=0.9',
  'accept-encoding' => 'gzip, deflate',
  'referer' => 'http://www.mytest.com/admin/seller/index',
  'user-agent' => 'Mozilla/5.0 (Windows NT 10.0; WOW64) AppleWebKit/537.36 (KHTML, like Gecko) Chrome/69.0.3497.81 Safari/537.36',
  'x-requested-with' => 'XMLHttpRequest',
  'accept' => 'application/json, text/javascript, */*; q=0.01',
  'connection' => 'close',
  'host' => 'www.mytest.com',
)
[ info ] [ PARAM ] array (
  '/admin/seller/getSellerList' => '',
  'page' => '1',
  'page_size' => '10',
)
[ info ] [ DB ] INIT mysql
---------------------------------------------------------------
[ 2019-01-21T13:51:46+08:00 ] 127.0.0.1 GET www.mytest.com/admin/seller/index
[运行时间：0.085876s] [吞吐率：11.64req/s] [内存消耗：2,744.77kb] [文件加载：112]
[ info ] [ LANG ] D:\phpstudy\PHPTutorial\WWW\project\thinkphp\lang\zh-cn.php
[ info ] [ ROUTE ] array (
)
[ info ] [ HEADER ] array (
  'cookie' => 'PHPSESSID=56toto3gs2mlhijfepckaiuvjd',
  'accept-language' => 'zh-CN,zh;q=0.9',
  'accept-encoding' => 'gzip, deflate',
  'referer' => 'http://www.mytest.com/admin/seller/index',
  'accept' => 'text/html,application/xhtml+xml,application/xml;q=0.9,image/webp,image/apng,*/*;q=0.8',
  'user-agent' => 'Mozilla/5.0 (Windows NT 10.0; WOW64) AppleWebKit/537.36 (KHTML, like Gecko) Chrome/69.0.3497.81 Safari/537.36',
  'upgrade-insecure-requests' => '1',
  'connection' => 'close',
  'host' => 'www.mytest.com',
)
[ info ] [ PARAM ] array (
  '/admin/seller/index' => '',
)
[ info ] [ VIEW ] D:\phpstudy\PHPTutorial\WWW\project\application\admin\view\seller\index.html [ array (
  0 => 'user_auth',
) ]
---------------------------------------------------------------
[ 2019-01-21T13:51:47+08:00 ] 127.0.0.1 GET www.mytest.com/admin/seller/getSellerList?page=1&page_size=10
[运行时间：0.295811s] [吞吐率：3.38req/s] [内存消耗：3,521.70kb] [文件加载：117]
[ info ] [ LANG ] D:\phpstudy\PHPTutorial\WWW\project\thinkphp\lang\zh-cn.php
[ info ] [ ROUTE ] array (
)
[ info ] [ HEADER ] array (
  'cookie' => 'PHPSESSID=56toto3gs2mlhijfepckaiuvjd',
  'accept-language' => 'zh-CN,zh;q=0.9',
  'accept-encoding' => 'gzip, deflate',
  'referer' => 'http://www.mytest.com/admin/seller/index',
  'user-agent' => 'Mozilla/5.0 (Windows NT 10.0; WOW64) AppleWebKit/537.36 (KHTML, like Gecko) Chrome/69.0.3497.81 Safari/537.36',
  'x-requested-with' => 'XMLHttpRequest',
  'accept' => 'application/json, text/javascript, */*; q=0.01',
  'connection' => 'close',
  'host' => 'www.mytest.com',
)
[ info ] [ PARAM ] array (
  '/admin/seller/getSellerList' => '',
  'page' => '1',
  'page_size' => '10',
)
[ info ] [ DB ] INIT mysql
---------------------------------------------------------------
[ 2019-01-21T13:51:48+08:00 ] 127.0.0.1 GET www.mytest.com/admin/goods/index
[运行时间：0.084265s] [吞吐率：11.87req/s] [内存消耗：2,812.80kb] [文件加载：113]
[ info ] [ LANG ] D:\phpstudy\PHPTutorial\WWW\project\thinkphp\lang\zh-cn.php
[ info ] [ ROUTE ] array (
)
[ info ] [ HEADER ] array (
  'cookie' => 'PHPSESSID=56toto3gs2mlhijfepckaiuvjd',
  'accept-language' => 'zh-CN,zh;q=0.9',
  'accept-encoding' => 'gzip, deflate',
  'referer' => 'http://www.mytest.com/admin/seller/index',
  'accept' => 'text/html,application/xhtml+xml,application/xml;q=0.9,image/webp,image/apng,*/*;q=0.8',
  'user-agent' => 'Mozilla/5.0 (Windows NT 10.0; WOW64) AppleWebKit/537.36 (KHTML, like Gecko) Chrome/69.0.3497.81 Safari/537.36',
  'upgrade-insecure-requests' => '1',
  'connection' => 'close',
  'host' => 'www.mytest.com',
)
[ info ] [ PARAM ] array (
  '/admin/goods/index' => '',
)
[ info ] [ VIEW ] D:\phpstudy\PHPTutorial\WWW\project\application\admin\view\goods\index.html [ array (
  0 => 'user_auth',
) ]
---------------------------------------------------------------
[ 2019-01-21T13:51:48+08:00 ] 127.0.0.1 GET www.mytest.com/admin/goods/getGoodsList?page=1&page_size=10
[运行时间：0.331535s] [吞吐率：3.02req/s] [内存消耗：3,601.51kb] [文件加载：118]
[ info ] [ LANG ] D:\phpstudy\PHPTutorial\WWW\project\thinkphp\lang\zh-cn.php
[ info ] [ ROUTE ] array (
)
[ info ] [ HEADER ] array (
  'cookie' => 'PHPSESSID=56toto3gs2mlhijfepckaiuvjd',
  'accept-language' => 'zh-CN,zh;q=0.9',
  'accept-encoding' => 'gzip, deflate',
  'referer' => 'http://www.mytest.com/admin/goods/index',
  'user-agent' => 'Mozilla/5.0 (Windows NT 10.0; WOW64) AppleWebKit/537.36 (KHTML, like Gecko) Chrome/69.0.3497.81 Safari/537.36',
  'x-requested-with' => 'XMLHttpRequest',
  'accept' => 'application/json, text/javascript, */*; q=0.01',
  'connection' => 'close',
  'host' => 'www.mytest.com',
)
[ info ] [ PARAM ] array (
  '/admin/goods/getGoodsList' => '',
  'page' => '1',
  'page_size' => '10',
)
[ info ] [ DB ] INIT mysql
---------------------------------------------------------------
[ 2019-01-21T13:51:49+08:00 ] 127.0.0.1 GET www.mytest.com/admin/auth/index
[运行时间：0.084686s] [吞吐率：11.81req/s] [内存消耗：2,757.28kb] [文件加载：112]
[ info ] [ LANG ] D:\phpstudy\PHPTutorial\WWW\project\thinkphp\lang\zh-cn.php
[ info ] [ ROUTE ] array (
)
[ info ] [ HEADER ] array (
  'cookie' => 'PHPSESSID=56toto3gs2mlhijfepckaiuvjd',
  'accept-language' => 'zh-CN,zh;q=0.9',
  'accept-encoding' => 'gzip, deflate',
  'referer' => 'http://www.mytest.com/admin/goods/index',
  'accept' => 'text/html,application/xhtml+xml,application/xml;q=0.9,image/webp,image/apng,*/*;q=0.8',
  'user-agent' => 'Mozilla/5.0 (Windows NT 10.0; WOW64) AppleWebKit/537.36 (KHTML, like Gecko) Chrome/69.0.3497.81 Safari/537.36',
  'upgrade-insecure-requests' => '1',
  'connection' => 'close',
  'host' => 'www.mytest.com',
)
[ info ] [ PARAM ] array (
  '/admin/auth/index' => '',
)
[ info ] [ VIEW ] D:\phpstudy\PHPTutorial\WWW\project\application\admin\view\auth\index.html [ array (
  0 => 'user_auth',
) ]
---------------------------------------------------------------
[ 2019-01-21T13:51:49+08:00 ] 127.0.0.1 GET www.mytest.com/admin/auth/getAuthList?page=1&page_size=10
[运行时间：0.291749s] [吞吐率：3.43req/s] [内存消耗：3,562.83kb] [文件加载：117]
[ info ] [ LANG ] D:\phpstudy\PHPTutorial\WWW\project\thinkphp\lang\zh-cn.php
[ info ] [ ROUTE ] array (
)
[ info ] [ HEADER ] array (
  'cookie' => 'PHPSESSID=56toto3gs2mlhijfepckaiuvjd',
  'accept-language' => 'zh-CN,zh;q=0.9',
  'accept-encoding' => 'gzip, deflate',
  'referer' => 'http://www.mytest.com/admin/auth/index',
  'user-agent' => 'Mozilla/5.0 (Windows NT 10.0; WOW64) AppleWebKit/537.36 (KHTML, like Gecko) Chrome/69.0.3497.81 Safari/537.36',
  'x-requested-with' => 'XMLHttpRequest',
  'accept' => 'application/json, text/javascript, */*; q=0.01',
  'connection' => 'close',
  'host' => 'www.mytest.com',
)
[ info ] [ PARAM ] array (
  '/admin/auth/getAuthList' => '',
  'page' => '1',
  'page_size' => '10',
)
[ info ] [ DB ] INIT mysql
---------------------------------------------------------------
[ 2019-01-21T13:52:47+08:00 ] 127.0.0.1 GET www.mytest.com/admin/goods/index
[运行时间：0.100337s] [吞吐率：9.97req/s] [内存消耗：2,812.79kb] [文件加载：113]
[ info ] [ LANG ] D:\phpstudy\PHPTutorial\WWW\project\thinkphp\lang\zh-cn.php
[ info ] [ ROUTE ] array (
)
[ info ] [ HEADER ] array (
  'cookie' => 'PHPSESSID=56toto3gs2mlhijfepckaiuvjd',
  'accept-language' => 'zh-CN,zh;q=0.9',
  'accept-encoding' => 'gzip, deflate',
  'referer' => 'http://www.mytest.com/admin/auth/index',
  'accept' => 'text/html,application/xhtml+xml,application/xml;q=0.9,image/webp,image/apng,*/*;q=0.8',
  'user-agent' => 'Mozilla/5.0 (Windows NT 10.0; WOW64) AppleWebKit/537.36 (KHTML, like Gecko) Chrome/69.0.3497.81 Safari/537.36',
  'upgrade-insecure-requests' => '1',
  'connection' => 'close',
  'host' => 'www.mytest.com',
)
[ info ] [ PARAM ] array (
  '/admin/goods/index' => '',
)
[ info ] [ VIEW ] D:\phpstudy\PHPTutorial\WWW\project\application\admin\view\goods\index.html [ array (
  0 => 'user_auth',
) ]
---------------------------------------------------------------
[ 2019-01-21T13:52:47+08:00 ] 127.0.0.1 GET www.mytest.com/admin/goods/getGoodsList?page=1&page_size=10
[运行时间：0.314895s] [吞吐率：3.18req/s] [内存消耗：3,601.51kb] [文件加载：118]
[ info ] [ LANG ] D:\phpstudy\PHPTutorial\WWW\project\thinkphp\lang\zh-cn.php
[ info ] [ ROUTE ] array (
)
[ info ] [ HEADER ] array (
  'cookie' => 'PHPSESSID=56toto3gs2mlhijfepckaiuvjd',
  'accept-language' => 'zh-CN,zh;q=0.9',
  'accept-encoding' => 'gzip, deflate',
  'referer' => 'http://www.mytest.com/admin/goods/index',
  'user-agent' => 'Mozilla/5.0 (Windows NT 10.0; WOW64) AppleWebKit/537.36 (KHTML, like Gecko) Chrome/69.0.3497.81 Safari/537.36',
  'x-requested-with' => 'XMLHttpRequest',
  'accept' => 'application/json, text/javascript, */*; q=0.01',
  'connection' => 'close',
  'host' => 'www.mytest.com',
)
[ info ] [ PARAM ] array (
  '/admin/goods/getGoodsList' => '',
  'page' => '1',
  'page_size' => '10',
)
[ info ] [ DB ] INIT mysql
---------------------------------------------------------------
[ 2019-01-21T13:53:53+08:00 ] 127.0.0.1 GET www.mytest.com/admin/goods/index
[运行时间：0.085155s] [吞吐率：11.74req/s] [内存消耗：2,812.98kb] [文件加载：113]
[ info ] [ LANG ] D:\phpstudy\PHPTutorial\WWW\project\thinkphp\lang\zh-cn.php
[ info ] [ ROUTE ] array (
)
[ info ] [ HEADER ] array (
  'cookie' => 'PHPSESSID=56toto3gs2mlhijfepckaiuvjd',
  'accept-language' => 'zh-CN,zh;q=0.9',
  'accept-encoding' => 'gzip, deflate',
  'referer' => 'http://www.mytest.com/admin/auth/index',
  'accept' => 'text/html,application/xhtml+xml,application/xml;q=0.9,image/webp,image/apng,*/*;q=0.8',
  'user-agent' => 'Mozilla/5.0 (Windows NT 10.0; WOW64) AppleWebKit/537.36 (KHTML, like Gecko) Chrome/69.0.3497.81 Safari/537.36',
  'upgrade-insecure-requests' => '1',
  'cache-control' => 'max-age=0',
  'connection' => 'close',
  'host' => 'www.mytest.com',
)
[ info ] [ PARAM ] array (
  '/admin/goods/index' => '',
)
[ info ] [ VIEW ] D:\phpstudy\PHPTutorial\WWW\project\application\admin\view\goods\index.html [ array (
  0 => 'user_auth',
) ]
---------------------------------------------------------------
[ 2019-01-21T13:53:54+08:00 ] 127.0.0.1 GET www.mytest.com/admin/goods/getGoodsList?page=1&page_size=10
[运行时间：0.383689s] [吞吐率：2.61req/s] [内存消耗：3,601.51kb] [文件加载：118]
[ info ] [ LANG ] D:\phpstudy\PHPTutorial\WWW\project\thinkphp\lang\zh-cn.php
[ info ] [ ROUTE ] array (
)
[ info ] [ HEADER ] array (
  'cookie' => 'PHPSESSID=56toto3gs2mlhijfepckaiuvjd',
  'accept-language' => 'zh-CN,zh;q=0.9',
  'accept-encoding' => 'gzip, deflate',
  'referer' => 'http://www.mytest.com/admin/goods/index',
  'user-agent' => 'Mozilla/5.0 (Windows NT 10.0; WOW64) AppleWebKit/537.36 (KHTML, like Gecko) Chrome/69.0.3497.81 Safari/537.36',
  'x-requested-with' => 'XMLHttpRequest',
  'accept' => 'application/json, text/javascript, */*; q=0.01',
  'connection' => 'close',
  'host' => 'www.mytest.com',
)
[ info ] [ PARAM ] array (
  '/admin/goods/getGoodsList' => '',
  'page' => '1',
  'page_size' => '10',
)
[ info ] [ DB ] INIT mysql
---------------------------------------------------------------
[ 2019-01-21T13:54:30+08:00 ] 127.0.0.1 GET www.mytest.com/admin/goods/index
[运行时间：0.085026s] [吞吐率：11.76req/s] [内存消耗：2,812.98kb] [文件加载：113]
[ info ] [ LANG ] D:\phpstudy\PHPTutorial\WWW\project\thinkphp\lang\zh-cn.php
[ info ] [ ROUTE ] array (
)
[ info ] [ HEADER ] array (
  'cookie' => 'PHPSESSID=56toto3gs2mlhijfepckaiuvjd',
  'accept-language' => 'zh-CN,zh;q=0.9',
  'accept-encoding' => 'gzip, deflate',
  'referer' => 'http://www.mytest.com/admin/auth/index',
  'accept' => 'text/html,application/xhtml+xml,application/xml;q=0.9,image/webp,image/apng,*/*;q=0.8',
  'user-agent' => 'Mozilla/5.0 (Windows NT 10.0; WOW64) AppleWebKit/537.36 (KHTML, like Gecko) Chrome/69.0.3497.81 Safari/537.36',
  'upgrade-insecure-requests' => '1',
  'cache-control' => 'max-age=0',
  'connection' => 'close',
  'host' => 'www.mytest.com',
)
[ info ] [ PARAM ] array (
  '/admin/goods/index' => '',
)
[ info ] [ VIEW ] D:\phpstudy\PHPTutorial\WWW\project\application\admin\view\goods\index.html [ array (
  0 => 'user_auth',
) ]
---------------------------------------------------------------
[ 2019-01-21T13:54:31+08:00 ] 127.0.0.1 GET www.mytest.com/admin/goods/getGoodsList?page=1&page_size=10
[运行时间：0.320330s] [吞吐率：3.12req/s] [内存消耗：3,601.51kb] [文件加载：118]
[ info ] [ LANG ] D:\phpstudy\PHPTutorial\WWW\project\thinkphp\lang\zh-cn.php
[ info ] [ ROUTE ] array (
)
[ info ] [ HEADER ] array (
  'cookie' => 'PHPSESSID=56toto3gs2mlhijfepckaiuvjd',
  'accept-language' => 'zh-CN,zh;q=0.9',
  'accept-encoding' => 'gzip, deflate',
  'referer' => 'http://www.mytest.com/admin/goods/index',
  'user-agent' => 'Mozilla/5.0 (Windows NT 10.0; WOW64) AppleWebKit/537.36 (KHTML, like Gecko) Chrome/69.0.3497.81 Safari/537.36',
  'x-requested-with' => 'XMLHttpRequest',
  'accept' => 'application/json, text/javascript, */*; q=0.01',
  'connection' => 'close',
  'host' => 'www.mytest.com',
)
[ info ] [ PARAM ] array (
  '/admin/goods/getGoodsList' => '',
  'page' => '1',
  'page_size' => '10',
)
[ info ] [ DB ] INIT mysql
---------------------------------------------------------------
[ 2019-01-21T13:54:32+08:00 ] 127.0.0.1 GET www.mytest.com/admin/goods/index
[运行时间：0.084851s] [吞吐率：11.79req/s] [内存消耗：2,812.98kb] [文件加载：113]
[ info ] [ LANG ] D:\phpstudy\PHPTutorial\WWW\project\thinkphp\lang\zh-cn.php
[ info ] [ ROUTE ] array (
)
[ info ] [ HEADER ] array (
  'cookie' => 'PHPSESSID=56toto3gs2mlhijfepckaiuvjd',
  'accept-language' => 'zh-CN,zh;q=0.9',
  'accept-encoding' => 'gzip, deflate',
  'referer' => 'http://www.mytest.com/admin/auth/index',
  'accept' => 'text/html,application/xhtml+xml,application/xml;q=0.9,image/webp,image/apng,*/*;q=0.8',
  'user-agent' => 'Mozilla/5.0 (Windows NT 10.0; WOW64) AppleWebKit/537.36 (KHTML, like Gecko) Chrome/69.0.3497.81 Safari/537.36',
  'upgrade-insecure-requests' => '1',
  'cache-control' => 'max-age=0',
  'connection' => 'close',
  'host' => 'www.mytest.com',
)
[ info ] [ PARAM ] array (
  '/admin/goods/index' => '',
)
[ info ] [ VIEW ] D:\phpstudy\PHPTutorial\WWW\project\application\admin\view\goods\index.html [ array (
  0 => 'user_auth',
) ]
---------------------------------------------------------------
[ 2019-01-21T13:54:33+08:00 ] 127.0.0.1 GET www.mytest.com/admin/goods/getGoodsList?page=1&page_size=10
[运行时间：0.356171s] [吞吐率：2.81req/s] [内存消耗：3,601.51kb] [文件加载：118]
[ info ] [ LANG ] D:\phpstudy\PHPTutorial\WWW\project\thinkphp\lang\zh-cn.php
[ info ] [ ROUTE ] array (
)
[ info ] [ HEADER ] array (
  'cookie' => 'PHPSESSID=56toto3gs2mlhijfepckaiuvjd',
  'accept-language' => 'zh-CN,zh;q=0.9',
  'accept-encoding' => 'gzip, deflate',
  'referer' => 'http://www.mytest.com/admin/goods/index',
  'user-agent' => 'Mozilla/5.0 (Windows NT 10.0; WOW64) AppleWebKit/537.36 (KHTML, like Gecko) Chrome/69.0.3497.81 Safari/537.36',
  'x-requested-with' => 'XMLHttpRequest',
  'accept' => 'application/json, text/javascript, */*; q=0.01',
  'connection' => 'close',
  'host' => 'www.mytest.com',
)
[ info ] [ PARAM ] array (
  '/admin/goods/getGoodsList' => '',
  'page' => '1',
  'page_size' => '10',
)
[ info ] [ DB ] INIT mysql
---------------------------------------------------------------
[ 2019-01-21T13:54:44+08:00 ] 127.0.0.1 GET www.mytest.com/admin/goods/index
[运行时间：0.082339s] [吞吐率：12.14req/s] [内存消耗：2,812.98kb] [文件加载：113]
[ info ] [ LANG ] D:\phpstudy\PHPTutorial\WWW\project\thinkphp\lang\zh-cn.php
[ info ] [ ROUTE ] array (
)
[ info ] [ HEADER ] array (
  'cookie' => 'PHPSESSID=56toto3gs2mlhijfepckaiuvjd',
  'accept-language' => 'zh-CN,zh;q=0.9',
  'accept-encoding' => 'gzip, deflate',
  'referer' => 'http://www.mytest.com/admin/auth/index',
  'accept' => 'text/html,application/xhtml+xml,application/xml;q=0.9,image/webp,image/apng,*/*;q=0.8',
  'user-agent' => 'Mozilla/5.0 (Windows NT 10.0; WOW64) AppleWebKit/537.36 (KHTML, like Gecko) Chrome/69.0.3497.81 Safari/537.36',
  'upgrade-insecure-requests' => '1',
  'cache-control' => 'max-age=0',
  'connection' => 'close',
  'host' => 'www.mytest.com',
)
[ info ] [ PARAM ] array (
  '/admin/goods/index' => '',
)
[ info ] [ VIEW ] D:\phpstudy\PHPTutorial\WWW\project\application\admin\view\goods\index.html [ array (
  0 => 'user_auth',
) ]
---------------------------------------------------------------
[ 2019-01-21T13:54:45+08:00 ] 127.0.0.1 GET www.mytest.com/admin/goods/getGoodsList?page=1&page_size=10
[运行时间：0.365141s] [吞吐率：2.74req/s] [内存消耗：3,601.51kb] [文件加载：118]
[ info ] [ LANG ] D:\phpstudy\PHPTutorial\WWW\project\thinkphp\lang\zh-cn.php
[ info ] [ ROUTE ] array (
)
[ info ] [ HEADER ] array (
  'cookie' => 'PHPSESSID=56toto3gs2mlhijfepckaiuvjd',
  'accept-language' => 'zh-CN,zh;q=0.9',
  'accept-encoding' => 'gzip, deflate',
  'referer' => 'http://www.mytest.com/admin/goods/index',
  'user-agent' => 'Mozilla/5.0 (Windows NT 10.0; WOW64) AppleWebKit/537.36 (KHTML, like Gecko) Chrome/69.0.3497.81 Safari/537.36',
  'x-requested-with' => 'XMLHttpRequest',
  'accept' => 'application/json, text/javascript, */*; q=0.01',
  'connection' => 'close',
  'host' => 'www.mytest.com',
)
[ info ] [ PARAM ] array (
  '/admin/goods/getGoodsList' => '',
  'page' => '1',
  'page_size' => '10',
)
[ info ] [ DB ] INIT mysql
