---------------------------------------------------------------
[ 2019-01-24T09:12:28+08:00 ] 127.0.0.1 GET www.mytest.com/admin
[运行时间：0.165980s] [吞吐率：6.02req/s] [内存消耗：2,748.12kb] [文件加载：111]
[ info ] [ LANG ] D:\phpstudy\PHPTutorial\WWW\project\thinkphp\lang\zh-cn.php
[ info ] [ ROUTE ] array (
)
[ info ] [ HEADER ] array (
  'cookie' => 'PHPSESSID=7fmf7ffcb4jadjmlvvmtgdrt46',
  'accept-language' => 'zh-CN,zh;q=0.9',
  'accept-encoding' => 'gzip, deflate',
  'accept' => 'text/html,application/xhtml+xml,application/xml;q=0.9,image/webp,image/apng,*/*;q=0.8',
  'user-agent' => 'Mozilla/5.0 (Windows NT 10.0; WOW64) AppleWebKit/537.36 (KHTML, like Gecko) Chrome/69.0.3497.81 Safari/537.36',
  'upgrade-insecure-requests' => '1',
  'connection' => 'close',
  'host' => 'www.mytest.com',
)
[ info ] [ PARAM ] array (
  '/admin' => '',
)
[ info ] [ VIEW ] D:\phpstudy\PHPTutorial\WWW\project\application\admin\view\index\index.html [ array (
  0 => 'user_auth',
) ]
---------------------------------------------------------------
[ 2019-01-24T09:12:31+08:00 ] 127.0.0.1 GET www.mytest.com/admin
[运行时间：0.087754s] [吞吐率：11.40req/s] [内存消耗：2,748.13kb] [文件加载：111]
[ info ] [ LANG ] D:\phpstudy\PHPTutorial\WWW\project\thinkphp\lang\zh-cn.php
[ info ] [ ROUTE ] array (
)
[ info ] [ HEADER ] array (
  'cookie' => 'PHPSESSID=7fmf7ffcb4jadjmlvvmtgdrt46',
  'accept-language' => 'zh-CN,zh;q=0.9',
  'accept-encoding' => 'gzip, deflate',
  'accept' => 'text/html,application/xhtml+xml,application/xml;q=0.9,image/webp,image/apng,*/*;q=0.8',
  'user-agent' => 'Mozilla/5.0 (Windows NT 10.0; WOW64) AppleWebKit/537.36 (KHTML, like Gecko) Chrome/69.0.3497.81 Safari/537.36',
  'upgrade-insecure-requests' => '1',
  'connection' => 'close',
  'host' => 'www.mytest.com',
)
[ info ] [ PARAM ] array (
  '/admin' => '',
)
[ info ] [ VIEW ] D:\phpstudy\PHPTutorial\WWW\project\application\admin\view\index\index.html [ array (
  0 => 'user_auth',
) ]
---------------------------------------------------------------
[ 2019-01-24T09:12:38+08:00 ] 127.0.0.1 GET www.mytest.com/admin
[运行时间：0.080387s] [吞吐率：12.44req/s] [内存消耗：2,748.66kb] [文件加载：111]
[ info ] [ LANG ] D:\phpstudy\PHPTutorial\WWW\project\thinkphp\lang\zh-cn.php
[ info ] [ ROUTE ] array (
)
[ info ] [ HEADER ] array (
  'cookie' => 'PHPSESSID=7fmf7ffcb4jadjmlvvmtgdrt46',
  'accept-language' => 'zh-CN,zh;q=0.9',
  'accept-encoding' => 'gzip, deflate',
  'accept' => 'text/html,application/xhtml+xml,application/xml;q=0.9,image/webp,image/apng,*/*;q=0.8',
  'user-agent' => 'Mozilla/5.0 (Windows NT 10.0; WOW64) AppleWebKit/537.36 (KHTML, like Gecko) Chrome/69.0.3497.81 Safari/537.36',
  'upgrade-insecure-requests' => '1',
  'cache-control' => 'max-age=0',
  'connection' => 'close',
  'host' => 'www.mytest.com',
)
[ info ] [ PARAM ] array (
  '/admin' => '',
)
[ info ] [ VIEW ] D:\phpstudy\PHPTutorial\WWW\project\application\admin\view\index\index.html [ array (
  0 => 'user_auth',
) ]
---------------------------------------------------------------
[ 2019-01-24T09:12:55+08:00 ] 127.0.0.1 GET www.mytest.com/admin
[运行时间：0.083996s] [吞吐率：11.91req/s] [内存消耗：2,748.66kb] [文件加载：111]
[ info ] [ LANG ] D:\phpstudy\PHPTutorial\WWW\project\thinkphp\lang\zh-cn.php
[ info ] [ ROUTE ] array (
)
[ info ] [ HEADER ] array (
  'cookie' => 'PHPSESSID=7fmf7ffcb4jadjmlvvmtgdrt46',
  'accept-language' => 'zh-CN,zh;q=0.9',
  'accept-encoding' => 'gzip, deflate',
  'accept' => 'text/html,application/xhtml+xml,application/xml;q=0.9,image/webp,image/apng,*/*;q=0.8',
  'user-agent' => 'Mozilla/5.0 (Windows NT 10.0; WOW64) AppleWebKit/537.36 (KHTML, like Gecko) Chrome/69.0.3497.81 Safari/537.36',
  'upgrade-insecure-requests' => '1',
  'cache-control' => 'max-age=0',
  'connection' => 'close',
  'host' => 'www.mytest.com',
)
[ info ] [ PARAM ] array (
  '/admin' => '',
)
[ info ] [ VIEW ] D:\phpstudy\PHPTutorial\WWW\project\application\admin\view\index\index.html [ array (
  0 => 'user_auth',
) ]
---------------------------------------------------------------
[ 2019-01-24T10:16:03+08:00 ] 127.0.0.1 GET www.mytest.com/admin
[运行时间：0.092236s] [吞吐率：10.84req/s] [内存消耗：2,748.66kb] [文件加载：111]
[ info ] [ LANG ] D:\phpstudy\PHPTutorial\WWW\project\thinkphp\lang\zh-cn.php
[ info ] [ ROUTE ] array (
)
[ info ] [ HEADER ] array (
  'cookie' => 'PHPSESSID=7fmf7ffcb4jadjmlvvmtgdrt46',
  'accept-language' => 'zh-CN,zh;q=0.9',
  'accept-encoding' => 'gzip, deflate',
  'accept' => 'text/html,application/xhtml+xml,application/xml;q=0.9,image/webp,image/apng,*/*;q=0.8',
  'user-agent' => 'Mozilla/5.0 (Windows NT 10.0; WOW64) AppleWebKit/537.36 (KHTML, like Gecko) Chrome/69.0.3497.81 Safari/537.36',
  'upgrade-insecure-requests' => '1',
  'cache-control' => 'max-age=0',
  'connection' => 'close',
  'host' => 'www.mytest.com',
)
[ info ] [ PARAM ] array (
  '/admin' => '',
)
[ info ] [ VIEW ] D:\phpstudy\PHPTutorial\WWW\project\application\admin\view\index\index.html [ array (
  0 => 'user_auth',
) ]
---------------------------------------------------------------
[ 2019-01-24T14:22:56+08:00 ] 127.0.0.1 GET www.mytest.com/admin/category/index
[运行时间：0.103139s] [吞吐率：9.70req/s] [内存消耗：2,357.11kb] [文件加载：102]
[ info ] [ LANG ] D:\phpstudy\PHPTutorial\WWW\project\thinkphp\lang\zh-cn.php
[ info ] [ ROUTE ] array (
)
[ info ] [ HEADER ] array (
  'accept-language' => 'zh-CN,zh;q=0.9',
  'accept-encoding' => 'gzip, deflate',
  'referer' => 'http://www.mytest.com/admin',
  'accept' => 'text/html,application/xhtml+xml,application/xml;q=0.9,image/webp,image/apng,*/*;q=0.8',
  'user-agent' => 'Mozilla/5.0 (Windows NT 10.0; WOW64) AppleWebKit/537.36 (KHTML, like Gecko) Chrome/69.0.3497.81 Safari/537.36',
  'upgrade-insecure-requests' => '1',
  'connection' => 'close',
  'host' => 'www.mytest.com',
)
[ info ] [ PARAM ] array (
  '/admin/category/index' => '',
)
---------------------------------------------------------------
[ 2019-01-24T14:22:56+08:00 ] 127.0.0.1 GET www.mytest.com/admin/login/index
[运行时间：0.106183s] [吞吐率：9.42req/s] [内存消耗：2,432.93kb] [文件加载：106]
[ info ] [ LANG ] D:\phpstudy\PHPTutorial\WWW\project\thinkphp\lang\zh-cn.php
[ info ] [ ROUTE ] array (
)
[ info ] [ HEADER ] array (
  'cookie' => 'PHPSESSID=cajokj8l2v6p71glp0qnjnd64a',
  'accept-language' => 'zh-CN,zh;q=0.9',
  'accept-encoding' => 'gzip, deflate',
  'referer' => 'http://www.mytest.com/admin',
  'accept' => 'text/html,application/xhtml+xml,application/xml;q=0.9,image/webp,image/apng,*/*;q=0.8',
  'user-agent' => 'Mozilla/5.0 (Windows NT 10.0; WOW64) AppleWebKit/537.36 (KHTML, like Gecko) Chrome/69.0.3497.81 Safari/537.36',
  'upgrade-insecure-requests' => '1',
  'connection' => 'close',
  'host' => 'www.mytest.com',
)
[ info ] [ PARAM ] array (
  '/admin/login/index' => '',
)
[ info ] [ VIEW ] D:\phpstudy\PHPTutorial\WWW\project\application\admin\view\login\index.html [ array (
  0 => 'user_auth',
) ]
---------------------------------------------------------------
[ 2019-01-24T14:23:05+08:00 ] 127.0.0.1 POST www.mytest.com/admin/login/index.html
[运行时间：0.273350s] [吞吐率：3.66req/s] [内存消耗：3,511.12kb] [文件加载：116]
[ info ] [ LANG ] D:\phpstudy\PHPTutorial\WWW\project\thinkphp\lang\zh-cn.php
[ info ] [ ROUTE ] array (
)
[ info ] [ HEADER ] array (
  'cookie' => 'PHPSESSID=cajokj8l2v6p71glp0qnjnd64a',
  'accept-language' => 'zh-CN,zh;q=0.9',
  'accept-encoding' => 'gzip, deflate',
  'referer' => 'http://www.mytest.com/admin/login/index',
  'content-type' => 'application/x-www-form-urlencoded; charset=UTF-8',
  'user-agent' => 'Mozilla/5.0 (Windows NT 10.0; WOW64) AppleWebKit/537.36 (KHTML, like Gecko) Chrome/69.0.3497.81 Safari/537.36',
  'x-requested-with' => 'XMLHttpRequest',
  'origin' => 'http://www.mytest.com',
  'accept' => '*/*',
  'content-length' => '31',
  'connection' => 'close',
  'host' => 'www.mytest.com',
)
[ info ] [ PARAM ] array (
  '/admin/login/index_html' => '',
  'username' => 'admin',
  'password' => 'cs12465',
)
[ info ] [ DB ] INIT mysql
---------------------------------------------------------------
[ 2019-01-24T14:23:09+08:00 ] 127.0.0.1 POST www.mytest.com/admin/login/index.html
[运行时间：0.286476s] [吞吐率：3.49req/s] [内存消耗：3,511.13kb] [文件加载：116]
[ info ] [ LANG ] D:\phpstudy\PHPTutorial\WWW\project\thinkphp\lang\zh-cn.php
[ info ] [ ROUTE ] array (
)
[ info ] [ HEADER ] array (
  'cookie' => 'PHPSESSID=cajokj8l2v6p71glp0qnjnd64a',
  'accept-language' => 'zh-CN,zh;q=0.9',
  'accept-encoding' => 'gzip, deflate',
  'referer' => 'http://www.mytest.com/admin/login/index',
  'content-type' => 'application/x-www-form-urlencoded; charset=UTF-8',
  'user-agent' => 'Mozilla/5.0 (Windows NT 10.0; WOW64) AppleWebKit/537.36 (KHTML, like Gecko) Chrome/69.0.3497.81 Safari/537.36',
  'x-requested-with' => 'XMLHttpRequest',
  'origin' => 'http://www.mytest.com',
  'accept' => '*/*',
  'content-length' => '32',
  'connection' => 'close',
  'host' => 'www.mytest.com',
)
[ info ] [ PARAM ] array (
  '/admin/login/index_html' => '',
  'username' => 'admin',
  'password' => 'cs123465',
)
[ info ] [ DB ] INIT mysql
---------------------------------------------------------------
[ 2019-01-24T14:23:13+08:00 ] 127.0.0.1 POST www.mytest.com/admin/login/index.html
[运行时间：0.564182s] [吞吐率：1.77req/s] [内存消耗：3,541.93kb] [文件加载：117]
[ info ] [ LANG ] D:\phpstudy\PHPTutorial\WWW\project\thinkphp\lang\zh-cn.php
[ info ] [ ROUTE ] array (
)
[ info ] [ HEADER ] array (
  'cookie' => 'PHPSESSID=cajokj8l2v6p71glp0qnjnd64a',
  'accept-language' => 'zh-CN,zh;q=0.9',
  'accept-encoding' => 'gzip, deflate',
  'referer' => 'http://www.mytest.com/admin/login/index',
  'content-type' => 'application/x-www-form-urlencoded; charset=UTF-8',
  'user-agent' => 'Mozilla/5.0 (Windows NT 10.0; WOW64) AppleWebKit/537.36 (KHTML, like Gecko) Chrome/69.0.3497.81 Safari/537.36',
  'x-requested-with' => 'XMLHttpRequest',
  'origin' => 'http://www.mytest.com',
  'accept' => '*/*',
  'content-length' => '32',
  'connection' => 'close',
  'host' => 'www.mytest.com',
)
[ info ] [ PARAM ] array (
  '/admin/login/index_html' => '',
  'username' => 'admin',
  'password' => 'cs123456',
)
[ info ] [ DB ] INIT mysql
---------------------------------------------------------------
[ 2019-01-24T14:23:13+08:00 ] 127.0.0.1 GET www.mytest.com/admin/index/index.html
[运行时间：0.108402s] [吞吐率：9.22req/s] [内存消耗：2,748.85kb] [文件加载：111]
[ info ] [ LANG ] D:\phpstudy\PHPTutorial\WWW\project\thinkphp\lang\zh-cn.php
[ info ] [ ROUTE ] array (
)
[ info ] [ HEADER ] array (
  'cookie' => 'PHPSESSID=cajokj8l2v6p71glp0qnjnd64a',
  'accept-language' => 'zh-CN,zh;q=0.9',
  'accept-encoding' => 'gzip, deflate',
  'referer' => 'http://www.mytest.com/admin/login/index',
  'accept' => 'text/html,application/xhtml+xml,application/xml;q=0.9,image/webp,image/apng,*/*;q=0.8',
  'user-agent' => 'Mozilla/5.0 (Windows NT 10.0; WOW64) AppleWebKit/537.36 (KHTML, like Gecko) Chrome/69.0.3497.81 Safari/537.36',
  'upgrade-insecure-requests' => '1',
  'connection' => 'close',
  'host' => 'www.mytest.com',
)
[ info ] [ PARAM ] array (
  '/admin/index/index_html' => '',
)
[ info ] [ VIEW ] D:\phpstudy\PHPTutorial\WWW\project\application\admin\view\index\index.html [ array (
  0 => 'user_auth',
) ]
---------------------------------------------------------------
[ 2019-01-24T14:23:15+08:00 ] 127.0.0.1 GET www.mytest.com/admin/category/index
[运行时间：0.375008s] [吞吐率：2.67req/s] [内存消耗：3,715.02kb] [文件加载：121]
[ info ] [ LANG ] D:\phpstudy\PHPTutorial\WWW\project\thinkphp\lang\zh-cn.php
[ info ] [ ROUTE ] array (
)
[ info ] [ HEADER ] array (
  'cookie' => 'PHPSESSID=cajokj8l2v6p71glp0qnjnd64a',
  'accept-language' => 'zh-CN,zh;q=0.9',
  'accept-encoding' => 'gzip, deflate',
  'referer' => 'http://www.mytest.com/admin/index/index.html',
  'accept' => 'text/html,application/xhtml+xml,application/xml;q=0.9,image/webp,image/apng,*/*;q=0.8',
  'user-agent' => 'Mozilla/5.0 (Windows NT 10.0; WOW64) AppleWebKit/537.36 (KHTML, like Gecko) Chrome/69.0.3497.81 Safari/537.36',
  'upgrade-insecure-requests' => '1',
  'connection' => 'close',
  'host' => 'www.mytest.com',
)
[ info ] [ PARAM ] array (
  '/admin/category/index' => '',
)
[ info ] [ DB ] INIT mysql
[ info ] [ VIEW ] D:\phpstudy\PHPTutorial\WWW\project\application\admin\view\category\index.html [ array (
  0 => 'user_auth',
  1 => 'data',
) ]
---------------------------------------------------------------
[ 2019-01-24T14:23:19+08:00 ] 127.0.0.1 GET www.mytest.com/admin/category/addCategory
[运行时间：0.375101s] [吞吐率：2.67req/s] [内存消耗：3,802.45kb] [文件加载：121]
[ info ] [ LANG ] D:\phpstudy\PHPTutorial\WWW\project\thinkphp\lang\zh-cn.php
[ info ] [ ROUTE ] array (
)
[ info ] [ HEADER ] array (
  'cookie' => 'PHPSESSID=cajokj8l2v6p71glp0qnjnd64a',
  'accept-language' => 'zh-CN,zh;q=0.9',
  'accept-encoding' => 'gzip, deflate',
  'referer' => 'http://www.mytest.com/admin/category/index',
  'accept' => 'text/html,application/xhtml+xml,application/xml;q=0.9,image/webp,image/apng,*/*;q=0.8',
  'user-agent' => 'Mozilla/5.0 (Windows NT 10.0; WOW64) AppleWebKit/537.36 (KHTML, like Gecko) Chrome/69.0.3497.81 Safari/537.36',
  'upgrade-insecure-requests' => '1',
  'connection' => 'close',
  'host' => 'www.mytest.com',
)
[ info ] [ PARAM ] array (
  '/admin/category/addCategory' => '',
)
[ info ] [ DB ] INIT mysql
[ info ] [ VIEW ] D:\phpstudy\PHPTutorial\WWW\project\application\admin\view\category\add.html [ array (
  0 => 'user_auth',
  1 => 'cate',
  2 => 'res',
) ]
---------------------------------------------------------------
[ 2019-01-24T14:23:22+08:00 ] 127.0.0.1 GET www.mytest.com/admin/category/addCategory
[运行时间：0.346156s] [吞吐率：2.89req/s] [内存消耗：3,648.57kb] [文件加载：119]
[ info ] [ LANG ] D:\phpstudy\PHPTutorial\WWW\project\thinkphp\lang\zh-cn.php
[ info ] [ ROUTE ] array (
)
[ info ] [ HEADER ] array (
  'cookie' => 'PHPSESSID=cajokj8l2v6p71glp0qnjnd64a',
  'accept-language' => 'zh-CN,zh;q=0.9',
  'accept-encoding' => 'gzip, deflate',
  'referer' => 'http://www.mytest.com/admin/category/index',
  'accept' => 'text/html,application/xhtml+xml,application/xml;q=0.9,image/webp,image/apng,*/*;q=0.8',
  'user-agent' => 'Mozilla/5.0 (Windows NT 10.0; WOW64) AppleWebKit/537.36 (KHTML, like Gecko) Chrome/69.0.3497.81 Safari/537.36',
  'upgrade-insecure-requests' => '1',
  'cache-control' => 'max-age=0',
  'connection' => 'close',
  'host' => 'www.mytest.com',
)
[ info ] [ PARAM ] array (
  '/admin/category/addCategory' => '',
)
[ info ] [ DB ] INIT mysql
[ info ] [ VIEW ] D:\phpstudy\PHPTutorial\WWW\project\application\admin\view\category\add.html [ array (
  0 => 'user_auth',
  1 => 'cate',
  2 => 'res',
) ]
---------------------------------------------------------------
[ 2019-01-24T14:23:24+08:00 ] 127.0.0.1 GET www.mytest.com/admin/category/index
[运行时间：0.262748s] [吞吐率：3.81req/s] [内存消耗：3,715.04kb] [文件加载：121]
[ info ] [ LANG ] D:\phpstudy\PHPTutorial\WWW\project\thinkphp\lang\zh-cn.php
[ info ] [ ROUTE ] array (
)
[ info ] [ HEADER ] array (
  'cookie' => 'PHPSESSID=cajokj8l2v6p71glp0qnjnd64a',
  'accept-language' => 'zh-CN,zh;q=0.9',
  'accept-encoding' => 'gzip, deflate',
  'referer' => 'http://www.mytest.com/admin/category/addCategory',
  'accept' => 'text/html,application/xhtml+xml,application/xml;q=0.9,image/webp,image/apng,*/*;q=0.8',
  'user-agent' => 'Mozilla/5.0 (Windows NT 10.0; WOW64) AppleWebKit/537.36 (KHTML, like Gecko) Chrome/69.0.3497.81 Safari/537.36',
  'upgrade-insecure-requests' => '1',
  'connection' => 'close',
  'host' => 'www.mytest.com',
)
[ info ] [ PARAM ] array (
  '/admin/category/index' => '',
)
[ info ] [ DB ] INIT mysql
[ info ] [ VIEW ] D:\phpstudy\PHPTutorial\WWW\project\application\admin\view\category\index.html [ array (
  0 => 'user_auth',
  1 => 'data',
) ]
---------------------------------------------------------------
[ 2019-01-24T17:00:56+08:00 ] 127.0.0.1 GET www.mytest.com/admin/category/index
[运行时间：0.311903s] [吞吐率：3.21req/s] [内存消耗：3,711.10kb] [文件加载：121]
[ info ] [ LANG ] D:\phpstudy\PHPTutorial\WWW\project\thinkphp\lang\zh-cn.php
[ info ] [ ROUTE ] array (
)
[ info ] [ HEADER ] array (
  'cookie' => 'PHPSESSID=cajokj8l2v6p71glp0qnjnd64a',
  'accept-language' => 'zh-CN,zh;q=0.9',
  'accept-encoding' => 'gzip, deflate',
  'referer' => 'http://www.mytest.com/admin/category/addCategory',
  'accept' => 'text/html,application/xhtml+xml,application/xml;q=0.9,image/webp,image/apng,*/*;q=0.8',
  'user-agent' => 'Mozilla/5.0 (Windows NT 10.0; WOW64) AppleWebKit/537.36 (KHTML, like Gecko) Chrome/69.0.3497.81 Safari/537.36',
  'upgrade-insecure-requests' => '1',
  'cache-control' => 'max-age=0',
  'connection' => 'close',
  'host' => 'www.mytest.com',
)
[ info ] [ PARAM ] array (
  '/admin/category/index' => '',
)
[ info ] [ DB ] INIT mysql
[ info ] [ VIEW ] D:\phpstudy\PHPTutorial\WWW\project\application\admin\view\category\index.html [ array (
  0 => 'user_auth',
  1 => 'data',
) ]
---------------------------------------------------------------
[ 2019-01-24T17:00:59+08:00 ] 127.0.0.1 GET www.mytest.com/admin/category/index
[运行时间：0.256053s] [吞吐率：3.91req/s] [内存消耗：3,715.10kb] [文件加载：121]
[ info ] [ LANG ] D:\phpstudy\PHPTutorial\WWW\project\thinkphp\lang\zh-cn.php
[ info ] [ ROUTE ] array (
)
[ info ] [ HEADER ] array (
  'cookie' => 'PHPSESSID=cajokj8l2v6p71glp0qnjnd64a',
  'accept-language' => 'zh-CN,zh;q=0.9',
  'accept-encoding' => 'gzip, deflate',
  'referer' => 'http://www.mytest.com/admin/category/addCategory',
  'accept' => 'text/html,application/xhtml+xml,application/xml;q=0.9,image/webp,image/apng,*/*;q=0.8',
  'user-agent' => 'Mozilla/5.0 (Windows NT 10.0; WOW64) AppleWebKit/537.36 (KHTML, like Gecko) Chrome/69.0.3497.81 Safari/537.36',
  'upgrade-insecure-requests' => '1',
  'cache-control' => 'max-age=0',
  'connection' => 'close',
  'host' => 'www.mytest.com',
)
[ info ] [ PARAM ] array (
  '/admin/category/index' => '',
)
[ info ] [ DB ] INIT mysql
[ info ] [ VIEW ] D:\phpstudy\PHPTutorial\WWW\project\application\admin\view\category\index.html [ array (
  0 => 'user_auth',
  1 => 'data',
) ]
---------------------------------------------------------------
[ 2019-01-24T17:14:08+08:00 ] 127.0.0.1 GET www.mytest.com/admin/category/index
[运行时间：0.319851s] [吞吐率：3.13req/s] [内存消耗：3,707.54kb] [文件加载：121]
[ info ] [ LANG ] D:\phpstudy\PHPTutorial\WWW\project\thinkphp\lang\zh-cn.php
[ info ] [ ROUTE ] array (
)
[ info ] [ HEADER ] array (
  'cookie' => 'PHPSESSID=cajokj8l2v6p71glp0qnjnd64a',
  'accept-language' => 'zh-CN,zh;q=0.9',
  'accept-encoding' => 'gzip, deflate',
  'referer' => 'http://www.mytest.com/admin/category/addCategory',
  'accept' => 'text/html,application/xhtml+xml,application/xml;q=0.9,image/webp,image/apng,*/*;q=0.8',
  'user-agent' => 'Mozilla/5.0 (Windows NT 10.0; WOW64) AppleWebKit/537.36 (KHTML, like Gecko) Chrome/69.0.3497.81 Safari/537.36',
  'upgrade-insecure-requests' => '1',
  'cache-control' => 'no-cache',
  'pragma' => 'no-cache',
  'connection' => 'close',
  'host' => 'www.mytest.com',
)
[ info ] [ PARAM ] array (
  '/admin/category/index' => '',
)
[ info ] [ DB ] INIT mysql
[ info ] [ VIEW ] D:\phpstudy\PHPTutorial\WWW\project\application\admin\view\category\index.html [ array (
  0 => 'user_auth',
  1 => 'data',
) ]
---------------------------------------------------------------
[ 2019-01-24T17:14:29+08:00 ] 127.0.0.1 GET www.mytest.com/admin/category/index
[运行时间：0.261139s] [吞吐率：3.83req/s] [内存消耗：3,711.54kb] [文件加载：121]
[ info ] [ LANG ] D:\phpstudy\PHPTutorial\WWW\project\thinkphp\lang\zh-cn.php
[ info ] [ ROUTE ] array (
)
[ info ] [ HEADER ] array (
  'cookie' => 'PHPSESSID=cajokj8l2v6p71glp0qnjnd64a',
  'accept-language' => 'zh-CN,zh;q=0.9',
  'accept-encoding' => 'gzip, deflate',
  'referer' => 'http://www.mytest.com/admin/category/addCategory',
  'accept' => 'text/html,application/xhtml+xml,application/xml;q=0.9,image/webp,image/apng,*/*;q=0.8',
  'user-agent' => 'Mozilla/5.0 (Windows NT 10.0; WOW64) AppleWebKit/537.36 (KHTML, like Gecko) Chrome/69.0.3497.81 Safari/537.36',
  'upgrade-insecure-requests' => '1',
  'cache-control' => 'no-cache',
  'pragma' => 'no-cache',
  'connection' => 'close',
  'host' => 'www.mytest.com',
)
[ info ] [ PARAM ] array (
  '/admin/category/index' => '',
)
[ info ] [ DB ] INIT mysql
[ info ] [ VIEW ] D:\phpstudy\PHPTutorial\WWW\project\application\admin\view\category\index.html [ array (
  0 => 'user_auth',
  1 => 'data',
) ]
