---------------------------------------------------------------
[ 2018-11-23T09:02:26+08:00 ] 127.0.0.1 GET www.mytest.com/
[运行时间：0.453545s] [吞吐率：2.20req/s] [内存消耗：1,917.73kb] [文件加载：81]
[ info ] [ LANG ] D:\phpstudy\PHPTutorial\WWW\project\thinkphp\lang\zh-cn.php
[ info ] [ ROUTE ] array (
)
[ info ] [ HEADER ] array (
  'accept-language' => 'zh-CN,zh;q=0.9',
  'accept-encoding' => 'gzip, deflate',
  'accept' => 'text/html,application/xhtml+xml,application/xml;q=0.9,image/webp,image/apng,*/*;q=0.8',
  'user-agent' => 'Mozilla/5.0 (Linux; Android 5.0; SM-G900P Build/LRX21T) AppleWebKit/537.36 (KHTML, like Gecko) Chrome/69.0.3497.81 Mobile Safari/537.36',
  'upgrade-insecure-requests' => '1',
  'connection' => 'close',
  'host' => 'www.mytest.com',
)
[ info ] [ PARAM ] array (
)
---------------------------------------------------------------
[ 2018-11-23T09:02:26+08:00 ] 127.0.0.1 GET www.mytest.com/index/user/main.html
[运行时间：0.102476s] [吞吐率：9.76req/s] [内存消耗：2,210.62kb] [文件加载：88]
[ info ] [ LANG ] D:\phpstudy\PHPTutorial\WWW\project\thinkphp\lang\zh-cn.php
[ info ] [ ROUTE ] array (
)
[ info ] [ HEADER ] array (
  'cookie' => 'PHPSESSID=bopvap7vusu8fa1o80soovgam1',
  'accept-language' => 'zh-CN,zh;q=0.9',
  'accept-encoding' => 'gzip, deflate',
  'accept' => 'text/html,application/xhtml+xml,application/xml;q=0.9,image/webp,image/apng,*/*;q=0.8',
  'user-agent' => 'Mozilla/5.0 (Linux; Android 5.0; SM-G900P Build/LRX21T) AppleWebKit/537.36 (KHTML, like Gecko) Chrome/69.0.3497.81 Mobile Safari/537.36',
  'upgrade-insecure-requests' => '1',
  'connection' => 'close',
  'host' => 'www.mytest.com',
)
[ info ] [ PARAM ] array (
  '/index/user/main_html' => '',
)
---------------------------------------------------------------
[ 2018-11-23T09:02:26+08:00 ] 127.0.0.1 GET www.mytest.com/login
[运行时间：0.080187s] [吞吐率：12.47req/s] [内存消耗：2,041.08kb] [文件加载：80]
[ info ] [ LANG ] D:\phpstudy\PHPTutorial\WWW\project\thinkphp\lang\zh-cn.php
[ info ] [ ROUTE ] array (
  'rule' => 'login',
  'route' => 'index/Index/login',
  'option' => 
  array (
    'merge_rule_regex' => false,
  ),
  'var' => 
  array (
  ),
)
[ info ] [ HEADER ] array (
  'cookie' => 'PHPSESSID=bopvap7vusu8fa1o80soovgam1',
  'accept-language' => 'zh-CN,zh;q=0.9',
  'accept-encoding' => 'gzip, deflate',
  'accept' => 'text/html,application/xhtml+xml,application/xml;q=0.9,image/webp,image/apng,*/*;q=0.8',
  'user-agent' => 'Mozilla/5.0 (Linux; Android 5.0; SM-G900P Build/LRX21T) AppleWebKit/537.36 (KHTML, like Gecko) Chrome/69.0.3497.81 Mobile Safari/537.36',
  'upgrade-insecure-requests' => '1',
  'connection' => 'close',
  'host' => 'www.mytest.com',
)
[ info ] [ PARAM ] array (
  '/login' => '',
)
[ info ] [ VIEW ] D:\phpstudy\PHPTutorial\WWW\project\application\index\view\index\login.html [ array (
) ]
---------------------------------------------------------------
[ 2018-11-23T09:02:36+08:00 ] 127.0.0.1 GET www.mytest.com/weixin/index/login.html
[运行时间：0.089577s] [吞吐率：11.16req/s] [内存消耗：1,951.41kb] [文件加载：80]
[ info ] [ LANG ] D:\phpstudy\PHPTutorial\WWW\project\thinkphp\lang\zh-cn.php
[ info ] [ ROUTE ] array (
)
[ info ] [ HEADER ] array (
  'cookie' => 'PHPSESSID=bopvap7vusu8fa1o80soovgam1',
  'accept-language' => 'zh-CN,zh;q=0.9',
  'accept-encoding' => 'gzip, deflate',
  'accept' => 'text/html,application/xhtml+xml,application/xml;q=0.9,image/webp,image/apng,*/*;q=0.8',
  'user-agent' => 'Mozilla/5.0 (Windows NT 10.0; WOW64) AppleWebKit/537.36 (KHTML, like Gecko) Chrome/69.0.3497.81 Safari/537.36',
  'upgrade-insecure-requests' => '1',
  'purpose' => 'prefetch',
  'connection' => 'close',
  'host' => 'www.mytest.com',
)
[ info ] [ PARAM ] array (
  '/weixin/index/login_html' => '',
)
[ info ] [ VIEW ] D:\phpstudy\PHPTutorial\WWW\project\application\weixin\view\index\login.html [ array (
) ]
---------------------------------------------------------------
[ 2018-11-23T09:02:37+08:00 ] 127.0.0.1 GET www.mytest.com/weixin/index/login.html
[运行时间：0.053548s] [吞吐率：18.67req/s] [内存消耗：1,951.17kb] [文件加载：80]
[ info ] [ LANG ] D:\phpstudy\PHPTutorial\WWW\project\thinkphp\lang\zh-cn.php
[ info ] [ ROUTE ] array (
)
[ info ] [ HEADER ] array (
  'cookie' => 'PHPSESSID=bopvap7vusu8fa1o80soovgam1',
  'accept-language' => 'zh-CN,zh;q=0.9',
  'accept-encoding' => 'gzip, deflate',
  'accept' => 'text/html,application/xhtml+xml,application/xml;q=0.9,image/webp,image/apng,*/*;q=0.8',
  'user-agent' => 'Mozilla/5.0 (Linux; Android 5.0; SM-G900P Build/LRX21T) AppleWebKit/537.36 (KHTML, like Gecko) Chrome/69.0.3497.81 Mobile Safari/537.36',
  'upgrade-insecure-requests' => '1',
  'connection' => 'close',
  'host' => 'www.mytest.com',
)
[ info ] [ PARAM ] array (
  '/weixin/index/login_html' => '',
)
[ info ] [ VIEW ] D:\phpstudy\PHPTutorial\WWW\project\application\weixin\view\index\login.html [ array (
) ]
---------------------------------------------------------------
[ 2018-11-23T09:02:50+08:00 ] 127.0.0.1 POST www.mytest.com/weixin/index/postLogin
[运行时间：0.192913s] [吞吐率：5.18req/s] [内存消耗：3,092.55kb] [文件加载：93]
[ info ] [ LANG ] D:\phpstudy\PHPTutorial\WWW\project\thinkphp\lang\zh-cn.php
[ info ] [ ROUTE ] array (
)
[ info ] [ HEADER ] array (
  'cookie' => 'PHPSESSID=bopvap7vusu8fa1o80soovgam1',
  'accept-language' => 'zh-CN,zh;q=0.9',
  'accept-encoding' => 'gzip, deflate',
  'referer' => 'http://www.mytest.com/weixin/index/login.html',
  'content-type' => 'application/x-www-form-urlencoded; charset=UTF-8',
  'user-agent' => 'Mozilla/5.0 (Linux; Android 5.0; SM-G900P Build/LRX21T) AppleWebKit/537.36 (KHTML, like Gecko) Chrome/69.0.3497.81 Mobile Safari/537.36',
  'x-requested-with' => 'XMLHttpRequest',
  'origin' => 'http://www.mytest.com',
  'accept' => 'application/json, text/javascript, */*; q=0.01',
  'content-length' => '36',
  'connection' => 'close',
  'host' => 'www.mytest.com',
)
[ info ] [ PARAM ] array (
  '/weixin/index/postLogin' => '',
  'mobile' => '17601628133',
  'password' => 'cs123456',
)
[ info ] [ DB ] INIT mysql
[ sql ] [ DB ] CONNECT:[ UseTime:0.003874s ] mysql:host=127.0.0.1;port=3306;dbname=wl_project;charset=utf8
[ sql ] [ SQL ] SHOW COLUMNS FROM `wl_user` [ RunTime:0.060863s ]
[ sql ] [ SQL ] SELECT * FROM `wl_user` WHERE  `mobile` = '17601628133' LIMIT 1 [ RunTime:0.000677s ]
---------------------------------------------------------------
[ 2018-11-23T09:02:56+08:00 ] 127.0.0.1 POST www.mytest.com/weixin/index/postLogin
[运行时间：0.190175s] [吞吐率：5.26req/s] [内存消耗：3,116.63kb] [文件加载：94]
[ info ] [ LANG ] D:\phpstudy\PHPTutorial\WWW\project\thinkphp\lang\zh-cn.php
[ info ] [ ROUTE ] array (
)
[ info ] [ HEADER ] array (
  'cookie' => 'PHPSESSID=bopvap7vusu8fa1o80soovgam1',
  'accept-language' => 'zh-CN,zh;q=0.9',
  'accept-encoding' => 'gzip, deflate',
  'referer' => 'http://www.mytest.com/weixin/index/login.html',
  'content-type' => 'application/x-www-form-urlencoded; charset=UTF-8',
  'user-agent' => 'Mozilla/5.0 (Linux; Android 5.0; SM-G900P Build/LRX21T) AppleWebKit/537.36 (KHTML, like Gecko) Chrome/69.0.3497.81 Mobile Safari/537.36',
  'x-requested-with' => 'XMLHttpRequest',
  'origin' => 'http://www.mytest.com',
  'accept' => 'application/json, text/javascript, */*; q=0.01',
  'content-length' => '34',
  'connection' => 'close',
  'host' => 'www.mytest.com',
)
[ info ] [ PARAM ] array (
  '/weixin/index/postLogin' => '',
  'mobile' => '17601628133',
  'password' => '123456',
)
[ info ] [ DB ] INIT mysql
[ sql ] [ DB ] CONNECT:[ UseTime:0.010144s ] mysql:host=127.0.0.1;port=3306;dbname=wl_project;charset=utf8
[ sql ] [ SQL ] SHOW COLUMNS FROM `wl_user` [ RunTime:0.016065s ]
[ sql ] [ SQL ] SELECT * FROM `wl_user` WHERE  `mobile` = '17601628133' LIMIT 1 [ RunTime:0.000497s ]
[ sql ] [ SQL ] SELECT `id`,`type`,`created_time` FROM `wl_user` WHERE  `id` = 8 LIMIT 1 [ RunTime:0.000603s ]
[ sql ] [ SQL ] SHOW COLUMNS FROM `wl_message` [ RunTime:0.033175s ]
[ sql ] [ SQL ] SHOW COLUMNS FROM `wl_message_read` [ RunTime:0.044987s ]
[ sql ] [ SQL ] SELECT `id` FROM `wl_message` WHERE  `type` IN (0,2)  AND `id` NOT IN (SELECT `message_id` FROM `wl_message_read` WHERE  `receive_user_id` = 8)  AND `created_time` BETWEEN '2018-11-17 00:00:00' AND '2018-11-23 09:02:56' [ RunTime:0.000843s ]
---------------------------------------------------------------
[ 2018-11-23T09:02:58+08:00 ] 127.0.0.1 GET www.mytest.com/weixin/user/main
[运行时间：0.174202s] [吞吐率：5.74req/s] [内存消耗：3,123.61kb] [文件加载：95]
[ info ] [ LANG ] D:\phpstudy\PHPTutorial\WWW\project\thinkphp\lang\zh-cn.php
[ info ] [ ROUTE ] array (
)
[ info ] [ HEADER ] array (
  'cookie' => 'PHPSESSID=bopvap7vusu8fa1o80soovgam1',
  'accept-language' => 'zh-CN,zh;q=0.9',
  'accept-encoding' => 'gzip, deflate',
  'referer' => 'http://www.mytest.com/weixin/index/login.html',
  'accept' => 'text/html,application/xhtml+xml,application/xml;q=0.9,image/webp,image/apng,*/*;q=0.8',
  'user-agent' => 'Mozilla/5.0 (Linux; Android 5.0; SM-G900P Build/LRX21T) AppleWebKit/537.36 (KHTML, like Gecko) Chrome/69.0.3497.81 Mobile Safari/537.36',
  'upgrade-insecure-requests' => '1',
  'connection' => 'close',
  'host' => 'www.mytest.com',
)
[ info ] [ PARAM ] array (
  '/weixin/user/main' => '',
)
[ info ] [ DB ] INIT mysql
[ info ] [ VIEW ] D:\phpstudy\PHPTutorial\WWW\project\application\weixin\view\user\main.html [ array (
  0 => 'publishStatistics',
  1 => 'user_info',
  2 => 'contactMobile',
) ]
[ sql ] [ DB ] CONNECT:[ UseTime:0.010429s ] mysql:host=127.0.0.1;port=3306;dbname=wl_project;charset=utf8
[ sql ] [ SQL ] SHOW COLUMNS FROM `wl_user` [ RunTime:0.016075s ]
[ sql ] [ SQL ] SELECT * FROM `wl_user` WHERE  `id` = 8 LIMIT 1 [ RunTime:0.000506s ]
[ sql ] [ SQL ] SELECT type,count(1) as total from wl_article where user_id = 8 AND  status=1 and published_time <='2018-11-23 09:02:58'  GROUP BY type [ RunTime:0.031744s ]
---------------------------------------------------------------
[ 2018-11-23T09:03:00+08:00 ] 127.0.0.1 GET www.mytest.com/weixin/index/index
[运行时间：0.093375s] [吞吐率：10.71req/s] [内存消耗：2,254.79kb] [文件加载：87]
[ info ] [ LANG ] D:\phpstudy\PHPTutorial\WWW\project\thinkphp\lang\zh-cn.php
[ info ] [ ROUTE ] array (
)
[ info ] [ HEADER ] array (
  'cookie' => 'PHPSESSID=bopvap7vusu8fa1o80soovgam1',
  'accept-language' => 'zh-CN,zh;q=0.9',
  'accept-encoding' => 'gzip, deflate',
  'referer' => 'http://www.mytest.com/weixin/user/main',
  'accept' => 'text/html,application/xhtml+xml,application/xml;q=0.9,image/webp,image/apng,*/*;q=0.8',
  'user-agent' => 'Mozilla/5.0 (Linux; Android 5.0; SM-G900P Build/LRX21T) AppleWebKit/537.36 (KHTML, like Gecko) Chrome/69.0.3497.81 Mobile Safari/537.36',
  'upgrade-insecure-requests' => '1',
  'connection' => 'close',
  'host' => 'www.mytest.com',
)
[ info ] [ PARAM ] array (
  '/weixin/index/index' => '',
)
[ info ] [ VIEW ] D:\phpstudy\PHPTutorial\WWW\project\application\weixin\view\index\index.html [ array (
) ]
---------------------------------------------------------------
[ 2018-11-23T09:03:01+08:00 ] 127.0.0.1 POST www.mytest.com/weixin/index/getArticleList
[运行时间：0.141000s] [吞吐率：7.09req/s] [内存消耗：3,108.62kb] [文件加载：94]
[ info ] [ LANG ] D:\phpstudy\PHPTutorial\WWW\project\thinkphp\lang\zh-cn.php
[ info ] [ ROUTE ] array (
)
[ info ] [ HEADER ] array (
  'cookie' => 'PHPSESSID=bopvap7vusu8fa1o80soovgam1',
  'accept-language' => 'zh-CN,zh;q=0.9',
  'accept-encoding' => 'gzip, deflate',
  'referer' => 'http://www.mytest.com/weixin/index/index',
  'content-type' => 'application/x-www-form-urlencoded; charset=UTF-8',
  'user-agent' => 'Mozilla/5.0 (Linux; Android 5.0; SM-G900P Build/LRX21T) AppleWebKit/537.36 (KHTML, like Gecko) Chrome/69.0.3497.81 Mobile Safari/537.36',
  'x-requested-with' => 'XMLHttpRequest',
  'origin' => 'http://www.mytest.com',
  'accept' => 'application/json, text/javascript, */*; q=0.01',
  'content-length' => '26',
  'connection' => 'close',
  'host' => 'www.mytest.com',
)
[ info ] [ PARAM ] array (
  '/weixin/index/getArticleList' => '',
  'type' => '0',
  'page' => '1',
  'page_size' => '15',
)
[ info ] [ DB ] INIT mysql
[ info ] [ VIEW ] D:\phpstudy\PHPTutorial\WWW\project\application\weixin\view\index\index_tpl.html [ array (
  0 => 'rows',
  1 => 'page',
  2 => 'page_total',
  3 => 'total',
) ]
[ sql ] [ DB ] CONNECT:[ UseTime:0.000957s ] mysql:host=127.0.0.1;port=3306;dbname=wl_project;charset=utf8
[ sql ] [ SQL ] SHOW COLUMNS FROM `wl_article` [ RunTime:0.017271s ]
[ sql ] [ SQL ] SELECT COUNT(*) AS tp_count FROM `wl_article` `article` LEFT JOIN `wl_user` `user` ON `article`.`user_id`=`user`.`id` WHERE  `article`.`status` = '1'  AND `article`.`published_time` <= '2018-11-23 09:03:01' ORDER BY `article`.`is_top` DESC,`article`.`published_time` DESC LIMIT 1 [ RunTime:0.000457s ]
[ sql ] [ SQL ] SELECT article.*,user.nickname,INSERT(user.mobile,4,4,'****') as mobile FROM `wl_article` `article` LEFT JOIN `wl_user` `user` ON `article`.`user_id`=`user`.`id` WHERE  `article`.`status` = '1'  AND `article`.`published_time` <= '2018-11-23 09:03:01' ORDER BY `article`.`is_top` DESC,`article`.`published_time` DESC LIMIT 0,15 [ RunTime:0.003284s ]
