---------------------------------------------------------------
[ 2019-03-04T10:13:09+08:00 ] 127.0.0.1 GET www.mytest.com/admin
[运行时间：0.594870s] [吞吐率：1.68req/s] [内存消耗：2,355.20kb] [文件加载：98]
[ info ] [ LANG ] D:\phpstudy\PHPTutorial\WWW\project\thinkphp\lang\zh-cn.php
[ info ] [ ROUTE ] array (
)
[ info ] [ HEADER ] array (
  'accept-language' => 'zh-CN,zh;q=0.9',
  'accept-encoding' => 'gzip, deflate',
  'accept' => 'text/html,application/xhtml+xml,application/xml;q=0.9,image/webp,image/apng,*/*;q=0.8',
  'user-agent' => 'Mozilla/5.0 (Windows NT 10.0; WOW64) AppleWebKit/537.36 (KHTML, like Gecko) Chrome/69.0.3497.81 Safari/537.36',
  'upgrade-insecure-requests' => '1',
  'purpose' => 'prefetch',
  'connection' => 'close',
  'host' => 'www.mytest.com',
)
[ info ] [ PARAM ] array (
  '/admin' => '',
)
---------------------------------------------------------------
[ 2019-03-04T10:13:09+08:00 ] 127.0.0.1 GET www.mytest.com/admin/index/login
[运行时间：0.108633s] [吞吐率：9.21req/s] [内存消耗：2,432.49kb] [文件加载：103]
[ info ] [ LANG ] D:\phpstudy\PHPTutorial\WWW\project\thinkphp\lang\zh-cn.php
[ info ] [ ROUTE ] array (
)
[ info ] [ HEADER ] array (
  'cookie' => 'PHPSESSID=0tn9p8900rpus63h6jl1en2jjv',
  'accept-language' => 'zh-CN,zh;q=0.9',
  'accept-encoding' => 'gzip, deflate',
  'accept' => 'text/html,application/xhtml+xml,application/xml;q=0.9,image/webp,image/apng,*/*;q=0.8',
  'user-agent' => 'Mozilla/5.0 (Windows NT 10.0; WOW64) AppleWebKit/537.36 (KHTML, like Gecko) Chrome/69.0.3497.81 Safari/537.36',
  'upgrade-insecure-requests' => '1',
  'purpose' => 'prefetch',
  'connection' => 'close',
  'host' => 'www.mytest.com',
)
[ info ] [ PARAM ] array (
  '/admin/index/login' => '',
)
[ info ] [ VIEW ] D:\phpstudy\PHPTutorial\WWW\project\application\admin\view\index\login.html [ array (
  0 => 'user_auth',
) ]
---------------------------------------------------------------
[ 2019-03-04T10:35:39+08:00 ] 127.0.0.1 GET www.mytest.com/admin
[运行时间：0.101533s] [吞吐率：9.85req/s] [内存消耗：2,355.61kb] [文件加载：98]
[ info ] [ LANG ] D:\phpstudy\PHPTutorial\WWW\project\thinkphp\lang\zh-cn.php
[ info ] [ ROUTE ] array (
)
[ info ] [ HEADER ] array (
  'cookie' => 'PHPSESSID=0tn9p8900rpus63h6jl1en2jjv',
  'accept-language' => 'zh-CN,zh;q=0.9',
  'accept-encoding' => 'gzip, deflate',
  'accept' => 'text/html,application/xhtml+xml,application/xml;q=0.9,image/webp,image/apng,*/*;q=0.8',
  'user-agent' => 'Mozilla/5.0 (Windows NT 10.0; WOW64) AppleWebKit/537.36 (KHTML, like Gecko) Chrome/69.0.3497.81 Safari/537.36',
  'upgrade-insecure-requests' => '1',
  'purpose' => 'prefetch',
  'connection' => 'close',
  'host' => 'www.mytest.com',
)
[ info ] [ PARAM ] array (
  '/admin' => '',
)
---------------------------------------------------------------
[ 2019-03-04T10:35:39+08:00 ] 127.0.0.1 GET www.mytest.com/admin/index/login
[运行时间：0.075891s] [吞吐率：13.18req/s] [内存消耗：2,432.49kb] [文件加载：103]
[ info ] [ LANG ] D:\phpstudy\PHPTutorial\WWW\project\thinkphp\lang\zh-cn.php
[ info ] [ ROUTE ] array (
)
[ info ] [ HEADER ] array (
  'cookie' => 'PHPSESSID=0tn9p8900rpus63h6jl1en2jjv',
  'accept-language' => 'zh-CN,zh;q=0.9',
  'accept-encoding' => 'gzip, deflate',
  'accept' => 'text/html,application/xhtml+xml,application/xml;q=0.9,image/webp,image/apng,*/*;q=0.8',
  'user-agent' => 'Mozilla/5.0 (Windows NT 10.0; WOW64) AppleWebKit/537.36 (KHTML, like Gecko) Chrome/69.0.3497.81 Safari/537.36',
  'upgrade-insecure-requests' => '1',
  'purpose' => 'prefetch',
  'connection' => 'close',
  'host' => 'www.mytest.com',
)
[ info ] [ PARAM ] array (
  '/admin/index/login' => '',
)
[ info ] [ VIEW ] D:\phpstudy\PHPTutorial\WWW\project\application\admin\view\index\login.html [ array (
  0 => 'user_auth',
) ]
---------------------------------------------------------------
[ 2019-03-04T13:52:38+08:00 ] 127.0.0.1 GET www.mytest.com/admin
[运行时间：0.088974s] [吞吐率：11.24req/s] [内存消耗：2,355.09kb] [文件加载：98]
[ info ] [ LANG ] D:\phpstudy\PHPTutorial\WWW\project\thinkphp\lang\zh-cn.php
[ info ] [ ROUTE ] array (
)
[ info ] [ HEADER ] array (
  'cookie' => 'PHPSESSID=0tn9p8900rpus63h6jl1en2jjv',
  'accept-language' => 'zh-CN,zh;q=0.9',
  'accept-encoding' => 'gzip, deflate',
  'accept' => 'text/html,application/xhtml+xml,application/xml;q=0.9,image/webp,image/apng,*/*;q=0.8',
  'user-agent' => 'Mozilla/5.0 (Windows NT 10.0; WOW64) AppleWebKit/537.36 (KHTML, like Gecko) Chrome/69.0.3497.81 Safari/537.36',
  'upgrade-insecure-requests' => '1',
  'connection' => 'close',
  'host' => 'www.mytest.com',
)
[ info ] [ PARAM ] array (
  '/admin' => '',
)
---------------------------------------------------------------
[ 2019-03-04T13:52:38+08:00 ] 127.0.0.1 GET www.mytest.com/admin/index/login
[运行时间：0.073536s] [吞吐率：13.60req/s] [内存消耗：2,431.97kb] [文件加载：103]
[ info ] [ LANG ] D:\phpstudy\PHPTutorial\WWW\project\thinkphp\lang\zh-cn.php
[ info ] [ ROUTE ] array (
)
[ info ] [ HEADER ] array (
  'cookie' => 'PHPSESSID=0tn9p8900rpus63h6jl1en2jjv',
  'accept-language' => 'zh-CN,zh;q=0.9',
  'accept-encoding' => 'gzip, deflate',
  'accept' => 'text/html,application/xhtml+xml,application/xml;q=0.9,image/webp,image/apng,*/*;q=0.8',
  'user-agent' => 'Mozilla/5.0 (Windows NT 10.0; WOW64) AppleWebKit/537.36 (KHTML, like Gecko) Chrome/69.0.3497.81 Safari/537.36',
  'upgrade-insecure-requests' => '1',
  'connection' => 'close',
  'host' => 'www.mytest.com',
)
[ info ] [ PARAM ] array (
  '/admin/index/login' => '',
)
[ info ] [ VIEW ] D:\phpstudy\PHPTutorial\WWW\project\application\admin\view\index\login.html [ array (
  0 => 'user_auth',
) ]
