---------------------------------------------------------------
[ 2019-03-06T09:15:06+08:00 ] 127.0.0.1 GET www.mytest.com/admin
[运行时间：1.318808s] [吞吐率：0.76req/s] [内存消耗：2,746.77kb] [文件加载：108]
[ info ] [ LANG ] D:\phpstudy\PHPTutorial\WWW\project\thinkphp\lang\zh-cn.php
[ info ] [ ROUTE ] array (
)
[ info ] [ HEADER ] array (
  'cookie' => 'PHPSESSID=abps2a84ohqj2bimpe48oohmib',
  'accept-language' => 'zh-CN,zh;q=0.9',
  'accept-encoding' => 'gzip, deflate',
  'accept' => 'text/html,application/xhtml+xml,application/xml;q=0.9,image/webp,image/apng,*/*;q=0.8',
  'user-agent' => 'Mozilla/5.0 (Windows NT 10.0; WOW64) AppleWebKit/537.36 (KHTML, like Gecko) Chrome/69.0.3497.81 Safari/537.36',
  'upgrade-insecure-requests' => '1',
  'purpose' => 'prefetch',
  'connection' => 'close',
  'host' => 'www.mytest.com',
)
[ info ] [ PARAM ] array (
  '/admin' => '',
)
[ info ] [ VIEW ] D:\phpstudy\PHPTutorial\WWW\project\application\admin\view\index\main.html [ array (
  0 => 'user_auth',
) ]
---------------------------------------------------------------
[ 2019-03-06T10:21:25+08:00 ] 127.0.0.1 GET www.mytest.com/admin
[运行时间：0.095937s] [吞吐率：10.42req/s] [内存消耗：2,746.78kb] [文件加载：108]
[ info ] [ LANG ] D:\phpstudy\PHPTutorial\WWW\project\thinkphp\lang\zh-cn.php
[ info ] [ ROUTE ] array (
)
[ info ] [ HEADER ] array (
  'cookie' => 'PHPSESSID=abps2a84ohqj2bimpe48oohmib',
  'accept-language' => 'zh-CN,zh;q=0.9',
  'accept-encoding' => 'gzip, deflate',
  'accept' => 'text/html,application/xhtml+xml,application/xml;q=0.9,image/webp,image/apng,*/*;q=0.8',
  'user-agent' => 'Mozilla/5.0 (Windows NT 10.0; WOW64) AppleWebKit/537.36 (KHTML, like Gecko) Chrome/69.0.3497.81 Safari/537.36',
  'upgrade-insecure-requests' => '1',
  'purpose' => 'prefetch',
  'connection' => 'close',
  'host' => 'www.mytest.com',
)
[ info ] [ PARAM ] array (
  '/admin' => '',
)
[ info ] [ VIEW ] D:\phpstudy\PHPTutorial\WWW\project\application\admin\view\index\main.html [ array (
  0 => 'user_auth',
) ]
